<?xml version="1.0" encoding="UTF-8"?>
<!-- Generated by org.testng.reporters.JUnitXMLReporter -->
<testsuite ignored="0" hostname="IN-5CG1042LMR" failures="0" tests="5" name="Default test" time="0.386" errors="0" timestamp="2021-07-30T15:43:44 IST">
  <testcase classname="Mccm.Pega.OSF.PegaTest.CaptureResponseTest" name="OSFCaptureResponse_APIcall" time="0.282"/>
  <testcase classname="Mccm.Pega.OSF.PegaTest.CaptureResponseTest" name="OSFCaptureResponse_APIcall" time="0.013"/>
  <testcase classname="Mccm.Pega.OSF.PegaTest.CaptureResponseTest" name="OSFCaptureResponse_APIcall" time="0.013"/>
  <testcase classname="Mccm.Pega.OSF.PegaTest.CaptureResponseTest" name="OSFCaptureResponse_APIcall" time="0.01"/>
  <testcase classname="Mccm.Pega.OSF.PegaTest.CaptureResponseTest" name="OSFCaptureResponse_APIcall" time="0.009"/>
</testsuite> <!-- Default test -->
