<?xml version="1.0" encoding="UTF-8"?>
<!-- Generated by org.testng.reporters.JUnitXMLReporter -->
<testsuite ignored="0" hostname="IN-PF2HW06P" failures="0" tests="5" name="Default test" time="2.411" errors="0" timestamp="2021-07-14T13:41:40 IST">
  <testcase classname="Mccm.Pega.OSF.PegaTest.OSF_GetNBA_ErrorCasesTest" name="VerifyOSFCaptureResponseOutcomeAPIcallSuccessfully" time="1.092"/>
  <testcase classname="Mccm.Pega.OSF.PegaTest.OSF_GetNBA_ErrorCasesTest" name="VerifyOSFCaptureResponseOutcomeAPIcallSuccessfully" time="0.233"/>
  <testcase classname="Mccm.Pega.OSF.PegaTest.OSF_GetNBA_ErrorCasesTest" name="VerifyOSFCaptureResponseOutcomeAPIcallSuccessfully" time="0.225"/>
  <testcase classname="Mccm.Pega.OSF.PegaTest.OSF_GetNBA_ErrorCasesTest" name="VerifyOSFCaptureResponseOutcomeAPIcallSuccessfully" time="0.227"/>
  <testcase classname="Mccm.Pega.OSF.PegaTest.OSF_GetNBA_ErrorCasesTest" name="VerifyOSFCaptureResponseOutcomeAPIcallSuccessfully" time="0.226"/>
</testsuite> <!-- Default test -->
