<?xml version="1.0" encoding="UTF-8"?>
<!-- Generated by org.testng.reporters.JUnitXMLReporter -->
<testsuite ignored="0" hostname="IN-5CG1042LMR" failures="0" tests="5" name="Default test" time="6.525" errors="0" timestamp="2021-07-27T20:28:35 IST">
  <testcase classname="Mccm.Pega.OSF.PegaTest.CaptureResponseTest" name="OSFCaptureResponse_APIcall" time="3.999"/>
  <testcase classname="Mccm.Pega.OSF.PegaTest.CaptureResponseTest" name="OSFCaptureResponse_APIcall" time="0.599"/>
  <testcase classname="Mccm.Pega.OSF.PegaTest.CaptureResponseTest" name="OSFCaptureResponse_APIcall" time="0.609"/>
  <testcase classname="Mccm.Pega.OSF.PegaTest.CaptureResponseTest" name="OSFCaptureResponse_APIcall" time="0.651"/>
  <testcase classname="Mccm.Pega.OSF.PegaTest.CaptureResponseTest" name="OSFCaptureResponse_APIcall" time="0.586"/>
</testsuite> <!-- Default test -->
