<?xml version="1.0" encoding="UTF-8"?>
<!-- Generated by org.testng.reporters.JUnitXMLReporter -->
<testsuite ignored="0" hostname="IN-5CG1042LMR" failures="0" tests="5" name="Default test" time="6.062" errors="0" timestamp="2021-07-29T17:09:56 IST">
  <testcase classname="Mccm.Pega.OSF.PegaTest.CaptureResponseTest" name="OSFCaptureResponse_APIcall" time="3.565"/>
  <testcase classname="Mccm.Pega.OSF.PegaTest.CaptureResponseTest" name="OSFCaptureResponse_APIcall" time="0.637"/>
  <testcase classname="Mccm.Pega.OSF.PegaTest.CaptureResponseTest" name="OSFCaptureResponse_APIcall" time="0.592"/>
  <testcase classname="Mccm.Pega.OSF.PegaTest.CaptureResponseTest" name="OSFCaptureResponse_APIcall" time="0.605"/>
  <testcase classname="Mccm.Pega.OSF.PegaTest.CaptureResponseTest" name="OSFCaptureResponse_APIcall" time="0.586"/>
</testsuite> <!-- Default test -->
