<?xml version="1.0" encoding="UTF-8"?>
<!-- Generated by org.testng.reporters.JUnitXMLReporter -->
<testsuite ignored="0" hostname="IN-5CG1042LMR" failures="0" tests="6" name="Default test" time="0.312" errors="0" timestamp="2021-07-26T15:18:43 IST">
  <testcase classname="Mccm.Pega.OSF.PegaTest.GetNBATest" name="OSFGetNBA_APIcall" time="0.212"/>
  <testcase classname="Mccm.Pega.OSF.PegaTest.GetNBATest" name="OSFGetNBA_APIcall" time="0.013"/>
  <testcase classname="Mccm.Pega.OSF.PegaTest.GetNBATest" name="OSFGetNBA_APIcall" time="0.014"/>
  <testcase classname="Mccm.Pega.OSF.PegaTest.GetNBATest" name="OSFGetNBA_APIcall" time="0.012"/>
  <testcase classname="Mccm.Pega.OSF.PegaTest.GetNBATest" name="OSFGetNBA_APIcall" time="0.012"/>
  <testcase classname="Mccm.Pega.OSF.PegaTest.GetNBATest" name="OSFGetNBA_APIcall" time="0.012"/>
</testsuite> <!-- Default test -->
