<?xml version="1.0" encoding="UTF-8"?>
<!-- Generated by org.testng.reporters.JUnitXMLReporter -->
<testsuite ignored="0" hostname="IN-5CG1042LMR" failures="0" tests="6" name="Default test" time="5.324" errors="0" timestamp="2021-07-27T17:48:26 IST">
  <testcase classname="Mccm.Pega.OSF.PegaTest.ProcessFeebbackTest" name="OSFProcesFeedback_APIcall" time="2.477"/>
  <testcase classname="Mccm.Pega.OSF.PegaTest.ProcessFeebbackTest" name="OSFProcesFeedback_APIcall" time="0.567"/>
  <testcase classname="Mccm.Pega.OSF.PegaTest.ProcessFeebbackTest" name="OSFProcesFeedback_APIcall" time="0.55"/>
  <testcase classname="Mccm.Pega.OSF.PegaTest.ProcessFeebbackTest" name="OSFProcesFeedback_APIcall" time="0.565"/>
  <testcase classname="Mccm.Pega.OSF.PegaTest.ProcessFeebbackTest" name="OSFProcesFeedback_APIcall" time="0.551"/>
  <testcase classname="Mccm.Pega.OSF.PegaTest.ProcessFeebbackTest" name="OSFProcesFeedback_APIcall" time="0.538"/>
</testsuite> <!-- Default test -->
