<?xml version="1.0" encoding="UTF-8"?>
<!-- Generated by org.testng.reporters.JUnitXMLReporter -->
<testsuite ignored="0" hostname="IN-5CG1042LMR" failures="0" tests="2" name="Default test" time="3.942" errors="0" timestamp="2021-07-08T15:00:43 IST">
  <testcase classname="Mccm.Pega.OSF.PegaTest.OSF_ProcessFeedback_ErrorCasesTest" name="VerifyOSFCaptureResponseOutcomeAPIcallSuccessfully" time="2.689"/>
  <testcase classname="Mccm.Pega.OSF.PegaTest.OSF_ProcessFeedback_ErrorCasesTest" name="VerifyOSFCaptureResponseOutcomeAPIcallSuccessfully" time="0.525"/>
</testsuite> <!-- Default test -->
