<?xml version="1.0" encoding="UTF-8"?>
<!-- Generated by org.testng.reporters.JUnitXMLReporter -->
<testsuite ignored="0" hostname="IN-5CG1042LMR" failures="0" tests="6" name="Default test" time="8.797" errors="0" timestamp="2021-07-26T16:31:54 IST">
  <testcase classname="Mccm.Pega.OSF.PegaTest.ProcessFeebbackTest" name="OSFProcesFeedback_APIcall" time="3.834"/>
  <testcase classname="Mccm.Pega.OSF.PegaTest.ProcessFeebbackTest" name="OSFProcesFeedback_APIcall" time="1.084"/>
  <testcase classname="Mccm.Pega.OSF.PegaTest.ProcessFeebbackTest" name="OSFProcesFeedback_APIcall" time="1.179"/>
  <testcase classname="Mccm.Pega.OSF.PegaTest.ProcessFeebbackTest" name="OSFProcesFeedback_APIcall" time="1.196"/>
  <testcase classname="Mccm.Pega.OSF.PegaTest.ProcessFeebbackTest" name="OSFProcesFeedback_APIcall" time="0.735"/>
  <testcase classname="Mccm.Pega.OSF.PegaTest.ProcessFeebbackTest" name="OSFProcesFeedback_APIcall" time="0.726"/>
</testsuite> <!-- Default test -->
