<?xml version="1.0" encoding="UTF-8"?>
<!-- Generated by org.testng.reporters.JUnitXMLReporter -->
<testsuite ignored="0" hostname="IN-5CG1042LMR" failures="0" tests="3" name="Default test" time="4.344" errors="0" timestamp="2021-07-15T13:57:19 IST">
  <testcase classname="Mccm.Pega.OSF.PegaTest.OSF_API_InvalidHeaders_ErrorCasesTest" name="VerifyOSFOutcomeAPIcallSuccessfully" time="2.516"/>
  <testcase classname="Mccm.Pega.OSF.PegaTest.OSF_API_InvalidHeaders_ErrorCasesTest" name="VerifyOSFOutcomeAPIcallSuccessfully" time="0.576"/>
  <testcase classname="Mccm.Pega.OSF.PegaTest.OSF_API_InvalidHeaders_ErrorCasesTest" name="VerifyOSFOutcomeAPIcallSuccessfully" time="0.558"/>
</testsuite> <!-- Default test -->
