<?xml version="1.0" encoding="UTF-8"?>
<!-- Generated by org.testng.reporters.JUnitXMLReporter -->
<testsuite hostname="IN5CD94237KD" ignored="0" name="Pega Generated Extract Channel File Regression Test" tests="1" failures="0" timestamp="2021-02-04T19:29:17 IST" time="0.004" errors="0">
  <testcase name="VerifyExtractChannelFileCheckSuccessfully" time="0.0" classname="Mccm.Pega.Outbound.PegaTest.ExtractChannelFileTest">
    <skipped/>
  </testcase> <!-- VerifyExtractChannelFileCheckSuccessfully -->
</testsuite> <!-- Pega Generated Extract Channel File Regression Test -->
