<?xml version="1.0" encoding="UTF-8"?>
<!-- Generated by org.testng.reporters.JUnitXMLReporter -->
<testsuite hostname="IN5CD94237KD" ignored="0" name="Pega Dynamic System Setting Regression Test" tests="5" failures="0" timestamp="2021-06-11T17:49:31 IST" time="184.53" errors="0">
  <testcase name="VerifyPegaApplicationLoginPageTitleTest" time="0.007" classname="Mccm.Pega.Outbound.PegaTest.LoginPageTest"/>
  <testcase name="VerifyPegaApplicationPegaLogoTest" time="0.077" classname="Mccm.Pega.Outbound.PegaTest.LoginPageTest"/>
  <testcase name="VerifyPegaApplicationLoginSuccessfulTest" time="7.014" classname="Mccm.Pega.Outbound.PegaTest.LoginPageTest"/>
  <testcase name="VerifyOutboundOracleCansadraDataLoadedSuccessfully" time="42.935" classname="Mccm.Pega.Outbound.PegaTest.DataLoadDetailsTest"/>
  <testcase name="VerifyOutboundDynamicSystemSettingSuccessfully" time="80.723" classname="Mccm.Pega.Outbound.PegaTest.HomePageTest"/>
</testsuite> <!-- Pega Dynamic System Setting Regression Test -->
