<?xml version="1.0" encoding="UTF-8"?>
<!-- Generated by org.testng.reporters.JUnitXMLReporter -->
<testsuite hostname="INSGH045PMS0" ignored="0" name="Pega NBA DB Config Completed Regression Test" tests="1" failures="1" timestamp="2021-01-12T12:50:50 IST" time="103.43" errors="0">
  <testcase name="VerifyDBConfigurationCampRunidValidationSuccessfully" time="79.129" classname="Mccm.Pega.Outbound.PegaTest.DBConfigValdtnTest">
    <failure type="java.lang.AssertionError" message="expected [PR-18801] but found [PR-18798]">
      <![CDATA[java.lang.AssertionError: expected [PR-18801] but found [PR-18798]
at Mccm.Pega.Outbound.PegaMain.DBConfigValdtn.CampRunidValidation(DBConfigValdtn.java:180)
at Mccm.Pega.Outbound.PegaTest.DBConfigValdtnTest.VerifyDBConfigurationCampRunidValidationSuccessfully(DBConfigValdtnTest.java:52)
at java.util.ArrayList.forEach(Unknown Source)
at TestRuner.MccmTestRunner.main(MccmTestRunner.java:30)
... Removed 29 stack frames]]>
    </failure>
  </testcase> <!-- VerifyDBConfigurationCampRunidValidationSuccessfully -->
</testsuite> <!-- Pega NBA DB Config Completed Regression Test -->
