<?xml version="1.0" encoding="UTF-8"?>
<!-- Generated by org.testng.reporters.JUnitXMLReporter -->
<testsuite hostname="IN5CD94237KD" ignored="0" name="Pega NBACampaign Batch Process Completed Regression Test" tests="1" failures="0" timestamp="2021-04-08T14:55:28 IST" time="755.428" errors="0">
  <testcase name="@BeforeMethod setup" time="754.343" classname="Mccm.Pega.Outbound.PegaTest.NBAOutboundValdtnTest">
    <failure type="java.lang.OutOfMemoryError" message="Java heap space">
      <![CDATA[java.lang.OutOfMemoryError: Java heap space
]]>
    </failure>
  </testcase> <!-- @BeforeMethod setup -->
  <testcase name="@AfterMethod teardown" time="-1.617873928156E9" classname="Mccm.Pega.Outbound.PegaTest.NBAOutboundValdtnTest">
    <skipped/>
  </testcase> <!-- @AfterMethod teardown -->
  <testcase name="VerifyOutboundNBABatchProcessCompletedSuccessfully" time="0.0" classname="Mccm.Pega.Outbound.PegaTest.NBAOutboundValdtnTest">
    <skipped/>
  </testcase> <!-- VerifyOutboundNBABatchProcessCompletedSuccessfully -->
</testsuite> <!-- Pega NBACampaign Batch Process Completed Regression Test -->
