<?xml version="1.0" encoding="UTF-8"?>
<!-- Generated by org.testng.reporters.JUnitXMLReporter -->
<testsuite hostname="INSGH045PMS0" ignored="0" name="Pega Dynamic System Setting Regression Test" tests="3" failures="1" timestamp="2020-12-22T20:49:45 IST" time="35.034" errors="0">
  <testcase name="VerifyLoginPageTitleTest" time="0.186" classname="Mccm.Pega.Outbound.PegaTest.LoginPageTest">
    <failure type="java.lang.AssertionError" message="expected [Pega Platform1] but found [Pega Platform]">
      <![CDATA[java.lang.AssertionError: expected [Pega Platform1] but found [Pega Platform]
at Mccm.Pega.Outbound.PegaTest.LoginPageTest.VerifyLoginPageTitleTest(LoginPageTest.java:38)
at java.util.ArrayList.forEach(ArrayList.java:1257)
... Removed 32 stack frames]]>
    </failure>
  </testcase> <!-- VerifyLoginPageTitleTest -->
  <testcase name="VerifyPegaLogoTest" time="0.1" classname="Mccm.Pega.Outbound.PegaTest.LoginPageTest"/>
  <testcase name="VerifyLoginSuccessfulTest" time="10.203" classname="Mccm.Pega.Outbound.PegaTest.LoginPageTest"/>
</testsuite> <!-- Pega Dynamic System Setting Regression Test -->
