<?xml version="1.0" encoding="UTF-8"?>
<!-- Generated by org.testng.reporters.JUnitXMLReporter -->
<testsuite hostname="IN5CD94237KD" ignored="0" name="Pega Dynamic System Setting Regression Test" tests="5" failures="0" timestamp="2021-02-04T19:29:16 IST" time="0.016" errors="0">
  <testcase name="VerifyLoginPageTitleTest" time="0.0" classname="Mccm.Pega.Outbound.PegaTest.LoginPageTest">
    <skipped/>
  </testcase> <!-- VerifyLoginPageTitleTest -->
  <testcase name="VerifyPegaLogoTest" time="0.0" classname="Mccm.Pega.Outbound.PegaTest.LoginPageTest">
    <skipped/>
  </testcase> <!-- VerifyPegaLogoTest -->
  <testcase name="VerifyLoginSuccessfulTest" time="0.0" classname="Mccm.Pega.Outbound.PegaTest.LoginPageTest">
    <skipped/>
  </testcase> <!-- VerifyLoginSuccessfulTest -->
  <testcase name="VerifyOracleCansadraDataLoadedSuccessfully" time="0.0" classname="Mccm.Pega.Outbound.PegaTest.DataLoadDetailsTest">
    <skipped/>
  </testcase> <!-- VerifyOracleCansadraDataLoadedSuccessfully -->
  <testcase name="VerifyDynamicSystemSettingSuccessfully" time="0.0" classname="Mccm.Pega.Outbound.PegaTest.HomePageTest">
    <skipped/>
  </testcase> <!-- VerifyDynamicSystemSettingSuccessfully -->
</testsuite> <!-- Pega Dynamic System Setting Regression Test -->
