<?xml version="1.0" encoding="UTF-8"?>
<!-- Generated by org.testng.reporters.JUnitXMLReporter -->
<testsuite hostname="INSGH045PMS0" ignored="0" name="Pega NBA DB Config Completed Regression Test" tests="1" failures="1" timestamp="2020-10-15T17:49:20 IST" time="219.127" errors="0">
  <testcase name="VerifyDBConfigurationSuccessfully" time="174.949" classname="Mccm.Pega.Outbound.PegaTest.DBConfigValdtnTest">
    <failure type="java.lang.AssertionError" message="expected [PR-10423] but found [PR-8199]">
      <![CDATA[java.lang.AssertionError: expected [PR-10423] but found [PR-8199]
at Mccm.Pega.Outbound.PegaMain.DBConfigValdtn.CampRunidValidation(DBConfigValdtn.java:174)
at Mccm.Pega.Outbound.PegaTest.DBConfigValdtnTest.VerifyDBConfigurationSuccessfully(DBConfigValdtnTest.java:52)
at java.util.ArrayList.forEach(ArrayList.java:1257)
... Removed 32 stack frames]]>
    </failure>
  </testcase> <!-- VerifyDBConfigurationSuccessfully -->
</testsuite> <!-- Pega NBA DB Config Completed Regression Test -->
