<?xml version="1.0" encoding="UTF-8"?>
<!-- Generated by org.testng.reporters.JUnitXMLReporter -->
<testsuite hostname="IN5CD94237KD" ignored="0" name="Pega NBACampaign Batch Process Completed Regression Test" tests="1" failures="1" timestamp="2021-06-24T13:52:58 IST" time="135.157" errors="0">
  <testcase name="VerifyOutboundNBABatchProcessCompletedSuccessfully" time="80.117" classname="Mccm.Pega.Outbound.PegaTest.NBAOutboundValdtnTest">
    <failure type="java.lang.AssertionError" message="expected [PR-28984] but found [PR-28683]">
      <![CDATA[java.lang.AssertionError: expected [PR-28984] but found [PR-28683]
at Mccm.Pega.Outbound.PegaMain.NBAOutboundValdtn.CampRUNid(NBAOutboundValdtn.java:194)
at Mccm.Pega.Outbound.PegaTest.NBAOutboundValdtnTest.VerifyOutboundNBABatchProcessCompletedSuccessfully(NBAOutboundValdtnTest.java:52)
at java.util.ArrayList.forEach(ArrayList.java:1259)
... Removed 32 stack frames]]>
    </failure>
  </testcase> <!-- VerifyOutboundNBABatchProcessCompletedSuccessfully -->
</testsuite> <!-- Pega NBACampaign Batch Process Completed Regression Test -->
