<?xml version="1.0" encoding="UTF-8"?>
<!-- Generated by org.testng.reporters.JUnitXMLReporter -->
<testsuite hostname="IN5CD94237KD" ignored="0" name="Pega Generated Extract Channel File Regression Test" tests="1" failures="0" timestamp="2021-03-25T17:36:01 IST" time="84.586" errors="0">
  <testcase name="@BeforeMethod setup" time="83.89" classname="Mccm.Pega.Outbound.PegaTest.ExtractChannelFileTest">
    <failure type="java.lang.OutOfMemoryError" message="GC overhead limit exceeded">
      <![CDATA[java.lang.OutOfMemoryError: GC overhead limit exceeded
at com.sun.org.apache.xerces.internal.dom.DeferredDocumentImpl.getNodeObject(DeferredDocumentImpl.java:937)
at com.sun.org.apache.xerces.internal.dom.DeferredElementNSImpl.synchronizeData(DeferredElementNSImpl.java:127)
at com.sun.org.apache.xerces.internal.dom.ElementNSImpl.getNamespaceURI(ElementNSImpl.java:251)
at org.apache.xmlbeans.impl.store.Locale.loadNode(Locale.java:1420)
at org.apache.xmlbeans.impl.store.Locale.loadNodeChildren(Locale.java:1403)
at org.apache.xmlbeans.impl.store.Locale.loadNode(Locale.java:1445)
at org.apache.xmlbeans.impl.store.Locale.loadNodeChildren(Locale.java:1403)
at org.apache.xmlbeans.impl.store.Locale.loadNode(Locale.java:1445)
at org.apache.xmlbeans.impl.store.Locale.parseToXmlObject(Locale.java:1385)
at org.apache.xmlbeans.impl.store.Locale.parseToXmlObject(Locale.java:1370)
at org.apache.xmlbeans.impl.schema.SchemaTypeLoaderBase.parse(SchemaTypeLoaderBase.java:370)
at org.apache.poi.POIXMLTypeLoader.parse(POIXMLTypeLoader.java:164)
at org.openxmlformats.schemas.spreadsheetml.x2006.main.WorksheetDocument$Factory.parse(Unknown Source)
at org.apache.poi.xssf.usermodel.XSSFSheet.read(XSSFSheet.java:226)
at org.apache.poi.xssf.usermodel.XSSFSheet.onDocumentRead(XSSFSheet.java:218)
at org.apache.poi.xssf.usermodel.XSSFWorkbook.parseSheet(XSSFWorkbook.java:443)
at org.apache.poi.xssf.usermodel.XSSFWorkbook.onDocumentRead(XSSFWorkbook.java:408)
at org.apache.poi.POIXMLDocument.load(POIXMLDocument.java:169)
at org.apache.poi.xssf.usermodel.XSSFWorkbook.<init>(XSSFWorkbook.java:300)
at Mccm.Pega.excel.utility.Excel_Reader.<init>(Excel_Reader.java:36)
at Mccm.Pega.Outbound.PegaMain.ExtractChannelFile.<init>(ExtractChannelFile.java:68)
at Mccm.Pega.Outbound.PegaTest.ExtractChannelFileTest.setup(ExtractChannelFileTest.java:34)
... Removed 10 stack frames]]>
    </failure>
  </testcase> <!-- @BeforeMethod setup -->
  <testcase name="@AfterMethod teardown" time="-1.616673961428E9" classname="Mccm.Pega.Outbound.PegaTest.ExtractChannelFileTest">
    <skipped/>
  </testcase> <!-- @AfterMethod teardown -->
  <testcase name="VerifyOutboundExtractChannelFileCheckSuccessfully" time="0.0" classname="Mccm.Pega.Outbound.PegaTest.ExtractChannelFileTest">
    <skipped/>
  </testcase> <!-- VerifyOutboundExtractChannelFileCheckSuccessfully -->
</testsuite> <!-- Pega Generated Extract Channel File Regression Test -->
