<?xml version="1.0" encoding="UTF-8"?>
<!-- Generated by org.testng.reporters.JUnitXMLReporter -->
<testsuite hostname="INSGH045PMS0" ignored="0" name="Pega Generated Extract Channel File Regression Test" tests="1" failures="0" timestamp="2021-01-18T12:59:45 IST" time="28.373" errors="0">
  <testcase name="VerifyExtractChannelFileCheckSuccessfully" time="0.0" classname="Mccm.Pega.Outbound.PegaTest.ExtractChannelFileTest">
    <skipped/>
  </testcase> <!-- VerifyExtractChannelFileCheckSuccessfully -->
</testsuite> <!-- Pega Generated Extract Channel File Regression Test -->
