<?xml version="1.0" encoding="UTF-8"?>
<!-- Generated by org.testng.reporters.JUnitXMLReporter -->
<testsuite hostname="INSGH045PMS0" ignored="0" name="Pega NBACampaign Batch Process Completed Regression Test" tests="1" failures="1" timestamp="2021-01-18T13:00:56 IST" time="70.749" errors="0">
  <testcase name="VerifyNBABatchProcessCompletedSuccessfully" time="36.603" classname="Mccm.Pega.Outbound.PegaTest.NBAOutboundValdtnTest">
    <failure type="java.lang.AssertionError" message="expected [PR-18801] but found [PR-19158]">
      <![CDATA[java.lang.AssertionError: expected [PR-18801] but found [PR-19158]
at Mccm.Pega.Outbound.PegaMain.NBAOutboundValdtn.CampRUNid(NBAOutboundValdtn.java:192)
at Mccm.Pega.Outbound.PegaTest.NBAOutboundValdtnTest.VerifyNBABatchProcessCompletedSuccessfully(NBAOutboundValdtnTest.java:52)
at java.util.ArrayList.forEach(ArrayList.java:1257)
at ExecutionUSECase.MainClass.main(MainClass.java:27)
... Removed 29 stack frames]]>
    </failure>
  </testcase> <!-- VerifyNBABatchProcessCompletedSuccessfully -->
</testsuite> <!-- Pega NBACampaign Batch Process Completed Regression Test -->
