<?xml version="1.0" encoding="UTF-8"?>
<!-- Generated by org.testng.reporters.JUnitXMLReporter -->
<testsuite hostname="IN5CD94237KD" ignored="0" name="Pega Dynamic System Setting Regression Test" tests="5" failures="0" timestamp="2021-02-04T17:06:32 IST" time="261.558" errors="0">
  <testcase name="VerifyLoginPageTitleTest" time="0.007" classname="Mccm.Pega.Outbound.PegaTest.LoginPageTest"/>
  <testcase name="VerifyPegaLogoTest" time="0.049" classname="Mccm.Pega.Outbound.PegaTest.LoginPageTest"/>
  <testcase name="VerifyLoginSuccessfulTest" time="34.415" classname="Mccm.Pega.Outbound.PegaTest.LoginPageTest"/>
  <testcase name="VerifyOracleCansadraDataLoadedSuccessfully" time="0.0" classname="Mccm.Pega.Outbound.PegaTest.DataLoadDetailsTest">
    <skipped/>
  </testcase> <!-- VerifyOracleCansadraDataLoadedSuccessfully -->
  <testcase name="VerifyDynamicSystemSettingSuccessfully" time="0.0" classname="Mccm.Pega.Outbound.PegaTest.HomePageTest">
    <skipped/>
  </testcase> <!-- VerifyDynamicSystemSettingSuccessfully -->
</testsuite> <!-- Pega Dynamic System Setting Regression Test -->
