<?xml version="1.0" encoding="UTF-8"?>
<!-- Generated by org.testng.reporters.JUnitXMLReporter -->
<testsuite hostname="IN5CD94237KD" ignored="0" name="Pega Dynamic System Setting Regression Test" tests="5" failures="1" timestamp="2021-06-18T10:30:56 IST" time="395.212" errors="0">
  <testcase name="VerifyPegaApplicationLoginPageTitleTest" time="0.015" classname="Mccm.Pega.Outbound.PegaTest.LoginPageTest"/>
  <testcase name="VerifyPegaApplicationPegaLogoTest" time="0.064" classname="Mccm.Pega.Outbound.PegaTest.LoginPageTest"/>
  <testcase name="VerifyPegaApplicationLoginSuccessfulTest" time="33.257" classname="Mccm.Pega.Outbound.PegaTest.LoginPageTest"/>
  <testcase name="VerifyOutboundOracleCansadraDataLoadedSuccessfully" time="70.582" classname="Mccm.Pega.Outbound.PegaTest.DataLoadDetailsTest">
    <failure type="java.lang.AssertionError" message="expected [Y] but found [N]">
      <![CDATA[java.lang.AssertionError: expected [Y] but found [N]
at Mccm.Pega.Outbound.PegaMain.DataLoadDetails.DataLoadCmpltdCsndra(DataLoadDetails.java:184)
at Mccm.Pega.Outbound.PegaTest.DataLoadDetailsTest.VerifyOutboundOracleCansadraDataLoadedSuccessfully(DataLoadDetailsTest.java:88)
at java.util.ArrayList.forEach(ArrayList.java:1259)
... Removed 32 stack frames]]>
    </failure>
  </testcase> <!-- VerifyOutboundOracleCansadraDataLoadedSuccessfully -->
  <testcase name="VerifyOutboundDynamicSystemSettingSuccessfully" time="188.082" classname="Mccm.Pega.Outbound.PegaTest.HomePageTest"/>
</testsuite> <!-- Pega Dynamic System Setting Regression Test -->
