<?xml version="1.0" encoding="UTF-8"?>
<!-- Generated by org.testng.reporters.JUnitXMLReporter -->
<testsuite hostname="IN5CD94237KD" ignored="0" name="Pega Generated Extract Channel File Regression Test" tests="1" failures="0" timestamp="2021-06-24T13:50:43 IST" time="94.938" errors="0">
  <testcase name="VerifyOutboundExtractChannelFileCheckSuccessfully" time="61.117" classname="Mccm.Pega.Outbound.PegaTest.ExtractChannelFileTest"/>
</testsuite> <!-- Pega Generated Extract Channel File Regression Test -->
