<?xml version="1.0" encoding="UTF-8"?>
<!-- Generated by org.testng.reporters.JUnitXMLReporter -->
<testsuite hostname="IN5CD94237KD" ignored="0" name="Pega NBACampaign Batch Process Completed Regression Test" tests="1" failures="0" timestamp="2021-02-04T19:29:17 IST" time="0.004" errors="0">
  <testcase name="@BeforeMethod setup" time="0.002" classname="Mccm.Pega.Outbound.PegaTest.NBAOutboundValdtnTest">
    <failure type="java.lang.IllegalStateException" message="The driver executable does not exist: C:\usr\bin\chromedriver">
      <![CDATA[java.lang.IllegalStateException: The driver executable does not exist: C:\usr\bin\chromedriver
at com.google.common.base.Preconditions.checkState(Preconditions.java:534)
at org.openqa.selenium.remote.service.DriverService.checkExecutable(DriverService.java:146)
at org.openqa.selenium.remote.service.DriverService.findExecutable(DriverService.java:141)
at org.openqa.selenium.chrome.ChromeDriverService.access$000(ChromeDriverService.java:35)
at org.openqa.selenium.chrome.ChromeDriverService$Builder.findDefaultExecutable(ChromeDriverService.java:159)
at org.openqa.selenium.remote.service.DriverService$Builder.build(DriverService.java:355)
at org.openqa.selenium.chrome.ChromeDriverService.createDefaultService(ChromeDriverService.java:94)
at org.openqa.selenium.chrome.ChromeDriver.<init>(ChromeDriver.java:157)
at Mccm.Pega.Outbound.PegaTestBase.TestBase.initialization(TestBase.java:134)
at Mccm.Pega.Outbound.PegaTest.NBAOutboundValdtnTest.setup(NBAOutboundValdtnTest.java:30)
at java.util.ArrayList.forEach(ArrayList.java:1257)
at ExecutionUSECase.MainClass.main(MainClass.java:32)
... Removed 28 stack frames]]>
    </failure>
  </testcase> <!-- @BeforeMethod setup -->
  <testcase name="@AfterMethod teardown" time="-1.612447157414E9" classname="Mccm.Pega.Outbound.PegaTest.NBAOutboundValdtnTest">
    <skipped/>
  </testcase> <!-- @AfterMethod teardown -->
  <testcase name="VerifyNBABatchProcessCompletedSuccessfully" time="0.0" classname="Mccm.Pega.Outbound.PegaTest.NBAOutboundValdtnTest">
    <skipped/>
  </testcase> <!-- VerifyNBABatchProcessCompletedSuccessfully -->
</testsuite> <!-- Pega NBACampaign Batch Process Completed Regression Test -->
