<?xml version="1.0" encoding="UTF-8"?>
<!-- Generated by org.testng.reporters.JUnitXMLReporter -->
<testsuite hostname="IN5CD94237KD" ignored="0" name="Pega Dynamic System Setting Regression Test" tests="5" failures="0" timestamp="2021-04-08T14:19:55 IST" time="1092.389" errors="0">
  <testcase name="@BeforeMethod setup" time="582.836" classname="Mccm.Pega.Outbound.PegaTest.DataLoadDetailsTest">
    <failure type="java.lang.OutOfMemoryError" message="Java heap space">
      <![CDATA[java.lang.OutOfMemoryError: Java heap space
at com.sun.org.apache.xerces.internal.dom.DeferredDocumentImpl.getNodeObject(DeferredDocumentImpl.java:937)
at com.sun.org.apache.xerces.internal.dom.DeferredElementNSImpl.synchronizeData(DeferredElementNSImpl.java:127)
at com.sun.org.apache.xerces.internal.dom.ElementNSImpl.getNamespaceURI(ElementNSImpl.java:251)
at org.apache.xmlbeans.impl.store.Locale.loadNode(Locale.java:1420)
at org.apache.xmlbeans.impl.store.Locale.loadNodeChildren(Locale.java:1403)
at org.apache.xmlbeans.impl.store.Locale.loadNode(Locale.java:1445)
at org.apache.xmlbeans.impl.store.Locale.loadNodeChildren(Locale.java:1403)
at org.apache.xmlbeans.impl.store.Locale.loadNode(Locale.java:1445)
at org.apache.xmlbeans.impl.store.Locale.parseToXmlObject(Locale.java:1385)
at org.apache.xmlbeans.impl.store.Locale.parseToXmlObject(Locale.java:1370)
at org.apache.xmlbeans.impl.schema.SchemaTypeLoaderBase.parse(SchemaTypeLoaderBase.java:370)
at org.apache.poi.POIXMLTypeLoader.parse(POIXMLTypeLoader.java:164)
at org.openxmlformats.schemas.spreadsheetml.x2006.main.WorksheetDocument$Factory.parse(Unknown Source)
at org.apache.poi.xssf.usermodel.XSSFSheet.read(XSSFSheet.java:226)
at org.apache.poi.xssf.usermodel.XSSFSheet.onDocumentRead(XSSFSheet.java:218)
at org.apache.poi.xssf.usermodel.XSSFWorkbook.parseSheet(XSSFWorkbook.java:443)
at org.apache.poi.xssf.usermodel.XSSFWorkbook.onDocumentRead(XSSFWorkbook.java:408)
at org.apache.poi.POIXMLDocument.load(POIXMLDocument.java:169)
at org.apache.poi.xssf.usermodel.XSSFWorkbook.<init>(XSSFWorkbook.java:300)
at Mccm.Pega.excel.utility.Excel_Reader.<init>(Excel_Reader.java:36)
at Mccm.Pega.Outbound.PegaMain.DataLoadDetails.<init>(DataLoadDetails.java:67)
at Mccm.Pega.Outbound.PegaMain.HomePage.DataLoadValidation(HomePage.java:48)
at Mccm.Pega.Outbound.PegaTest.DataLoadDetailsTest.setup(DataLoadDetailsTest.java:70)
... Removed 9 stack frames]]>
    </failure>
  </testcase> <!-- @BeforeMethod setup -->
  <testcase name="@AfterMethod teardown" time="-1.61787132652E9" classname="Mccm.Pega.Outbound.PegaTest.DataLoadDetailsTest">
    <skipped/>
  </testcase> <!-- @AfterMethod teardown -->
  <testcase name="@BeforeMethod setup" time="469.368" classname="Mccm.Pega.Outbound.PegaTest.HomePageTest">
    <failure type="java.lang.OutOfMemoryError" message="Java heap space">
      <![CDATA[java.lang.OutOfMemoryError: Java heap space
at com.sun.org.apache.xerces.internal.dom.DeferredDocumentImpl.getNodeObject(DeferredDocumentImpl.java:937)
at com.sun.org.apache.xerces.internal.dom.DeferredElementNSImpl.synchronizeData(DeferredElementNSImpl.java:127)
at com.sun.org.apache.xerces.internal.dom.ElementNSImpl.getNamespaceURI(ElementNSImpl.java:251)
at org.apache.xmlbeans.impl.store.Locale.loadNode(Locale.java:1420)
at org.apache.xmlbeans.impl.store.Locale.loadNodeChildren(Locale.java:1403)
at org.apache.xmlbeans.impl.store.Locale.loadNode(Locale.java:1445)
at org.apache.xmlbeans.impl.store.Locale.loadNodeChildren(Locale.java:1403)
at org.apache.xmlbeans.impl.store.Locale.loadNode(Locale.java:1445)
at org.apache.xmlbeans.impl.store.Locale.parseToXmlObject(Locale.java:1385)
at org.apache.xmlbeans.impl.store.Locale.parseToXmlObject(Locale.java:1370)
at org.apache.xmlbeans.impl.schema.SchemaTypeLoaderBase.parse(SchemaTypeLoaderBase.java:370)
at org.apache.poi.POIXMLTypeLoader.parse(POIXMLTypeLoader.java:164)
at org.openxmlformats.schemas.spreadsheetml.x2006.main.WorksheetDocument$Factory.parse(Unknown Source)
at org.apache.poi.xssf.usermodel.XSSFSheet.read(XSSFSheet.java:226)
at org.apache.poi.xssf.usermodel.XSSFSheet.onDocumentRead(XSSFSheet.java:218)
at org.apache.poi.xssf.usermodel.XSSFWorkbook.parseSheet(XSSFWorkbook.java:443)
at org.apache.poi.xssf.usermodel.XSSFWorkbook.onDocumentRead(XSSFWorkbook.java:408)
at org.apache.poi.POIXMLDocument.load(POIXMLDocument.java:169)
at org.apache.poi.xssf.usermodel.XSSFWorkbook.<init>(XSSFWorkbook.java:300)
at Mccm.Pega.excel.utility.Excel_Reader.<init>(Excel_Reader.java:36)
at Mccm.Pega.Outbound.PegaMain.HomePageDetails.<init>(HomePageDetails.java:111)
at Mccm.Pega.Outbound.PegaTest.HomePageTest.setup(HomePageTest.java:34)
... Removed 10 stack frames]]>
    </failure>
  </testcase> <!-- @BeforeMethod setup -->
  <testcase name="@AfterMethod teardown" time="-1.617871795889E9" classname="Mccm.Pega.Outbound.PegaTest.HomePageTest">
    <skipped/>
  </testcase> <!-- @AfterMethod teardown -->
  <testcase name="VerifyPegaApplicationLoginPageTitleTest" time="0.009" classname="Mccm.Pega.Outbound.PegaTest.LoginPageTest"/>
  <testcase name="VerifyPegaApplicationPegaLogoTest" time="0.043" classname="Mccm.Pega.Outbound.PegaTest.LoginPageTest"/>
  <testcase name="VerifyPegaApplicationLoginSuccessfulTest" time="24.218" classname="Mccm.Pega.Outbound.PegaTest.LoginPageTest"/>
  <testcase name="VerifyOutboundOracleCansadraDataLoadedSuccessfully" time="0.0" classname="Mccm.Pega.Outbound.PegaTest.DataLoadDetailsTest">
    <skipped/>
  </testcase> <!-- VerifyOutboundOracleCansadraDataLoadedSuccessfully -->
  <testcase name="VerifyOutboundDynamicSystemSettingSuccessfully" time="0.0" classname="Mccm.Pega.Outbound.PegaTest.HomePageTest">
    <skipped/>
  </testcase> <!-- VerifyOutboundDynamicSystemSettingSuccessfully -->
</testsuite> <!-- Pega Dynamic System Setting Regression Test -->
