<?xml version="1.0" encoding="UTF-8"?>
<!-- Generated by org.testng.reporters.JUnitXMLReporter -->
<testsuite hostname="INSGH045PMS0" ignored="0" name="Pega Dynamic System Setting Regression Test" tests="4" failures="2" timestamp="2020-12-16T20:32:19 IST" time="109.015" errors="0">
  <testcase name="VerifyLoginPageTitleTest" time="0.239" classname="Mccm.Pega.Outbound.PegaTest.LoginPageTest">
    <failure type="java.lang.AssertionError" message="expected [Pega Platform1] but found [Pega Platform]">
      <![CDATA[java.lang.AssertionError: expected [Pega Platform1] but found [Pega Platform]
at Mccm.Pega.Outbound.PegaTest.LoginPageTest.VerifyLoginPageTitleTest(LoginPageTest.java:38)
at java.util.ArrayList.forEach(ArrayList.java:1257)
... Removed 32 stack frames]]>
    </failure>
  </testcase> <!-- VerifyLoginPageTitleTest -->
  <testcase name="VerifyPegaLogoTest" time="0.118" classname="Mccm.Pega.Outbound.PegaTest.LoginPageTest"/>
  <testcase name="VerifyLoginSuccessfulTest" time="14.144" classname="Mccm.Pega.Outbound.PegaTest.LoginPageTest"/>
  <testcase name="VerifyOracleCansadraDataLoadedSuccessfully" time="38.041" classname="Mccm.Pega.Outbound.PegaTest.DataLoadDetailsTest">
    <failure type="java.lang.AssertionError" message="expected [Y] but found [N]">
      <![CDATA[java.lang.AssertionError: expected [Y] but found [N]
at Mccm.Pega.Outbound.PegaMain.DataLoadDetails.DataLoadCmpltdOracle(DataLoadDetails.java:195)
at Mccm.Pega.Outbound.PegaTest.DataLoadDetailsTest.VerifyOracleCansadraDataLoadedSuccessfully(DataLoadDetailsTest.java:111)
at java.util.ArrayList.forEach(ArrayList.java:1257)
... Removed 32 stack frames]]>
    </failure>
  </testcase> <!-- VerifyOracleCansadraDataLoadedSuccessfully -->
</testsuite> <!-- Pega Dynamic System Setting Regression Test -->
