<?xml version="1.0" encoding="UTF-8"?>
<!-- Generated by org.testng.reporters.JUnitXMLReporter -->
<testsuite hostname="IN5CD94237KD" ignored="0" name="Pega Dynamic System Setting Regression Test" tests="5" failures="1" timestamp="2021-06-28T18:14:38 IST" time="369.842" errors="0">
  <testcase name="VerifyPegaApplicationLoginPageTitleTest" time="0.012" classname="Mccm.Pega.Outbound.PegaTest.LoginPageTest"/>
  <testcase name="VerifyPegaApplicationPegaLogoTest" time="0.037" classname="Mccm.Pega.Outbound.PegaTest.LoginPageTest"/>
  <testcase name="VerifyPegaApplicationLoginSuccessfulTest" time="34.842" classname="Mccm.Pega.Outbound.PegaTest.LoginPageTest"/>
  <testcase name="VerifyOutboundOracleCansadraDataLoadedSuccessfully" time="82.926" classname="Mccm.Pega.Outbound.PegaTest.DataLoadDetailsTest">
    <failure type="java.lang.AssertionError" message="expected [Y] but found [N]">
      <![CDATA[java.lang.AssertionError: expected [Y] but found [N]
at Mccm.Pega.Outbound.PegaMain.DataLoadDetails.DataLoadCmpltdOracle(DataLoadDetails.java:203)
at Mccm.Pega.Outbound.PegaTest.DataLoadDetailsTest.VerifyOutboundOracleCansadraDataLoadedSuccessfully(DataLoadDetailsTest.java:87)
at java.util.ArrayList.forEach(ArrayList.java:1259)
... Removed 32 stack frames]]>
    </failure>
  </testcase> <!-- VerifyOutboundOracleCansadraDataLoadedSuccessfully -->
  <testcase name="VerifyOutboundDynamicSystemSettingSuccessfully" time="152.156" classname="Mccm.Pega.Outbound.PegaTest.HomePageTest"/>
</testsuite> <!-- Pega Dynamic System Setting Regression Test -->
