<?xml version="1.0" encoding="UTF-8"?>
<!-- Generated by org.testng.reporters.JUnitXMLReporter -->
<testsuite hostname="INSGH045PMS0" ignored="0" name="Pega Dynamic System Setting Regression Test" tests="5" failures="1" timestamp="2021-01-12T12:36:12 IST" time="202.012" errors="0">
  <testcase name="VerifyLoginPageTitleTest" time="0.01" classname="Mccm.Pega.Outbound.PegaTest.LoginPageTest"/>
  <testcase name="VerifyPegaLogoTest" time="0.07" classname="Mccm.Pega.Outbound.PegaTest.LoginPageTest"/>
  <testcase name="VerifyLoginSuccessfulTest" time="7.108" classname="Mccm.Pega.Outbound.PegaTest.LoginPageTest"/>
  <testcase name="VerifyOracleCansadraDataLoadedSuccessfully" time="33.265" classname="Mccm.Pega.Outbound.PegaTest.DataLoadDetailsTest">
    <failure type="java.lang.AssertionError" message="expected [Y] but found [N]">
      <![CDATA[java.lang.AssertionError: expected [Y] but found [N]
at Mccm.Pega.Outbound.PegaMain.DataLoadDetails.DataLoadCmpltdOracle(DataLoadDetails.java:191)
at Mccm.Pega.Outbound.PegaTest.DataLoadDetailsTest.VerifyOracleCansadraDataLoadedSuccessfully(DataLoadDetailsTest.java:87)
at java.util.ArrayList.forEach(Unknown Source)
at TestRuner.MccmTestRunner.main(MccmTestRunner.java:30)
... Removed 29 stack frames]]>
    </failure>
  </testcase> <!-- VerifyOracleCansadraDataLoadedSuccessfully -->
  <testcase name="VerifyDynamicSystemSettingSuccessfully" time="97.524" classname="Mccm.Pega.Outbound.PegaTest.HomePageTest"/>
</testsuite> <!-- Pega Dynamic System Setting Regression Test -->
