<?xml version="1.0" encoding="UTF-8"?>
<!-- Generated by org.testng.reporters.JUnitXMLReporter -->
<testsuite hostname="INSGH045PMS0" ignored="0" name="Pega NBACampaign Batch Process Completed Regression Test" tests="1" failures="1" timestamp="2021-01-12T12:52:44 IST" time="62.601" errors="0">
  <testcase name="VerifyNBABatchProcessCompletedSuccessfully" time="40.929" classname="Mccm.Pega.Outbound.PegaTest.NBAOutboundValdtnTest">
    <failure type="java.lang.AssertionError" message="expected [PR-18801] but found [PR-18791]">
      <![CDATA[java.lang.AssertionError: expected [PR-18801] but found [PR-18791]
at Mccm.Pega.Outbound.PegaMain.NBAOutboundValdtn.CampRUNid(NBAOutboundValdtn.java:192)
at Mccm.Pega.Outbound.PegaTest.NBAOutboundValdtnTest.VerifyNBABatchProcessCompletedSuccessfully(NBAOutboundValdtnTest.java:52)
at java.util.ArrayList.forEach(Unknown Source)
at TestRuner.MccmTestRunner.main(MccmTestRunner.java:30)
... Removed 29 stack frames]]>
    </failure>
  </testcase> <!-- VerifyNBABatchProcessCompletedSuccessfully -->
</testsuite> <!-- Pega NBACampaign Batch Process Completed Regression Test -->
