<?xml version="1.0" encoding="UTF-8"?>
<!-- Generated by org.testng.reporters.JUnitXMLReporter -->
<testsuite hostname="INSGH045PMS0" ignored="0" name="Pega Generated Extract Channel File Regression Test" tests="1" failures="0" timestamp="2021-01-12T12:51:41 IST" time="50.146" errors="0">
  <testcase name="VerifyExtractChannelFileCheckSuccessfully" time="27.755" classname="Mccm.Pega.Outbound.PegaTest.ExtractChannelFileTest"/>
</testsuite> <!-- Pega Generated Extract Channel File Regression Test -->
