<?xml version="1.0" encoding="UTF-8"?>
<!-- Generated by org.testng.reporters.JUnitXMLReporter -->
<testsuite hostname="INSGH045PMS0" ignored="0" name="Pega Dynamic System Setting Regression Test" tests="5" failures="1" timestamp="2021-01-18T17:57:37 IST" time="203.89" errors="0">
  <testcase name="VerifyLoginPageTitleTest" time="0.008" classname="Mccm.Pega.Outbound.PegaTest.LoginPageTest"/>
  <testcase name="VerifyPegaLogoTest" time="0.081" classname="Mccm.Pega.Outbound.PegaTest.LoginPageTest"/>
  <testcase name="VerifyLoginSuccessfulTest" time="6.699" classname="Mccm.Pega.Outbound.PegaTest.LoginPageTest"/>
  <testcase name="VerifyOracleCansadraDataLoadedSuccessfully" time="33.977" classname="Mccm.Pega.Outbound.PegaTest.DataLoadDetailsTest">
    <failure type="java.lang.AssertionError" message="expected [Y] but found [N]">
      <![CDATA[java.lang.AssertionError: expected [Y] but found [N]
at Mccm.Pega.Outbound.PegaMain.DataLoadDetails.DataLoadCmpltdOracle(DataLoadDetails.java:191)
at Mccm.Pega.Outbound.PegaTest.DataLoadDetailsTest.VerifyOracleCansadraDataLoadedSuccessfully(DataLoadDetailsTest.java:87)
at java.util.ArrayList.forEach(ArrayList.java:1257)
at ExecutionUSECase.MainClass.main(MainClass.java:34)
... Removed 29 stack frames]]>
    </failure>
  </testcase> <!-- VerifyOracleCansadraDataLoadedSuccessfully -->
  <testcase name="VerifyDynamicSystemSettingSuccessfully" time="100.627" classname="Mccm.Pega.Outbound.PegaTest.HomePageTest"/>
</testsuite> <!-- Pega Dynamic System Setting Regression Test -->
