<?xml version="1.0" encoding="UTF-8"?>
<!-- Generated by org.testng.reporters.JUnitXMLReporter -->
<testsuite hostname="INSGH045PMS0" ignored="0" name="Pega Generated Extract Channel File Regression Test" tests="1" failures="0" timestamp="2020-10-23T16:57:04 IST" time="35.769" errors="0">
  <testcase name="@BeforeMethod setup" time="35.732" classname="Mccm.Pega.Outbound.PegaTest.ExtractChannelFileTest">
    <failure type="org.openqa.selenium.ElementClickInterceptedException" message="element click intercepted: Element &amp;lt;a href=&amp;quot;#&amp;quot; onclick=&amp;quot;pd(event);&amp;quot; class=&amp;quot;nav-toggle-one&amp;quot; id=&amp;quot;appview-nav-toggle-one&amp;quot; aria-label=&amp;quot;Toggle Left Navigation&amp;quot; role=&amp;quot;button&amp;quot; aria-collapsed=&amp;quot;true&amp;quot; aria-controls=&amp;quot;sidebar-region-one&amp;quot;&amp;gt;&amp;lt;/a&amp;gt; is not clickable at point (10, 17). Other element would receive the click: &amp;lt;div id=&amp;quot;pega_ui_mask&amp;quot; class=&amp;quot;pega_ui_masking&amp;quot; style=&amp;quot;position: fixed; display: block; top: 0px; left: 0px; height: 613px; width: 1024px;&amp;quot;&amp;gt;...&amp;lt;/div&amp;gt;
  (Session info: chrome=86.0.4240.111)
Build info: version: &amp;apos;3.141.59&amp;apos;, revision: &amp;apos;e82be7d358&amp;apos;, time: &amp;apos;2018-11-14T08:17:03&amp;apos;
System info: host: &amp;apos;INSGH045PMS0&amp;apos;, ip: &amp;apos;10.218.245.30&amp;apos;, os.name: &amp;apos;Windows 10&amp;apos;, os.arch: &amp;apos;amd64&amp;apos;, os.version: &amp;apos;10.0&amp;apos;, java.version: &amp;apos;1.8.0_251&amp;apos;
Driver info: org.openqa.selenium.chrome.ChromeDriver
Capabilities {acceptInsecureCerts: false, browserName: chrome, browserVersion: 86.0.4240.111, chrome: {chromedriverVersion: 86.0.4240.22 (398b0743353ff..., userDataDir: C:\Users\prout21\AppData\Lo...}, goog:chromeOptions: {debuggerAddress: localhost:55628}, javascriptEnabled: true, networkConnectionEnabled: false, pageLoadStrategy: normal, platform: WINDOWS, platformName: WINDOWS, proxy: Proxy(), setWindowRect: true, strictFileInteractability: false, timeouts: {implicit: 0, pageLoad: 300000, script: 30000}, unhandledPromptBehavior: dismiss and notify, webauthn:virtualAuthenticators: true}
Session ID: f62c2a83ce08f04dad16c0ef9842c09d">
      <![CDATA[org.openqa.selenium.ElementClickInterceptedException: element click intercepted: Element <a href="#" onclick="pd(event);" class="nav-toggle-one" id="appview-nav-toggle-one" aria-label="Toggle Left Navigation" role="button" aria-collapsed="true" aria-controls="sidebar-region-one"></a> is not clickable at point (10, 17). Other element would receive the click: <div id="pega_ui_mask" class="pega_ui_masking" style="position: fixed; display: block; top: 0px; left: 0px; height: 613px; width: 1024px;">...</div>
  (Session info: chrome=86.0.4240.111)
Build info: version: '3.141.59', revision: 'e82be7d358', time: '2018-11-14T08:17:03'
System info: host: 'INSGH045PMS0', ip: '10.218.245.30', os.name: 'Windows 10', os.arch: 'amd64', os.version: '10.0', java.version: '1.8.0_251'
Driver info: org.openqa.selenium.chrome.ChromeDriver
Capabilities {acceptInsecureCerts: false, browserName: chrome, browserVersion: 86.0.4240.111, chrome: {chromedriverVersion: 86.0.4240.22 (398b0743353ff..., userDataDir: C:\Users\prout21\AppData\Lo...}, goog:chromeOptions: {debuggerAddress: localhost:55628}, javascriptEnabled: true, networkConnectionEnabled: false, pageLoadStrategy: normal, platform: WINDOWS, platformName: WINDOWS, proxy: Proxy(), setWindowRect: true, strictFileInteractability: false, timeouts: {implicit: 0, pageLoad: 300000, script: 30000}, unhandledPromptBehavior: dismiss and notify, webauthn:virtualAuthenticators: true}
Session ID: f62c2a83ce08f04dad16c0ef9842c09d
at org.openqa.selenium.remote.http.W3CHttpResponseCodec.createException(W3CHttpResponseCodec.java:187)
at org.openqa.selenium.remote.http.W3CHttpResponseCodec.decode(W3CHttpResponseCodec.java:122)
at org.openqa.selenium.remote.http.W3CHttpResponseCodec.decode(W3CHttpResponseCodec.java:49)
at org.openqa.selenium.remote.HttpCommandExecutor.execute(HttpCommandExecutor.java:158)
at org.openqa.selenium.remote.service.DriverCommandExecutor.execute(DriverCommandExecutor.java:83)
at org.openqa.selenium.remote.RemoteWebDriver.execute(RemoteWebDriver.java:552)
at org.openqa.selenium.remote.RemoteWebElement.execute(RemoteWebElement.java:285)
at org.openqa.selenium.remote.RemoteWebElement.click(RemoteWebElement.java:84)
at org.openqa.selenium.support.pagefactory.internal.LocatingElementHandler.invoke(LocatingElementHandler.java:51)
at com.sun.proxy.$Proxy9.click(Unknown Source)
at Mccm.Pega.Outbound.PegaMain.HomePage.ExtractChannelFile(HomePage.java:54)
at Mccm.Pega.Outbound.PegaTest.ExtractChannelFileTest.setup(ExtractChannelFileTest.java:36)
at java.util.ArrayList.forEach(ArrayList.java:1257)
... Removed 38 stack frames]]>
    </failure>
  </testcase> <!-- @BeforeMethod setup -->
  <testcase name="@AfterMethod teardown" time="-1.603452424816E9" classname="Mccm.Pega.Outbound.PegaTest.ExtractChannelFileTest">
    <skipped/>
  </testcase> <!-- @AfterMethod teardown -->
  <testcase name="VerifyExtractChannelFileCheckSuccessfully" time="0.0" classname="Mccm.Pega.Outbound.PegaTest.ExtractChannelFileTest">
    <skipped/>
  </testcase> <!-- VerifyExtractChannelFileCheckSuccessfully -->
</testsuite> <!-- Pega Generated Extract Channel File Regression Test -->
