<?xml version="1.0" encoding="UTF-8"?>
<!-- Generated by org.testng.reporters.JUnitXMLReporter -->
<testsuite hostname="INSGH045PMS0" ignored="0" name="Pega Generated Extract Channel File Regression Test" tests="1" failures="0" timestamp="2020-10-28T20:54:09 IST" time="156.975" errors="0">
  <testcase name="VerifyExtractChannelFileCheckSuccessfully" time="123.953" classname="Mccm.Pega.Outbound.PegaTest.ExtractChannelFileTest"/>
</testsuite> <!-- Pega Generated Extract Channel File Regression Test -->
