<?xml version="1.0" encoding="UTF-8"?>
<!-- Generated by org.testng.reporters.JUnitXMLReporter -->
<testsuite hostname="INSGH045PMS0" ignored="0" name="Pega Dynamic System Setting Regression Test" tests="4" failures="0" timestamp="2020-10-09T17:15:56 IST" time="382.893" errors="0">
  <testcase name="VerifyLoginPageTitleTest" time="0.023" classname="Mccm.Pega.Outbound.PegaTest.LoginPageTest"/>
  <testcase name="VerifyPegaLogoTest" time="0.137" classname="Mccm.Pega.Outbound.PegaTest.LoginPageTest"/>
  <testcase name="VerifyLoginSuccessfulTest" time="13.26" classname="Mccm.Pega.Outbound.PegaTest.LoginPageTest"/>
  <testcase name="VerifyDynamicSystemSettingSuccessfully" time="309.27" classname="Mccm.Pega.Outbound.PegaTest.HomePageTest"/>
</testsuite> <!-- Pega Dynamic System Setting Regression Test -->
