<?xml version="1.0" encoding="UTF-8"?>
<!-- Generated by org.testng.reporters.JUnitXMLReporter -->
<testsuite hostname="INSGH045PMS0" ignored="0" name="Pre Data Setup for Valid Camp Code Regression Test" tests="1" failures="0" timestamp="2021-01-18T17:54:13 IST" time="301.308" errors="0">
  <testcase name="VerifyPreCheckNBACampCodeValueValidSuccessfully" time="282.086" classname="Mccm.Pega.Outbound.PegaTest.PegaPreChkValidCampCdTest"/>
</testsuite> <!-- Pre Data Setup for Valid Camp Code Regression Test -->
