<?xml version="1.0" encoding="UTF-8"?>
<!-- Generated by org.testng.reporters.JUnitXMLReporter -->
<testsuite hostname="INSGH045PMS0" ignored="0" name="Unix Filecheck Inbound Interface Regression Test" tests="3" failures="0" timestamp="2020-10-09T17:17:42 IST" time="105.257" errors="0">
  <testcase name="VerifyDMPFileLoadSuccessfully" time="35.111" classname="Mccm.Unix.Inbound.App_Inbound_DMP_Test"/>
  <testcase name="VerifyKIASEPOSFileLoadSuccessfully" time="35.091" classname="Mccm.Unix.Inbound.App_Inbound_KIASEPOS_Test"/>
  <testcase name="VerifyONLINESHOPFileLoadSuccessfully" time="35.039" classname="Mccm.Unix.Inbound.App_Inbound_OnlineShop_Test"/>
</testsuite> <!-- Unix Filecheck Inbound Interface Regression Test -->
