<?xml version="1.0" encoding="UTF-8"?>
<!-- Generated by org.testng.reporters.JUnitXMLReporter -->
<testsuite hostname="INSGH045PMS0" ignored="0" name="Unix filechk and DB loaded Regression Test" tests="1" failures="1" timestamp="2020-11-02T19:27:57 IST" time="0.038" errors="0">
  <testcase name="VerifyDBDataLoadedSuccessfully" time="0.02" classname="Mccm.Unix.Outbound.App_Unix_Outbound_Test">
    <failure type="java.lang.NullPointerException">
      <![CDATA[java.lang.NullPointerException
at org.apache.poi.poifs.filesystem.FileMagic.prepareToCheckMagic(FileMagic.java:148)
at org.apache.poi.openxml4j.opc.internal.ZipHelper.openZipStream(ZipHelper.java:208)
at org.apache.poi.openxml4j.opc.ZipPackage.<init>(ZipPackage.java:98)
at org.apache.poi.openxml4j.opc.OPCPackage.open(OPCPackage.java:324)
at org.apache.poi.util.PackageHelper.open(PackageHelper.java:37)
at org.apache.poi.xssf.usermodel.XSSFWorkbook.<init>(XSSFWorkbook.java:295)
at Mccm.Unix.Outbound.XLSXReadWrite.<init>(XLSXReadWrite.java:34)
at Mccm.Unix.Outbound.App_Unix_Outbound_Test.VerifyDBDataLoadedSuccessfully(App_Unix_Outbound_Test.java:83)
at java.util.ArrayList.forEach(ArrayList.java:1257)
... Removed 27 stack frames]]>
    </failure>
  </testcase> <!-- VerifyDBDataLoadedSuccessfully -->
</testsuite> <!-- Unix filechk and DB loaded Regression Test -->
