<?xml version="1.0" encoding="UTF-8"?>
<!-- Generated by org.testng.reporters.JUnitXMLReporter -->
<testsuite hostname="INSGH045PMS0" ignored="0" name="Unix Extract NBA Channel File Regression Test" tests="1" failures="1" timestamp="2021-01-18T18:12:53 IST" time="1.053" errors="0">
  <testcase name="VerifyExtracDataLoadedSuccessfully" time="1.051" classname="Mccm.Unix.Outbound.App_Unix_Outbound_Extract_Test">
    <failure type="com.jcraft.jsch.JSchException" message="java.net.ConnectException: Connection refused: connect">
      <![CDATA[com.jcraft.jsch.JSchException: java.net.ConnectException: Connection refused: connect
at com.jcraft.jsch.Util.createSocket(Util.java:349)
at com.jcraft.jsch.Session.connect(Session.java:215)
at com.jcraft.jsch.Session.connect(Session.java:183)
at Mccm.Unix.Outbound.App_Unix_Outbound_Extract_Test.VerifyExtracDataLoadedSuccessfully(App_Unix_Outbound_Extract_Test.java:82)
at java.util.ArrayList.forEach(ArrayList.java:1257)
at ExecutionUSECase.MainClass.main(MainClass.java:34)
Caused by: java.net.ConnectException: Connection refused: connect
at java.net.DualStackPlainSocketImpl.connect0(Native Method)
at java.net.DualStackPlainSocketImpl.socketConnect(DualStackPlainSocketImpl.java:79)
at java.net.AbstractPlainSocketImpl.doConnect(AbstractPlainSocketImpl.java:350)
at java.net.AbstractPlainSocketImpl.connectToAddress(AbstractPlainSocketImpl.java:206)
at java.net.AbstractPlainSocketImpl.connect(AbstractPlainSocketImpl.java:188)
at java.net.PlainSocketImpl.connect(PlainSocketImpl.java:172)
at java.net.SocksSocketImpl.connect(SocksSocketImpl.java:392)
at java.net.Socket.connect(Socket.java:606)
at java.net.Socket.connect(Socket.java:555)
at java.net.Socket.<init>(Socket.java:451)
at java.net.Socket.<init>(Socket.java:228)
at com.jcraft.jsch.Util.createSocket(Util.java:343)
... 29 more
... Removed 24 stack frames]]>
    </failure>
  </testcase> <!-- VerifyExtracDataLoadedSuccessfully -->
</testsuite> <!-- Unix Extract NBA Channel File Regression Test -->
