<?xml version="1.0" encoding="UTF-8"?>
<!-- Generated by org.testng.reporters.JUnitXMLReporter -->
<testsuite hostname="INSGH045PMS0" ignored="0" name="Unix Filecheck Inbound Interface Regression Test" tests="3" failures="0" timestamp="2020-10-20T11:30:52 IST" time="48.234" errors="0">
  <testcase name="VerifyDMPFileLoadSuccessfully" time="14.085" classname="Mccm.Unix.Inbound.App_Inbound_DMP_Test"/>
  <testcase name="VerifyKIASEPOSFileLoadSuccessfully" time="16.062" classname="Mccm.Unix.Inbound.App_Inbound_KIASEPOS_Test"/>
  <testcase name="VerifyONLINESHOPFileLoadSuccessfully" time="18.071" classname="Mccm.Unix.Inbound.App_Inbound_OnlineShop_Test"/>
</testsuite> <!-- Unix Filecheck Inbound Interface Regression Test -->
