<?xml version="1.0" encoding="UTF-8"?>
<!-- Generated by org.testng.reporters.JUnitXMLReporter -->
<testsuite hostname="INSGH045PMS0" ignored="0" name="Unix Filecheck Inbound Interface Regression Test" tests="3" failures="0" timestamp="2020-10-13T18:08:27 IST" time="158.488" errors="0">
  <testcase name="VerifyDMPFileLoadSuccessfully" time="50.651" classname="Mccm.Unix.Inbound.App_Inbound_DMP_Test"/>
  <testcase name="VerifyKIASEPOSFileLoadSuccessfully" time="53.909" classname="Mccm.Unix.Inbound.App_Inbound_KIASEPOS_Test"/>
  <testcase name="VerifyONLINESHOPFileLoadSuccessfully" time="53.858" classname="Mccm.Unix.Inbound.App_Inbound_OnlineShop_Test"/>
</testsuite> <!-- Unix Filecheck Inbound Interface Regression Test -->
