<?xml version="1.0" encoding="UTF-8"?>
<!-- Generated by org.testng.reporters.JUnitXMLReporter -->
<testsuite hostname="IN5CD94237KD" ignored="0" name="Pega CalcNBAandStartOfferFlow PegaMarket NBAOF Event Regression Test" tests="2" failures="1" timestamp="2021-06-28T11:23:49 IST" time="636.196" errors="0">
  <testcase name="VerifyPreCheckCalcNBACampCodeValueValidSuccessfully" time="263.862" classname="Mccm.Pega.Calc.NBA.StartOffer.PegaTest.PegaPreChkValidCalcNBACampCdTest"/>
  <testcase name="VerifyCalcNBAandStartOfferEventRunSuccessfully" time="261.385" classname="Mccm.Pega.Calc.NBA.StartOffer.PegaTest.PegamarktCalcNBAandStartOffTest">
    <failure type="org.openqa.selenium.ElementClickInterceptedException" message="element click intercepted: Element &amp;lt;button data-test-id=&amp;quot;20140919030420037410647&amp;quot; data-ctl=&amp;quot;&amp;quot; data-click=&amp;quot;[[&amp;amp;quot;runScript&amp;amp;quot;, [&amp;amp;quot;doModalAction(pega.u.d.submitModalDlgParam,\&amp;amp;quot;:event\&amp;amp;quot;)&amp;amp;quot;]]]&amp;quot; name=&amp;quot;CampaignEngagementModalTemplate_pyWorkPage_17&amp;quot; class=&amp;quot;Strong pzhc pzbutton&amp;quot; type=&amp;quot;button&amp;quot; title=&amp;quot;&amp;quot;&amp;gt;...&amp;lt;/button&amp;gt; is not clickable at point (1129, 543). Other element would receive the click: &amp;lt;div id=&amp;quot;pega_ui_mask&amp;quot; class=&amp;quot;pega_ui_masking&amp;quot; style=&amp;quot;position: fixed; display: block; top: 0px; left: 0px; height: 573px; width: 1315px;&amp;quot;&amp;gt;...&amp;lt;/div&amp;gt;
  (Session info: chrome=91.0.4472.114)
Build info: version: &amp;apos;3.141.59&amp;apos;, revision: &amp;apos;e82be7d358&amp;apos;, time: &amp;apos;2018-11-14T08:17:03&amp;apos;
System info: host: &amp;apos;IN5CD94237KD&amp;apos;, ip: &amp;apos;10.218.160.23&amp;apos;, os.name: &amp;apos;Windows 10&amp;apos;, os.arch: &amp;apos;amd64&amp;apos;, os.version: &amp;apos;10.0&amp;apos;, java.version: &amp;apos;1.8.0_291&amp;apos;
Driver info: org.openqa.selenium.chrome.ChromeDriver
Capabilities {acceptInsecureCerts: false, browserName: chrome, browserVersion: 91.0.4472.114, chrome: {chromedriverVersion: 91.0.4472.19 (1bf021f248676..., userDataDir: C:\Users\prout21\AppData\Lo...}, goog:chromeOptions: {debuggerAddress: localhost:64389}, javascriptEnabled: true, networkConnectionEnabled: false, pageLoadStrategy: normal, platform: WINDOWS, platformName: WINDOWS, proxy: Proxy(), setWindowRect: true, strictFileInteractability: false, timeouts: {implicit: 0, pageLoad: 300000, script: 30000}, unhandledPromptBehavior: dismiss and notify, webauthn:extension:largeBlob: true, webauthn:virtualAuthenticators: true}
Session ID: ec4cf35c329b361c4e8706e47d9c9b20">
      <![CDATA[org.openqa.selenium.ElementClickInterceptedException: element click intercepted: Element <button data-test-id="20140919030420037410647" data-ctl="" data-click="[[&quot;runScript&quot;, [&quot;doModalAction(pega.u.d.submitModalDlgParam,\&quot;:event\&quot;)&quot;]]]" name="CampaignEngagementModalTemplate_pyWorkPage_17" class="Strong pzhc pzbutton" type="button" title="">...</button> is not clickable at point (1129, 543). Other element would receive the click: <div id="pega_ui_mask" class="pega_ui_masking" style="position: fixed; display: block; top: 0px; left: 0px; height: 573px; width: 1315px;">...</div>
  (Session info: chrome=91.0.4472.114)
Build info: version: '3.141.59', revision: 'e82be7d358', time: '2018-11-14T08:17:03'
System info: host: 'IN5CD94237KD', ip: '10.218.160.23', os.name: 'Windows 10', os.arch: 'amd64', os.version: '10.0', java.version: '1.8.0_291'
Driver info: org.openqa.selenium.chrome.ChromeDriver
Capabilities {acceptInsecureCerts: false, browserName: chrome, browserVersion: 91.0.4472.114, chrome: {chromedriverVersion: 91.0.4472.19 (1bf021f248676..., userDataDir: C:\Users\prout21\AppData\Lo...}, goog:chromeOptions: {debuggerAddress: localhost:64389}, javascriptEnabled: true, networkConnectionEnabled: false, pageLoadStrategy: normal, platform: WINDOWS, platformName: WINDOWS, proxy: Proxy(), setWindowRect: true, strictFileInteractability: false, timeouts: {implicit: 0, pageLoad: 300000, script: 30000}, unhandledPromptBehavior: dismiss and notify, webauthn:extension:largeBlob: true, webauthn:virtualAuthenticators: true}
Session ID: ec4cf35c329b361c4e8706e47d9c9b20
at org.openqa.selenium.remote.http.W3CHttpResponseCodec.createException(W3CHttpResponseCodec.java:187)
at org.openqa.selenium.remote.http.W3CHttpResponseCodec.decode(W3CHttpResponseCodec.java:122)
at org.openqa.selenium.remote.http.W3CHttpResponseCodec.decode(W3CHttpResponseCodec.java:49)
at org.openqa.selenium.remote.HttpCommandExecutor.execute(HttpCommandExecutor.java:158)
at org.openqa.selenium.remote.service.DriverCommandExecutor.execute(DriverCommandExecutor.java:83)
at org.openqa.selenium.remote.RemoteWebDriver.execute(RemoteWebDriver.java:552)
at org.openqa.selenium.remote.RemoteWebElement.execute(RemoteWebElement.java:285)
at org.openqa.selenium.remote.RemoteWebElement.click(RemoteWebElement.java:84)
at org.openqa.selenium.support.pagefactory.internal.LocatingElementHandler.invoke(LocatingElementHandler.java:51)
at com.sun.proxy.$Proxy13.click(Unknown Source)
at Mccm.Pega.Calc.NBA.StartOffer.PegaMarktCalcNBAandStartOff.ApplayEngagement(PegaMarktCalcNBAandStartOff.java:398)
at Mccm.Pega.Calc.NBA.StartOffer.PegaTest.PegamarktCalcNBAandStartOffTest.VerifyCalcNBAandStartOfferEventRunSuccessfully(PegamarktCalcNBAandStartOffTest.java:83)
at java.util.ArrayList.forEach(ArrayList.java:1259)
... Removed 34 stack frames]]>
    </failure>
  </testcase> <!-- VerifyCalcNBAandStartOfferEventRunSuccessfully -->
</testsuite> <!-- Pega CalcNBAandStartOfferFlow PegaMarket NBAOF Event Regression Test -->
