<?xml version="1.0" encoding="UTF-8"?>
<!-- Generated by org.testng.reporters.JUnitXMLReporter -->
<testsuite hostname="IN5CD94237KD" ignored="0" name="Pega CalcNBAandStartOfferFlow PegaMarket NBAOF Event Regression Test" tests="2" failures="0" timestamp="2021-04-08T16:54:11 IST" time="282.642" errors="0">
  <testcase name="@BeforeMethod setup" time="130.685" classname="Mccm.Pega.Calc.NBA.StartOffer.PegaTest.PegamarktCalcNBAandStartOffTest">
    <failure type="java.lang.OutOfMemoryError" message="GC overhead limit exceeded">
      <![CDATA[java.lang.OutOfMemoryError: GC overhead limit exceeded
at java.util.Arrays.copyOfRange(Arrays.java:3664)
at java.lang.String.<init>(String.java:207)
at java.lang.String.toLowerCase(String.java:2647)
at java.lang.String.toLowerCase(String.java:2670)
at org.apache.xmlbeans.impl.store.Locale.loadNode(Locale.java:1432)
at org.apache.xmlbeans.impl.store.Locale.loadNodeChildren(Locale.java:1403)
at org.apache.xmlbeans.impl.store.Locale.loadNode(Locale.java:1445)
at org.apache.xmlbeans.impl.store.Locale.loadNodeChildren(Locale.java:1403)
at org.apache.xmlbeans.impl.store.Locale.loadNode(Locale.java:1445)
at org.apache.xmlbeans.impl.store.Locale.parseToXmlObject(Locale.java:1385)
at org.apache.xmlbeans.impl.store.Locale.parseToXmlObject(Locale.java:1370)
at org.apache.xmlbeans.impl.schema.SchemaTypeLoaderBase.parse(SchemaTypeLoaderBase.java:370)
at org.apache.poi.POIXMLTypeLoader.parse(POIXMLTypeLoader.java:164)
at org.openxmlformats.schemas.spreadsheetml.x2006.main.WorksheetDocument$Factory.parse(Unknown Source)
at org.apache.poi.xssf.usermodel.XSSFSheet.read(XSSFSheet.java:226)
at org.apache.poi.xssf.usermodel.XSSFSheet.onDocumentRead(XSSFSheet.java:218)
at org.apache.poi.xssf.usermodel.XSSFWorkbook.parseSheet(XSSFWorkbook.java:443)
at org.apache.poi.xssf.usermodel.XSSFWorkbook.onDocumentRead(XSSFWorkbook.java:408)
at org.apache.poi.POIXMLDocument.load(POIXMLDocument.java:169)
at org.apache.poi.xssf.usermodel.XSSFWorkbook.<init>(XSSFWorkbook.java:300)
at Mccm.Pega.excel.utility.Excel_Reader.<init>(Excel_Reader.java:36)
at Mccm.Pega.Calc.NBA.StartOffer.PegaMarktCalcNBAandStartOff.<init>(PegaMarktCalcNBAandStartOff.java:129)
at Mccm.Pega.Calc.NBA.StartOffer.PegaTest.PegamarktCalcNBAandStartOffTest.setup(PegamarktCalcNBAandStartOffTest.java:36)
... Removed 9 stack frames]]>
    </failure>
  </testcase> <!-- @BeforeMethod setup -->
  <testcase name="@AfterMethod teardown" time="-1.61788105124E9" classname="Mccm.Pega.Calc.NBA.StartOffer.PegaTest.PegamarktCalcNBAandStartOffTest">
    <skipped/>
  </testcase> <!-- @AfterMethod teardown -->
  <testcase name="VerifyPreCheckCalcNBACampCodeValueValidSuccessfully" time="105.9" classname="Mccm.Pega.Calc.NBA.StartOffer.PegaTest.PegaPreChkValidCalcNBACampCdTest"/>
  <testcase name="VerifyCalcNBAandStartOfferEventRunSuccessfully" time="0.0" classname="Mccm.Pega.Calc.NBA.StartOffer.PegaTest.PegamarktCalcNBAandStartOffTest">
    <skipped/>
  </testcase> <!-- VerifyCalcNBAandStartOfferEventRunSuccessfully -->
</testsuite> <!-- Pega CalcNBAandStartOfferFlow PegaMarket NBAOF Event Regression Test -->
