<?xml version="1.0" encoding="UTF-8"?>
<!-- Generated by org.testng.reporters.JUnitXMLReporter -->
<testsuite hostname="IN5CD94237KD" ignored="0" name="Pega CalcNBAandStartOfferFlow API Call Regression Test" tests="1" failures="0" timestamp="2021-06-28T11:23:55 IST" time="5.425" errors="0">
  <testcase name="VerifyCalcNBAandStartOfferFlowMobileBanAPIcallSuccessfully" time="5.422" classname="Mccm.Pega.Calc.NBA.StartOffer.PegaTest.APICallCalcNBAStOffFlowMobBanTest"/>
</testsuite> <!-- Pega CalcNBAandStartOfferFlow API Call Regression Test -->
