<?xml version="1.0" encoding="UTF-8"?>
<!-- Generated by org.testng.reporters.JUnitXMLReporter -->
<testsuite hostname="IN5CD94237KD" ignored="0" name="Pega CalcNBAandStartOfferFlow D_MCCMSettings DSS Regression Test" tests="1" failures="0" timestamp="2021-06-22T15:01:42 IST" time="58.253" errors="0">
  <testcase name="VerifyOSFDynamicSystemSettingRunSuccessfully" time="39.431" classname="Mccm.Pega.Calc.NBA.StartOffer.PegaTest.PegaCalNBADMCCMSettingTest"/>
</testsuite> <!-- Pega CalcNBAandStartOfferFlow D_MCCMSettings DSS Regression Test -->
