<?xml version="1.0" encoding="UTF-8"?>
<!-- Generated by org.testng.reporters.JUnitXMLReporter -->
<testsuite hostname="IN5CD94237KD" ignored="0" name="Pega CalcNBAandStartOfferFlow API Call Validation Regression Test" tests="1" failures="1" timestamp="2021-06-01T15:44:23 IST" time="55.382" errors="0">
  <testcase name="VerifyPegaCalcNBAandStartOffAPIVldtTestSuccessfully" time="39.297" classname="Mccm.Pega.Calc.NBA.StartOffer.PegaTest.PegaCalcNBAAPIVldtMOBSUBSCTest">
    <failure type="java.lang.AssertionError" message="expected [true] but found [false]">
      <![CDATA[java.lang.AssertionError: expected [true] but found [false]
at Mccm.Pega.Inbound.PegaMain.PegaMarketIntrctnHistry.PegaCalcNBAandStartOffAPIVlidtion(PegaMarketIntrctnHistry.java:199)
at Mccm.Pega.Calc.NBA.StartOffer.PegaTest.PegaCalcNBAAPIVldtMOBSUBSCTest.VerifyPegaCalcNBAandStartOffAPIVldtTestSuccessfully(PegaCalcNBAAPIVldtMOBSUBSCTest.java:56)
at java.util.ArrayList.forEach(ArrayList.java:1259)
... Removed 31 stack frames]]>
    </failure>
  </testcase> <!-- VerifyPegaCalcNBAandStartOffAPIVldtTestSuccessfully -->
</testsuite> <!-- Pega CalcNBAandStartOfferFlow API Call Validation Regression Test -->
