<?xml version="1.0" encoding="UTF-8"?>
<!-- Generated by org.testng.reporters.JUnitXMLReporter -->
<testsuite hostname="IN5CD94237KD" ignored="0" name="Pega CalcNBAandStartOfferFlow PegaMarket NBAOF Event Regression Test" tests="2" failures="0" timestamp="2021-06-09T11:18:54 IST" time="542.272" errors="0">
  <testcase name="VerifyPreCheckCalcNBACampCodeValueValidSuccessfully" time="397.416" classname="Mccm.Pega.Calc.NBA.StartOffer.PegaTest.PegaPreChkValidCalcNBACampCdTest"/>
  <testcase name="VerifyCalcNBAandStartOfferEventRunSuccessfully" time="111.925" classname="Mccm.Pega.Calc.NBA.StartOffer.PegaTest.PegamarktCalcNBAandStartOffTest"/>
</testsuite> <!-- Pega CalcNBAandStartOfferFlow PegaMarket NBAOF Event Regression Test -->
