<?xml version="1.0" encoding="UTF-8"?>
<!-- Generated by org.testng.reporters.JUnitXMLReporter -->
<testsuite hostname="IN5CD94237KD" ignored="0" name="Pega CalcNBAandStartOfferFlow API Call Validation Regression Test" tests="1" failures="0" timestamp="2021-06-17T15:47:12 IST" time="183.61" errors="0">
  <testcase name="VerifyPegaCalcNBAandStartOffAPIVldtTestSuccessfully" time="156.206" classname="Mccm.Pega.Calc.NBA.StartOffer.PegaTest.PegaCalcNBAAPIVldtMOBBANTest"/>
</testsuite> <!-- Pega CalcNBAandStartOfferFlow API Call Validation Regression Test -->
