<?xml version="1.0" encoding="UTF-8"?>
<!-- Generated by org.testng.reporters.JUnitXMLReporter -->
<testsuite hostname="INSGH045PMS0" ignored="0" name="Pega CalcNBAandStartOfferFlow API Call Regression Test" tests="1" failures="0" timestamp="2020-11-23T16:46:44 IST" time="1.285" errors="0">
  <testcase name="VerifyCalcNBAandStartOfferFlowAPIcallSuccessfully" time="1.22" classname="Mccm.Pega.CalcNBAandStartOfferFlow.PegaTest.CalcNBAandStartOfferFlowTest"/>
</testsuite> <!-- Pega CalcNBAandStartOfferFlow API Call Regression Test -->
