<?xml version="1.0" encoding="UTF-8"?>
<!-- Generated by org.testng.reporters.JUnitXMLReporter -->
<testsuite hostname="IN5CD94237KD" ignored="0" name="Pega OSF GETNBA API Call Regression Test" tests="2" failures="0" timestamp="2021-06-10T20:57:11 IST" time="111.927" errors="0">
  <testcase name="VerifyOSFGetNBARestAPIcallSuccessfully" time="4.063" classname="Mccm.Pega.OSF.PegaTest.OSFAPICallGetNBATest"/>
  <testcase name="VerifyOSFGETNBAAPIValidationRunSuccessfully" time="91.623" classname="Mccm.Pega.OSF.PegaTest.PegaOSFOutcomeGETNBAAPIVldTest"/>
</testsuite> <!-- Pega OSF GETNBA API Call Regression Test -->
