<?xml version="1.0" encoding="UTF-8"?>
<!-- Generated by org.testng.reporters.JUnitXMLReporter -->
<testsuite ignored="0" hostname="IN-5CG1042LMR" failures="0" tests="4" name="Pega OSF API calls For Error Scenarios Regression Test2" time="2.133" errors="0" timestamp="2021-07-30T13:59:18 IST">
  <testcase classname="Mccm.Pega.OSF.PegaTest.Processfeebback_ErrorcasesTest" name="OSFProcesFeedback_APIcall_ErroCase" time="0.539"/>
  <testcase classname="Mccm.Pega.OSF.PegaTest.Processfeebback_ErrorcasesTest" name="OSFProcesFeedback_APIcall_ErroCase" time="0.519"/>
  <testcase classname="Mccm.Pega.OSF.PegaTest.Processfeebback_ErrorcasesTest" name="OSFProcesFeedback_APIcall_ErroCase" time="0.564"/>
  <testcase classname="Mccm.Pega.OSF.PegaTest.Processfeebback_ErrorcasesTest" name="OSFProcesFeedback_APIcall_ErroCase" time="0.505"/>
</testsuite> <!-- Pega OSF API calls For Error Scenarios Regression Test2 -->
