<?xml version="1.0" encoding="UTF-8"?>
<!-- Generated by org.testng.reporters.JUnitXMLReporter -->
<testsuite ignored="0" hostname="IN-5CG1042LMR" failures="0" tests="3" name="Pega OSF API call For Error case- invalid headers" time="1.549" errors="0" timestamp="2021-07-15T14:29:08 IST">
  <testcase classname="Mccm.Pega.OSF.PegaTest.OSF_API_InvalidHeaders_ErrorCasesTest" name="VerifyOSFOutcomeAPIcallSuccessfully" time="0.517"/>
  <testcase classname="Mccm.Pega.OSF.PegaTest.OSF_API_InvalidHeaders_ErrorCasesTest" name="VerifyOSFOutcomeAPIcallSuccessfully" time="0.523"/>
  <testcase classname="Mccm.Pega.OSF.PegaTest.OSF_API_InvalidHeaders_ErrorCasesTest" name="VerifyOSFOutcomeAPIcallSuccessfully" time="0.495"/>
</testsuite> <!-- Pega OSF API call For Error case- invalid headers -->
