<?xml version="1.0" encoding="UTF-8"?>
<!-- Generated by org.testng.reporters.JUnitXMLReporter -->
<testsuite ignored="0" hostname="IN-5CG1042LMR" failures="0" tests="4" name="Pega OSF Process Feedback API Call Regression Test" time="239.859" errors="0" timestamp="2021-07-15T14:26:38 IST">
  <testcase classname="Mccm.Pega.OSF.PegaTest.OSFAPICallProFdUpdShpCrtIDTest" name="VerifyOSFProcessFeedBackUpdateShoppingCartIDAPIcallSuccessfully" time="1.479"/>
  <testcase classname="Mccm.Pega.OSF.PegaTest.PegaOSFOutcomeSaveOffAPIVldTest" name="VerifyOSFOutcomeAPISaveOffValidationRunSuccessfully" time="112.666"/>
  <testcase classname="Mccm.Pega.OSF.PegaTest.OSFAPICallProFdUpdOrdIDTest" name="VerifyOSFProcessFeedBackUpdateOrderIDAPIcallSuccessfully" time="1.462"/>
  <testcase classname="Mccm.Pega.OSF.PegaTest.PegaOSFOutcomeSubmitOrderAPIVldTest" name="VerifyOSFOutcomeAPISubmitOrderValidationRunSuccessfully" time="112.689"/>
</testsuite> <!-- Pega OSF Process Feedback API Call Regression Test -->
