<?xml version="1.0" encoding="UTF-8"?>
<!-- Generated by org.testng.reporters.JUnitXMLReporter -->
<testsuite hostname="IN5CD94237KD" ignored="0" name="Pega OSF Process Feedback API Call Regression Test" tests="4" failures="0" timestamp="2021-06-24T20:53:32 IST" time="353.754" errors="0">
  <testcase name="VerifyOSFProcessFeedBackUpdateShoppingCartIDAPIcallSuccessfully" time="1.883" classname="Mccm.Pega.OSF.PegaTest.OSFAPICallProFdUpdShpCrtIDTest"/>
  <testcase name="VerifyOSFOutcomeAPISaveOffValidationRunSuccessfully" time="141.564" classname="Mccm.Pega.OSF.PegaTest.PegaOSFOutcomeSaveOffAPIVldTest"/>
  <testcase name="VerifyOSFProcessFeedBackUpdateOrderIDAPIcallSuccessfully" time="1.702" classname="Mccm.Pega.OSF.PegaTest.OSFAPICallProFdUpdOrdIDTest"/>
  <testcase name="VerifyOSFOutcomeAPISubmitOrderValidationRunSuccessfully" time="138.447" classname="Mccm.Pega.OSF.PegaTest.PegaOSFOutcomeSubmitOrderAPIVldTest"/>
</testsuite> <!-- Pega OSF Process Feedback API Call Regression Test -->
