<?xml version="1.0" encoding="UTF-8"?>
<!-- Generated by org.testng.reporters.JUnitXMLReporter -->
<testsuite ignored="0" hostname="IN-PF2HW06P" failures="0" tests="4" name="Pega OSF Process Feedback API Call Regression Test" time="251.31" errors="0" timestamp="2021-07-15T11:38:32 IST">
  <testcase classname="Mccm.Pega.OSF.PegaTest.OSFAPICallProFdUpdShpCrtIDTest" name="VerifyOSFProcessFeedBackUpdateShoppingCartIDAPIcallSuccessfully" time="0.677"/>
  <testcase classname="Mccm.Pega.OSF.PegaTest.PegaOSFOutcomeSaveOffAPIVldTest" name="VerifyOSFOutcomeAPISaveOffValidationRunSuccessfully" time="112.64"/>
  <testcase classname="Mccm.Pega.OSF.PegaTest.OSFAPICallProFdUpdOrdIDTest" name="VerifyOSFProcessFeedBackUpdateOrderIDAPIcallSuccessfully" time="0.806"/>
  <testcase classname="Mccm.Pega.OSF.PegaTest.PegaOSFOutcomeSubmitOrderAPIVldTest" name="VerifyOSFOutcomeAPISubmitOrderValidationRunSuccessfully" time="112.638"/>
</testsuite> <!-- Pega OSF Process Feedback API Call Regression Test -->
