<?xml version="1.0" encoding="UTF-8"?>
<!-- Generated by org.testng.reporters.JUnitXMLReporter -->
<testsuite ignored="0" hostname="IN-5CG1042LMR" failures="0" tests="6" name="Pega OSF GETNBA API Call Regression Test" time="11.624" errors="0" timestamp="2021-07-26T14:54:23 IST">
  <testcase classname="Mccm.Pega.OSF.PegaTest.GetNBATest" name="OSFGetNBA_APIcall" time="4.908"/>
  <testcase classname="Mccm.Pega.OSF.PegaTest.GetNBATest" name="OSFGetNBA_APIcall" time="1.17"/>
  <testcase classname="Mccm.Pega.OSF.PegaTest.GetNBATest" name="OSFGetNBA_APIcall" time="2.038"/>
  <testcase classname="Mccm.Pega.OSF.PegaTest.GetNBATest" name="OSFGetNBA_APIcall" time="1.043"/>
  <testcase classname="Mccm.Pega.OSF.PegaTest.GetNBATest" name="OSFGetNBA_APIcall" time="0.875"/>
  <testcase classname="Mccm.Pega.OSF.PegaTest.GetNBATest" name="OSFGetNBA_APIcall" time="1.575"/>
</testsuite> <!-- Pega OSF GETNBA API Call Regression Test -->
