<?xml version="1.0" encoding="UTF-8"?>
<!-- Generated by org.testng.reporters.JUnitXMLReporter -->
<testsuite ignored="0" hostname="IN-5CG1042LMR" failures="0" tests="4" name="Pega OSF API calls For Error Scenarios Regression Test" time="3.05" errors="0" timestamp="2021-07-30T13:59:16 IST">
  <testcase classname="Mccm.Pega.OSF.PegaTest.CaptureResonse_ErrorCasesTest" name="OSFCaptureResponse_APIcall_ErrorCase" time="1.5"/>
  <testcase classname="Mccm.Pega.OSF.PegaTest.CaptureResonse_ErrorCasesTest" name="OSFCaptureResponse_APIcall_ErrorCase" time="0.511"/>
  <testcase classname="Mccm.Pega.OSF.PegaTest.CaptureResonse_ErrorCasesTest" name="OSFCaptureResponse_APIcall_ErrorCase" time="0.518"/>
  <testcase classname="Mccm.Pega.OSF.PegaTest.CaptureResonse_ErrorCasesTest" name="OSFCaptureResponse_APIcall_ErrorCase" time="0.515"/>
</testsuite> <!-- Pega OSF API calls For Error Scenarios Regression Test -->
