<?xml version="1.0" encoding="UTF-8"?>
<!-- Generated by org.testng.reporters.JUnitXMLReporter -->
<testsuite ignored="0" hostname="IN-PF2HW06P" failures="0" tests="11" name="Pega OSF Error Code Regression Test" time="2.954" errors="0" timestamp="2021-07-14T16:41:28 IST">
  <testcase classname="Mccm.Pega.OSF.PegaTest.OSF_CaptureResponse_ErrorCasesTest" name="VerifyOSFCaptureResponseOutcomeAPIcallSuccessfully" time="0.619"/>
  <testcase classname="Mccm.Pega.OSF.PegaTest.OSF_CaptureResponse_ErrorCasesTest" name="VerifyOSFCaptureResponseOutcomeAPIcallSuccessfully" time="0.23"/>
  <testcase classname="Mccm.Pega.OSF.PegaTest.OSF_CaptureResponse_ErrorCasesTest" name="VerifyOSFCaptureResponseOutcomeAPIcallSuccessfully" time="0.223"/>
  <testcase classname="Mccm.Pega.OSF.PegaTest.OSF_CaptureResponse_ErrorCasesTest" name="VerifyOSFCaptureResponseOutcomeAPIcallSuccessfully" time="0.22"/>
  <testcase classname="Mccm.Pega.OSF.PegaTest.OSF_GetNBA_ErrorCasesTest" name="VerifyOSFCaptureResponseOutcomeAPIcallSuccessfully" time="0.242"/>
  <testcase classname="Mccm.Pega.OSF.PegaTest.OSF_GetNBA_ErrorCasesTest" name="VerifyOSFCaptureResponseOutcomeAPIcallSuccessfully" time="0.221"/>
  <testcase classname="Mccm.Pega.OSF.PegaTest.OSF_GetNBA_ErrorCasesTest" name="VerifyOSFCaptureResponseOutcomeAPIcallSuccessfully" time="0.242"/>
  <testcase classname="Mccm.Pega.OSF.PegaTest.OSF_GetNBA_ErrorCasesTest" name="VerifyOSFCaptureResponseOutcomeAPIcallSuccessfully" time="0.235"/>
  <testcase classname="Mccm.Pega.OSF.PegaTest.OSF_GetNBA_ErrorCasesTest" name="VerifyOSFCaptureResponseOutcomeAPIcallSuccessfully" time="0.219"/>
  <testcase classname="Mccm.Pega.OSF.PegaTest.OSF_ProcessFeedback_ErrorCasesTest" name="VerifyOSFCaptureResponseOutcomeAPIcallSuccessfully" time="0.228"/>
  <testcase classname="Mccm.Pega.OSF.PegaTest.OSF_ProcessFeedback_ErrorCasesTest" name="VerifyOSFCaptureResponseOutcomeAPIcallSuccessfully" time="0.224"/>
</testsuite> <!-- Pega OSF Error Code Regression Test -->
