<?xml version="1.0" encoding="UTF-8"?>
<!-- Generated by org.testng.reporters.JUnitXMLReporter -->
<testsuite hostname="IN5CD94237KD" ignored="0" name="Pega OSF Process Feedback API Call Regression Test" tests="4" failures="0" timestamp="2021-03-25T18:03:09 IST" time="0.075" errors="0">
  <testcase name="VerifyOSFProcessFeedBackUpdateShoppingCartIDAPIcallSuccessfully" time="0.031" classname="Mccm.Pega.OSF.PegaTest.OSFAPICallProFdUpdShpCrtIDTest"/>
  <testcase name="VerifyOSFOutcomeAPISaveOffValidationRunSuccessfully" time="0.0" classname="Mccm.Pega.OSF.PegaTest.PegaOSFOutcomeSaveOffAPIVldTest">
    <skipped/>
  </testcase> <!-- VerifyOSFOutcomeAPISaveOffValidationRunSuccessfully -->
  <testcase name="VerifyOSFProcessFeedBackUpdateOrderIDAPIcallSuccessfully" time="0.029" classname="Mccm.Pega.OSF.PegaTest.OSFAPICallProFdUpdOrdIDTest"/>
  <testcase name="VerifyOSFOutcomeAPISubmitOrderValidationRunSuccessfully" time="0.0" classname="Mccm.Pega.OSF.PegaTest.PegaOSFOutcomeSubmitOrderAPIVldTest">
    <skipped/>
  </testcase> <!-- VerifyOSFOutcomeAPISubmitOrderValidationRunSuccessfully -->
</testsuite> <!-- Pega OSF Process Feedback API Call Regression Test -->
