<?xml version="1.0" encoding="UTF-8"?>
<!-- Generated by org.testng.reporters.JUnitXMLReporter -->
<testsuite hostname="IN5CD94237KD" ignored="0" name="Pega OSF Process Feedback API Call Regression Test" tests="4" failures="2" timestamp="2021-04-26T12:20:55 IST" time="127.514" errors="0">
  <testcase name="VerifyOSFProcessFeedBackUpdateShoppingCartIDAPIcallSuccessfully" time="21.017" classname="Mccm.Pega.OSF.PegaTest.OSFAPICallProFdUpdShpCrtIDTest"/>
  <testcase name="VerifyOSFOutcomeAPISaveOffValidationRunSuccessfully" time="30.761" classname="Mccm.Pega.OSF.PegaTest.PegaOSFOutcomeSaveOffAPIVldTest">
    <failure type="java.lang.AssertionError" message="expected [true] but found [false]">
      <![CDATA[java.lang.AssertionError: expected [true] but found [false]
at Mccm.Pega.Inbound.PegaMain.PegaMarketIntrctnHistry.PegaOSFOutcomeAPISaveOfferVlidtion(PegaMarketIntrctnHistry.java:246)
at Mccm.Pega.OSF.PegaTest.PegaOSFOutcomeSaveOffAPIVldTest.VerifyOSFOutcomeAPISaveOffValidationRunSuccessfully(PegaOSFOutcomeSaveOffAPIVldTest.java:54)
at java.util.ArrayList.forEach(Unknown Source)
... Removed 31 stack frames]]>
    </failure>
  </testcase> <!-- VerifyOSFOutcomeAPISaveOffValidationRunSuccessfully -->
  <testcase name="VerifyOSFProcessFeedBackUpdateOrderIDAPIcallSuccessfully" time="21.012" classname="Mccm.Pega.OSF.PegaTest.OSFAPICallProFdUpdOrdIDTest"/>
  <testcase name="VerifyOSFOutcomeAPISubmitOrderValidationRunSuccessfully" time="30.154" classname="Mccm.Pega.OSF.PegaTest.PegaOSFOutcomeSubmitOrderAPIVldTest">
    <failure type="java.lang.AssertionError" message="expected [true] but found [false]">
      <![CDATA[java.lang.AssertionError: expected [true] but found [false]
at Mccm.Pega.Inbound.PegaMain.PegaMarketIntrctnHistry.PegaOSFOutcomeAPISubmitOrderVlidtion(PegaMarketIntrctnHistry.java:270)
at Mccm.Pega.OSF.PegaTest.PegaOSFOutcomeSubmitOrderAPIVldTest.VerifyOSFOutcomeAPISubmitOrderValidationRunSuccessfully(PegaOSFOutcomeSubmitOrderAPIVldTest.java:54)
at java.util.ArrayList.forEach(Unknown Source)
... Removed 31 stack frames]]>
    </failure>
  </testcase> <!-- VerifyOSFOutcomeAPISubmitOrderValidationRunSuccessfully -->
</testsuite> <!-- Pega OSF Process Feedback API Call Regression Test -->
