<?xml version="1.0" encoding="UTF-8"?>
<!-- Generated by org.testng.reporters.JUnitXMLReporter -->
<testsuite ignored="0" hostname="IN-5CG1042LMR" failures="0" tests="4" name="Pega OSF API calls For Error Scenarios Regression Test2" time="3.758" errors="0" timestamp="2021-07-26T14:57:14 IST">
  <testcase classname="Mccm.Pega.OSF.PegaTest.Processfeebback_ErrorcasesTest" name="OSFProcesFeedback_APIcall_ErroCase" time="0.759"/>
  <testcase classname="Mccm.Pega.OSF.PegaTest.Processfeebback_ErrorcasesTest" name="OSFProcesFeedback_APIcall_ErroCase" time="0.778"/>
  <testcase classname="Mccm.Pega.OSF.PegaTest.Processfeebback_ErrorcasesTest" name="OSFProcesFeedback_APIcall_ErroCase" time="0.755"/>
  <testcase classname="Mccm.Pega.OSF.PegaTest.Processfeebback_ErrorcasesTest" name="OSFProcesFeedback_APIcall_ErroCase" time="1.458"/>
</testsuite> <!-- Pega OSF API calls For Error Scenarios Regression Test2 -->
