<?xml version="1.0" encoding="UTF-8"?>
<!-- Generated by org.testng.reporters.JUnitXMLReporter -->
<testsuite ignored="0" hostname="IN-PF2HW06P" failures="0" tests="2" name="Pega OSF Capture Response API Call Regression Test" time="137.104" errors="0" timestamp="2021-07-15T11:40:49 IST">
  <testcase classname="Mccm.Pega.OSF.PegaTest.OSFAPICallCaptResponseTest" name="VerifyOSFCaptureResponseOutcomeAPIcallSuccessfully" time="1.75"/>
  <testcase classname="Mccm.Pega.OSF.PegaTest.PegaOSFOutcomeAcceptedAPIVldTest" name="VerifyOSFOutcomeAPIAcceptedValidationRunSuccessfully" time="112.628"/>
</testsuite> <!-- Pega OSF Capture Response API Call Regression Test -->
