<?xml version="1.0" encoding="UTF-8"?>
<!-- Generated by org.testng.reporters.JUnitXMLReporter -->
<testsuite hostname="IN5CD94237KD" ignored="0" name="Pega OSF Process Feedback API Call Regression Test" tests="4" failures="0" timestamp="2021-05-18T10:55:05 IST" time="305.038" errors="0">
  <testcase name="VerifyOSFProcessFeedBackUpdateShoppingCartIDAPIcallSuccessfully" time="1.866" classname="Mccm.Pega.OSF.PegaTest.OSFAPICallProFdUpdShpCrtIDTest"/>
  <testcase name="VerifyOSFOutcomeAPISaveOffValidationRunSuccessfully" time="113.135" classname="Mccm.Pega.OSF.PegaTest.PegaOSFOutcomeSaveOffAPIVldTest"/>
  <testcase name="VerifyOSFProcessFeedBackUpdateOrderIDAPIcallSuccessfully" time="1.652" classname="Mccm.Pega.OSF.PegaTest.OSFAPICallProFdUpdOrdIDTest"/>
  <testcase name="VerifyOSFOutcomeAPISubmitOrderValidationRunSuccessfully" time="104.635" classname="Mccm.Pega.OSF.PegaTest.PegaOSFOutcomeSubmitOrderAPIVldTest"/>
</testsuite> <!-- Pega OSF Process Feedback API Call Regression Test -->
