<?xml version="1.0" encoding="UTF-8"?>
<!-- Generated by org.testng.reporters.JUnitXMLReporter -->
<testsuite ignored="0" hostname="IN-5CG1042LMR" failures="0" tests="4" name="Pega OSF API calls For Error Scenarios Regression Test" time="4.395" errors="0" timestamp="2021-07-26T14:57:10 IST">
  <testcase classname="Mccm.Pega.OSF.PegaTest.CaptureResonse_ErrorCasesTest" name="OSFCaptureResponse_APIcall_ErrorCase" time="1.863"/>
  <testcase classname="Mccm.Pega.OSF.PegaTest.CaptureResonse_ErrorCasesTest" name="OSFCaptureResponse_APIcall_ErrorCase" time="0.768"/>
  <testcase classname="Mccm.Pega.OSF.PegaTest.CaptureResonse_ErrorCasesTest" name="OSFCaptureResponse_APIcall_ErrorCase" time="0.747"/>
  <testcase classname="Mccm.Pega.OSF.PegaTest.CaptureResonse_ErrorCasesTest" name="OSFCaptureResponse_APIcall_ErrorCase" time="1.011"/>
</testsuite> <!-- Pega OSF API calls For Error Scenarios Regression Test -->
