<?xml version="1.0" encoding="UTF-8"?>
<!-- Generated by org.testng.reporters.JUnitXMLReporter -->
<testsuite ignored="0" hostname="IN-PF2HW06P" failures="0" tests="11" name="Pega OSF Error Code Regression Test" time="3.338" errors="0" timestamp="2021-07-15T11:40:52 IST">
  <testcase classname="Mccm.Pega.OSF.PegaTest.OSF_CaptureResponse_ErrorCasesTest" name="VerifyOSFCaptureResponseOutcomeAPIcallSuccessfully" time="0.995"/>
  <testcase classname="Mccm.Pega.OSF.PegaTest.OSF_CaptureResponse_ErrorCasesTest" name="VerifyOSFCaptureResponseOutcomeAPIcallSuccessfully" time="0.236"/>
  <testcase classname="Mccm.Pega.OSF.PegaTest.OSF_CaptureResponse_ErrorCasesTest" name="VerifyOSFCaptureResponseOutcomeAPIcallSuccessfully" time="0.226"/>
  <testcase classname="Mccm.Pega.OSF.PegaTest.OSF_CaptureResponse_ErrorCasesTest" name="VerifyOSFCaptureResponseOutcomeAPIcallSuccessfully" time="0.221"/>
  <testcase classname="Mccm.Pega.OSF.PegaTest.OSF_GetNBA_ErrorCasesTest" name="VerifyOSFCaptureResponseOutcomeAPIcallSuccessfully" time="0.227"/>
  <testcase classname="Mccm.Pega.OSF.PegaTest.OSF_GetNBA_ErrorCasesTest" name="VerifyOSFCaptureResponseOutcomeAPIcallSuccessfully" time="0.238"/>
  <testcase classname="Mccm.Pega.OSF.PegaTest.OSF_GetNBA_ErrorCasesTest" name="VerifyOSFCaptureResponseOutcomeAPIcallSuccessfully" time="0.223"/>
  <testcase classname="Mccm.Pega.OSF.PegaTest.OSF_GetNBA_ErrorCasesTest" name="VerifyOSFCaptureResponseOutcomeAPIcallSuccessfully" time="0.219"/>
  <testcase classname="Mccm.Pega.OSF.PegaTest.OSF_GetNBA_ErrorCasesTest" name="VerifyOSFCaptureResponseOutcomeAPIcallSuccessfully" time="0.214"/>
  <testcase classname="Mccm.Pega.OSF.PegaTest.OSF_ProcessFeedback_ErrorCasesTest" name="VerifyOSFCaptureResponseOutcomeAPIcallSuccessfully" time="0.228"/>
  <testcase classname="Mccm.Pega.OSF.PegaTest.OSF_ProcessFeedback_ErrorCasesTest" name="VerifyOSFCaptureResponseOutcomeAPIcallSuccessfully" time="0.254"/>
</testsuite> <!-- Pega OSF Error Code Regression Test -->
