<?xml version="1.0" encoding="UTF-8"?>
<!-- Generated by org.testng.reporters.JUnitXMLReporter -->
<testsuite ignored="0" hostname="IN-5CG1042LMR" failures="0" tests="5" name="Pega OSF API calls For Error Scenarios Regression Test1" time="4.468" errors="0" timestamp="2021-07-26T14:57:18 IST">
  <testcase classname="Mccm.Pega.OSF.PegaTest.GetNBA_ErrorCasesTest" name="OSFGetNBA_APIcall_ErrorCase" time="0.909"/>
  <testcase classname="Mccm.Pega.OSF.PegaTest.GetNBA_ErrorCasesTest" name="OSFGetNBA_APIcall_ErrorCase" time="0.739"/>
  <testcase classname="Mccm.Pega.OSF.PegaTest.GetNBA_ErrorCasesTest" name="OSFGetNBA_APIcall_ErrorCase" time="0.746"/>
  <testcase classname="Mccm.Pega.OSF.PegaTest.GetNBA_ErrorCasesTest" name="OSFGetNBA_APIcall_ErrorCase" time="1.31"/>
  <testcase classname="Mccm.Pega.OSF.PegaTest.GetNBA_ErrorCasesTest" name="OSFGetNBA_APIcall_ErrorCase" time="0.756"/>
</testsuite> <!-- Pega OSF API calls For Error Scenarios Regression Test1 -->
