<?xml version="1.0" encoding="UTF-8"?>
<!-- Generated by org.testng.reporters.JUnitXMLReporter -->
<testsuite ignored="0" hostname="IN-5CG1042LMR" failures="0" tests="6" name="Pega OSF Process Feedback API Call Regression Test" time="3.411" errors="0" timestamp="2021-07-26T19:28:49 IST">
  <testcase classname="Mccm.Pega.OSF.PegaTest.ProcessFeebbackTest" name="OSFProcesFeedback_APIcall" time="0.568"/>
  <testcase classname="Mccm.Pega.OSF.PegaTest.ProcessFeebbackTest" name="OSFProcesFeedback_APIcall" time="0.552"/>
  <testcase classname="Mccm.Pega.OSF.PegaTest.ProcessFeebbackTest" name="OSFProcesFeedback_APIcall" time="0.593"/>
  <testcase classname="Mccm.Pega.OSF.PegaTest.ProcessFeebbackTest" name="OSFProcesFeedback_APIcall" time="0.564"/>
  <testcase classname="Mccm.Pega.OSF.PegaTest.ProcessFeebbackTest" name="OSFProcesFeedback_APIcall" time="0.556"/>
  <testcase classname="Mccm.Pega.OSF.PegaTest.ProcessFeebbackTest" name="OSFProcesFeedback_APIcall" time="0.56"/>
</testsuite> <!-- Pega OSF Process Feedback API Call Regression Test -->
