<?xml version="1.0" encoding="UTF-8"?>
<!-- Generated by org.testng.reporters.JUnitXMLReporter -->
<testsuite ignored="0" hostname="IN-PF2HW06P" failures="0" tests="4" name="Pega OSF Process Feedback API Call Regression Test" time="250.78" errors="0" timestamp="2021-07-14T16:39:09 IST">
  <testcase classname="Mccm.Pega.OSF.PegaTest.OSFAPICallProFdUpdShpCrtIDTest" name="VerifyOSFProcessFeedBackUpdateShoppingCartIDAPIcallSuccessfully" time="1.106"/>
  <testcase classname="Mccm.Pega.OSF.PegaTest.PegaOSFOutcomeSaveOffAPIVldTest" name="VerifyOSFOutcomeAPISaveOffValidationRunSuccessfully" time="112.551"/>
  <testcase classname="Mccm.Pega.OSF.PegaTest.OSFAPICallProFdUpdOrdIDTest" name="VerifyOSFProcessFeedBackUpdateOrderIDAPIcallSuccessfully" time="0.861"/>
  <testcase classname="Mccm.Pega.OSF.PegaTest.PegaOSFOutcomeSubmitOrderAPIVldTest" name="VerifyOSFOutcomeAPISubmitOrderValidationRunSuccessfully" time="112.626"/>
</testsuite> <!-- Pega OSF Process Feedback API Call Regression Test -->
