<?xml version="1.0" encoding="UTF-8"?>
<!-- Generated by org.testng.reporters.JUnitXMLReporter -->
<testsuite hostname="IN5CD94237KD" ignored="0" name="Pega OSF Capture Response API Call Regression Test" tests="2" failures="0" timestamp="2021-06-24T20:56:33 IST" time="181.375" errors="0">
  <testcase name="VerifyOSFCaptureResponseOutcomeAPIcallSuccessfully" time="2.759" classname="Mccm.Pega.OSF.PegaTest.OSFAPICallCaptResponseTest"/>
  <testcase name="VerifyOSFOutcomeAPIAcceptedValidationRunSuccessfully" time="139.834" classname="Mccm.Pega.OSF.PegaTest.PegaOSFOutcomeAcceptedAPIVldTest"/>
</testsuite> <!-- Pega OSF Capture Response API Call Regression Test -->
