<?xml version="1.0" encoding="UTF-8"?>
<!-- Generated by org.testng.reporters.JUnitXMLReporter -->
<testsuite hostname="IN5CD94237KD" ignored="0" name="Pega OSF DSS Regression Test" tests="2" failures="0" timestamp="2021-03-25T18:03:08 IST" time="0.191" errors="0">
  <testcase name="VerifyOSFDynamicSystemSettingSuccessfully" time="0.0" classname="Mccm.Pega.OSF.PegaTest.PegaOSFDSSTest">
    <skipped/>
  </testcase> <!-- VerifyOSFDynamicSystemSettingSuccessfully -->
  <testcase name="VerifyOSFDMCCMSettingDSSSuccessfully" time="0.0" classname="Mccm.Pega.OSF.PegaTest.PegaOSFDMCCMSettingTest">
    <skipped/>
  </testcase> <!-- VerifyOSFDMCCMSettingDSSSuccessfully -->
</testsuite> <!-- Pega OSF DSS Regression Test -->
