<?xml version="1.0" encoding="UTF-8"?>
<!-- Generated by org.testng.reporters.JUnitXMLReporter -->
<testsuite ignored="0" hostname="IN-5CG1042LMR" failures="0" tests="5" name="Pega OSF API calls For Error Scenarios Regression Test1" time="2.544" errors="0" timestamp="2021-07-30T13:59:21 IST">
  <testcase classname="Mccm.Pega.OSF.PegaTest.GetNBA_ErrorCasesTest" name="OSFGetNBA_APIcall_ErrorCase" time="0.514"/>
  <testcase classname="Mccm.Pega.OSF.PegaTest.GetNBA_ErrorCasesTest" name="OSFGetNBA_APIcall_ErrorCase" time="0.504"/>
  <testcase classname="Mccm.Pega.OSF.PegaTest.GetNBA_ErrorCasesTest" name="OSFGetNBA_APIcall_ErrorCase" time="0.508"/>
  <testcase classname="Mccm.Pega.OSF.PegaTest.GetNBA_ErrorCasesTest" name="OSFGetNBA_APIcall_ErrorCase" time="0.508"/>
  <testcase classname="Mccm.Pega.OSF.PegaTest.GetNBA_ErrorCasesTest" name="OSFGetNBA_APIcall_ErrorCase" time="0.503"/>
</testsuite> <!-- Pega OSF API calls For Error Scenarios Regression Test1 -->
