<?xml version="1.0" encoding="UTF-8"?>
<!-- Generated by org.testng.reporters.JUnitXMLReporter -->
<testsuite hostname="IN5CD94237KD" ignored="0" name="Pega DMP Real Time Precheck Camp Code Validation Regression Test" tests="1" failures="0" timestamp="2021-06-08T16:21:22 IST" time="44.871" errors="0">
  <testcase name="VerifyPreCheckDMPRTCampCodeValueValidSuccessfully" time="29.704" classname="Mccm.Pega.DMPRealTime.PegaTest.PegaPreChkValidDMPCampCdTest"/>
</testsuite> <!-- Pega DMP Real Time Precheck Camp Code Validation Regression Test -->
