<?xml version="1.0" encoding="UTF-8"?>
<!-- Generated by org.testng.reporters.JUnitXMLReporter -->
<testsuite hostname="IN5CD94237KD" ignored="0" name="Pega DMP Real time RestAPI POST Call NBA Regression Test" tests="3" failures="0" timestamp="2021-04-08T17:08:59 IST" time="149.951" errors="0">
  <testcase name="VerifyDMPRTProcessOffResltsAPIcallSuccessfully" time="3.593" classname="Mccm.Pega.DMPRealTime.PegaTest.DMPRTPNBAProOffRltsTest"/>
  <testcase name="VerifyDMPRTPNBAMobHashedAPIcallSuccessfully" time="1.949" classname="Mccm.Pega.DMPRealTime.PegaTest.DMPRTPNBAMobHashTest"/>
  <testcase name="VerifyDMPAPIProcessOffRsultsValidtnSuccessfully" time="111.056" classname="Mccm.Pega.DMPRealTime.PegaTest.PegaDMPProcOffRsltsVldtTest"/>
</testsuite> <!-- Pega DMP Real time RestAPI POST Call NBA Regression Test -->
