<?xml version="1.0" encoding="UTF-8"?>
<!-- Generated by org.testng.reporters.JUnitXMLReporter -->
<testsuite hostname="IN5CD94237KD" ignored="0" name="Pega DMP Real Time Regression Test" tests="1" failures="0" timestamp="2021-03-19T14:41:23 IST" time="0.006" errors="0">
  <testcase name="@BeforeMethod setup" time="0.005" classname="Mccm.Pega.DMPRealTime.PegaTest.PegamarktDMPrealtimeTest">
    <failure type="java.lang.IllegalStateException" message="The driver executable does not exist: C:\usr\bin\chromedriver">
      <![CDATA[java.lang.IllegalStateException: The driver executable does not exist: C:\usr\bin\chromedriver
at com.google.common.base.Preconditions.checkState(Preconditions.java:534)
at org.openqa.selenium.remote.service.DriverService.checkExecutable(DriverService.java:146)
at org.openqa.selenium.remote.service.DriverService.findExecutable(DriverService.java:141)
at org.openqa.selenium.chrome.ChromeDriverService.access$000(ChromeDriverService.java:35)
at org.openqa.selenium.chrome.ChromeDriverService$Builder.findDefaultExecutable(ChromeDriverService.java:159)
at org.openqa.selenium.remote.service.DriverService$Builder.build(DriverService.java:355)
at org.openqa.selenium.chrome.ChromeDriverService.createDefaultService(ChromeDriverService.java:94)
at org.openqa.selenium.chrome.ChromeDriver.<init>(ChromeDriver.java:157)
at Mccm.Pega.Outbound.PegaTestBase.TestBase.initialization(TestBase.java:142)
at Mccm.Pega.DMPRealTime.PegaTest.PegamarktDMPrealtimeTest.setup(PegamarktDMPrealtimeTest.java:33)
at java.util.ArrayList.forEach(ArrayList.java:1257)
at ExecutionUSECase.MainClass.main(MainClass.java:50)
... Removed 28 stack frames]]>
    </failure>
  </testcase> <!-- @BeforeMethod setup -->
  <testcase name="@AfterMethod teardown" time="-1.616145083047E9" classname="Mccm.Pega.DMPRealTime.PegaTest.PegamarktDMPrealtimeTest">
    <skipped/>
  </testcase> <!-- @AfterMethod teardown -->
  <testcase name="VerifyDMPrealtimeRunSuccessfully" time="0.0" classname="Mccm.Pega.DMPRealTime.PegaTest.PegamarktDMPrealtimeTest">
    <skipped/>
  </testcase> <!-- VerifyDMPrealtimeRunSuccessfully -->
</testsuite> <!-- Pega DMP Real Time Regression Test -->
