<?xml version="1.0" encoding="UTF-8"?>
<!-- Generated by org.testng.reporters.JUnitXMLReporter -->
<testsuite hostname="IN5CD94237KD" ignored="0" name="Pega DMP Real Time Precheck Camp Code Validation Regression Test" tests="1" failures="0" timestamp="2021-04-08T17:02:13 IST" time="139.645" errors="0">
  <testcase name="VerifyPreCheckDMPRTCampCodeValueValidSuccessfully" time="93.21" classname="Mccm.Pega.DMPRealTime.PegaTest.PegaPreChkValidDMPCampCdTest"/>
</testsuite> <!-- Pega DMP Real Time Precheck Camp Code Validation Regression Test -->
