<?xml version="1.0" encoding="UTF-8"?>
<!-- Generated by org.testng.reporters.JUnitXMLReporter -->
<testsuite hostname="IN5CD94237KD" ignored="0" name="Pega DMP Real time RestAPI POST Call NBA Regression Test" tests="3" failures="0" timestamp="2021-05-31T12:59:13 IST" time="54.269" errors="0">
  <testcase name="VerifyDMPRTProcessOffResltsAPIcallSuccessfully" time="3.116" classname="Mccm.Pega.DMPRealTime.PegaTest.DMPRTPNBAProOffRltsTest"/>
  <testcase name="VerifyDMPRTPNBAMobHashedAPIcallSuccessfully" time="4.572" classname="Mccm.Pega.DMPRealTime.PegaTest.DMPRTPNBAMobHashTest"/>
  <testcase name="VerifyDMPAPIProcessOffRsultsValidtnSuccessfully" time="34.076" classname="Mccm.Pega.DMPRealTime.PegaTest.PegaDMPProcOffRsltsVldtTest"/>
</testsuite> <!-- Pega DMP Real time RestAPI POST Call NBA Regression Test -->
