<?xml version="1.0" encoding="UTF-8"?>
<!-- Generated by org.testng.reporters.JUnitXMLReporter -->
<testsuite hostname="INSGH045PMS0" ignored="0" name="RestAPI POST Call NBA Regression Test" tests="3" failures="1" timestamp="2020-11-19T19:23:22 IST" time="120.487" errors="0">
  <testcase name="VerifyDMPRTPNBAMobHashedAPIcallSuccessfully" time="3.075" classname="Mccm.Pega.DMPRealTime.PegaTest.DMPRTPNBAMobHashTest">
    <failure type="java.lang.AssertionError" message="Status code is not 200 , expected [200] but found [400]">
      <![CDATA[java.lang.AssertionError: Status code is not 200 , expected [200] but found [400]
at Mccm.Pega.DMPRealTime.PegaTest.DMPRTPNBAMobHashTest.VerifyDMPRTPNBAMobHashedAPIcallSuccessfully(DMPRTPNBAMobHashTest.java:92)
at java.util.ArrayList.forEach(ArrayList.java:1257)
... Removed 31 stack frames]]>
    </failure>
  </testcase> <!-- VerifyDMPRTPNBAMobHashedAPIcallSuccessfully -->
  <testcase name="VerifyDMPRTProcessOffResltsAPIcallSuccessfully" time="0.648" classname="Mccm.Pega.DMPRealTime.PegaTest.DMPRTPNBAProOffRltsTest"/>
  <testcase name="VerifyDMPAPIProcessOffRsultsValidtnSuccessfully" time="97.089" classname="Mccm.Pega.DMPRealTime.PegaTest.PegamarktIntrctnHstryDMPTest"/>
</testsuite> <!-- RestAPI POST Call NBA Regression Test -->
