<?xml version="1.0" encoding="UTF-8"?>
<!-- Generated by org.testng.reporters.JUnitXMLReporter -->
<testsuite hostname="INSGH045PMS0" ignored="0" name="RestAPI POST Call NBA Regression Test" tests="3" failures="0" timestamp="2020-12-23T11:35:31 IST" time="87.162" errors="0">
  <testcase name="VerifyDMPRTProcessOffResltsAPIcallSuccessfully" time="12.882" classname="Mccm.Pega.DMPRealTime.PegaTest.DMPRTPNBAProOffRltsTest"/>
  <testcase name="VerifyDMPRTPNBAMobHashedAPIcallSuccessfully" time="18.183" classname="Mccm.Pega.DMPRealTime.PegaTest.DMPRTPNBAMobHashTest"/>
  <testcase name="VerifyDMPAPIProcessOffRsultsValidtnSuccessfully" time="36.34" classname="Mccm.Pega.DMPRealTime.PegaTest.PegaDMPProcOffRsltsVldtTest"/>
</testsuite> <!-- RestAPI POST Call NBA Regression Test -->
