<?xml version="1.0" encoding="UTF-8"?>
<testsuite xmlns:xsi="http://www.w3.org/2001/XMLSchema-instance" xsi:noNamespaceSchemaLocation="https://maven.apache.org/surefire/maven-surefire-plugin/xsd/surefire-test-report.xsd" name="TestSuite" time="1,619.572" tests="17" errors="0" skipped="2" failures="6">
  <properties>
[...]
</properties>
  <testcase name="VerifyDMPFileLoadSuccessfully" classname="Mccm.Unix.Inbound.App_Inbound_DMP_Test" time="50.486"/>
  <testcase name="VerifyKIASEPOSFileLoadSuccessfully" classname="Mccm.Unix.Inbound.App_Inbound_KIASEPOS_Test" time="54.065"/>
  <testcase name="VerifyONLINESHOPFileLoadSuccessfully" classname="Mccm.Unix.Inbound.App_Inbound_OnlineShop_Test" time="53.768"/>
  <testcase name="VerifyIntractionHistoryRunSuccessfully" classname="Mccm.Pega.Inbound.PegaTest.PegamarktIntrctnHistoryTest" time="75.237">
    <failure message="no such element: Unable to locate element: {&quot;method&quot;:&quot;xpath&quot;,&quot;selector&quot;:&quot;/html[1]/body[1]/div[2]/form[1]/div[3]/div[1]/table[1]/tbody[1]/tr[1]/td[1]/div[1]/div[2]/span[1]/div[1]/span[1]/div[1]/span[2]/div[1]/div[2]/div[2]/div[4]/div[1]/div[1]/div[1]/div[1]/div[1]/div[1]/div[2]/table[1]/tbody[1]/tr[1]/td[2]/div[1]/table[1]/tbody[1]/tr[2]/td[12]/div[1]/span[1]&quot;}&#10;  (Session info: chrome=86.0.4240.75)&#10;For documentation on this error, please visit: https://www.seleniumhq.org/exceptions/no_such_element.html&#10;Build info: version: &apos;3.141.59&apos;, revision: &apos;e82be7d358&apos;, time: &apos;2018-11-14T08:17:03&apos;&#10;System info: host: &apos;INSGH045PMS0&apos;, ip: &apos;10.218.211.68&apos;, os.name: &apos;Windows 10&apos;, os.arch: &apos;amd64&apos;, os.version: &apos;10.0&apos;, java.version: &apos;1.8.0_251&apos;&#10;Driver info: org.openqa.selenium.chrome.ChromeDriver&#10;Capabilities {acceptInsecureCerts: false, browserName: chrome, browserVersion: 86.0.4240.75, chrome: {chromedriverVersion: 86.0.4240.22 (398b0743353ff..., userDataDir: C:\Users\prout21\AppData\Lo...}, goog:chromeOptions: {debuggerAddress: localhost:65151}, javascriptEnabled: true, networkConnectionEnabled: false, pageLoadStrategy: normal, platform: WINDOWS, platformName: WINDOWS, proxy: Proxy(), setWindowRect: true, strictFileInteractability: false, timeouts: {implicit: 0, pageLoad: 300000, script: 30000}, unhandledPromptBehavior: dismiss and notify, webauthn:virtualAuthenticators: true}&#10;Session ID: 27132d152b9d1d3faf268d289396244a&#10;*** Element info: {Using=xpath, value=/html[1]/body[1]/div[2]/form[1]/div[3]/div[1]/table[1]/tbody[1]/tr[1]/td[1]/div[1]/div[2]/span[1]/div[1]/span[1]/div[1]/span[2]/div[1]/div[2]/div[2]/div[4]/div[1]/div[1]/div[1]/div[1]/div[1]/div[1]/div[2]/table[1]/tbody[1]/tr[1]/td[2]/div[1]/table[1]/tbody[1]/tr[2]/td[12]/div[1]/span[1]}" type="org.openqa.selenium.NoSuchElementException">org.openqa.selenium.NoSuchElementException: 
no such element: Unable to locate element: {"method":"xpath","selector":"/html[1]/body[1]/div[2]/form[1]/div[3]/div[1]/table[1]/tbody[1]/tr[1]/td[1]/div[1]/div[2]/span[1]/div[1]/span[1]/div[1]/span[2]/div[1]/div[2]/div[2]/div[4]/div[1]/div[1]/div[1]/div[1]/div[1]/div[1]/div[2]/table[1]/tbody[1]/tr[1]/td[2]/div[1]/table[1]/tbody[1]/tr[2]/td[12]/div[1]/span[1]"}
  (Session info: chrome=86.0.4240.75)
For documentation on this error, please visit: https://www.seleniumhq.org/exceptions/no_such_element.html
Build info: version: '3.141.59', revision: 'e82be7d358', time: '2018-11-14T08:17:03'
System info: host: 'INSGH045PMS0', ip: '10.218.211.68', os.name: 'Windows 10', os.arch: 'amd64', os.version: '10.0', java.version: '1.8.0_251'
Driver info: org.openqa.selenium.chrome.ChromeDriver
Capabilities {acceptInsecureCerts: false, browserName: chrome, browserVersion: 86.0.4240.75, chrome: {chromedriverVersion: 86.0.4240.22 (398b0743353ff..., userDataDir: C:\Users\prout21\AppData\Lo...}, goog:chromeOptions: {debuggerAddress: localhost:65151}, javascriptEnabled: true, networkConnectionEnabled: false, pageLoadStrategy: normal, platform: WINDOWS, platformName: WINDOWS, proxy: Proxy(), setWindowRect: true, strictFileInteractability: false, timeouts: {implicit: 0, pageLoad: 300000, script: 30000}, unhandledPromptBehavior: dismiss and notify, webauthn:virtualAuthenticators: true}
Session ID: 27132d152b9d1d3faf268d289396244a
*** Element info: {Using=xpath, value=/html[1]/body[1]/div[2]/form[1]/div[3]/div[1]/table[1]/tbody[1]/tr[1]/td[1]/div[1]/div[2]/span[1]/div[1]/span[1]/div[1]/span[2]/div[1]/div[2]/div[2]/div[4]/div[1]/div[1]/div[1]/div[1]/div[1]/div[1]/div[2]/table[1]/tbody[1]/tr[1]/td[2]/div[1]/table[1]/tbody[1]/tr[2]/td[12]/div[1]/span[1]}
	at Mccm.Pega.Inbound.PegaTest.PegamarktIntrctnHistoryTest.VerifyIntractionHistoryRunSuccessfully(PegamarktIntrctnHistoryTest.java:56)
</failure>
    <system-out><![CDATA[*** Test Suite Unix Filecheck Inbound Interface Regression Test ending ***
*** Test Suite Pega Intraction Recent History Regression Test started ***
*** Running test method VerifyIntractionHistoryRunSuccessfully...
CDwindow-9EA8726F4C4E430F67B7C31DD9BF8311
*** Test execution VerifyIntractionHistoryRunSuccessfully failed...
]]></system-out>
    <system-err><![CDATA[Starting ChromeDriver 86.0.4240.22 (398b0743353ff36fb1b82468f63a3a93b4e2e89e-refs/branch-heads/4240@{#378}) on port 31012
Only local connections are allowed.
Please see https://chromedriver.chromium.org/security-considerations for suggestions on keeping ChromeDriver safe.
ChromeDriver was started successfully.
Oct 13, 2020 6:08:30 PM org.openqa.selenium.remote.ProtocolHandshake createSession
INFO: Detected dialect: W3C
]]></system-err>
  </testcase>
  <testcase name="VerifyDBDataLoadedSuccessfully" classname="Mccm.Unix.Outbound.App_Unix_Outbound_Test" time="407.06"/>
  <testcase name="VerifyLoginPageTitleTest" classname="Mccm.Pega.Outbound.PegaTest.LoginPageTest" time="0.035"/>
  <testcase name="VerifyPegaLogoTest" classname="Mccm.Pega.Outbound.PegaTest.LoginPageTest" time="0.101"/>
  <testcase name="VerifyLoginSuccessfulTest" classname="Mccm.Pega.Outbound.PegaTest.LoginPageTest" time="17.42"/>
  <testcase name="VerifyOracleCansadraDataLoadedSuccessfully" classname="Mccm.Pega.Outbound.PegaTest.DataLoadDetailsTest" time="78.406">
    <failure message="element click intercepted: Element &lt;a data-test-id=&quot;20180627085938070533&quot; href=&quot;#&quot; onclick=&quot;pd(event);&quot; data-ctl=&quot;Link&quot; name=&quot;pzSearchResultName_pySearchResults.pxResults(1)_3&quot; data-click=&quot;[[&amp;quot;closeContainer&amp;quot;,[&amp;quot;:event&amp;quot;]],[&amp;quot;runScript&amp;quot;, [&amp;quot;top.OpenRuleInPortalByInsName(\&amp;quot;#~pySearchResults.pxResults(1).pzCategoryActionKeys~#\&amp;quot;,\&amp;quot;#~pySearchResults.pxResults(1).pxInsName~#\&amp;quot;)&amp;quot;]],[&amp;quot;openRuleByClassAndName&amp;quot;,[&amp;quot;#~pySearchResults.pxResults(1).pxInsName~#&amp;quot;,&amp;quot;#~pySearchResults.pxResults(1).pzCategoryActionKeys~#&amp;quot;,&amp;quot;&amp;quot;,&amp;quot;&amp;quot;]]]&quot; class=&quot;&quot;&gt;...&lt;/a&gt; is not clickable at point (330, 112). Other element would receive the click: &lt;div id=&quot;pega_ui_mask&quot; class=&quot;pega_ui_masking&quot; style=&quot;position: fixed; display: block; top: 0px; left: 0px; height: 613px; width: 1024px;&quot;&gt;...&lt;/div&gt;&#10;  (Session info: chrome=86.0.4240.75)&#10;Build info: version: &apos;3.141.59&apos;, revision: &apos;e82be7d358&apos;, time: &apos;2018-11-14T08:17:03&apos;&#10;System info: host: &apos;INSGH045PMS0&apos;, ip: &apos;10.218.211.68&apos;, os.name: &apos;Windows 10&apos;, os.arch: &apos;amd64&apos;, os.version: &apos;10.0&apos;, java.version: &apos;1.8.0_251&apos;&#10;Driver info: org.openqa.selenium.chrome.ChromeDriver&#10;Capabilities {acceptInsecureCerts: false, browserName: chrome, browserVersion: 86.0.4240.75, chrome: {chromedriverVersion: 86.0.4240.22 (398b0743353ff..., userDataDir: C:\Users\prout21\AppData\Lo...}, goog:chromeOptions: {debuggerAddress: localhost:65316}, javascriptEnabled: true, networkConnectionEnabled: false, pageLoadStrategy: normal, platform: WINDOWS, platformName: WINDOWS, proxy: Proxy(), setWindowRect: true, strictFileInteractability: false, timeouts: {implicit: 0, pageLoad: 300000, script: 30000}, unhandledPromptBehavior: dismiss and notify, webauthn:virtualAuthenticators: true}&#10;Session ID: 20f0e72e0cc3beb02538a4901ca9cdb7" type="org.openqa.selenium.ElementClickInterceptedException"><![CDATA[org.openqa.selenium.ElementClickInterceptedException: 
element click intercepted: Element <a data-test-id="20180627085938070533" href="#" onclick="pd(event);" data-ctl="Link" name="pzSearchResultName_pySearchResults.pxResults(1)_3" data-click="[[&quot;closeContainer&quot;,[&quot;:event&quot;]],[&quot;runScript&quot;, [&quot;top.OpenRuleInPortalByInsName(\&quot;#~pySearchResults.pxResults(1).pzCategoryActionKeys~#\&quot;,\&quot;#~pySearchResults.pxResults(1).pxInsName~#\&quot;)&quot;]],[&quot;openRuleByClassAndName&quot;,[&quot;#~pySearchResults.pxResults(1).pxInsName~#&quot;,&quot;#~pySearchResults.pxResults(1).pzCategoryActionKeys~#&quot;,&quot;&quot;,&quot;&quot;]]]" class="">...</a> is not clickable at point (330, 112). Other element would receive the click: <div id="pega_ui_mask" class="pega_ui_masking" style="position: fixed; display: block; top: 0px; left: 0px; height: 613px; width: 1024px;">...</div>
  (Session info: chrome=86.0.4240.75)
Build info: version: '3.141.59', revision: 'e82be7d358', time: '2018-11-14T08:17:03'
System info: host: 'INSGH045PMS0', ip: '10.218.211.68', os.name: 'Windows 10', os.arch: 'amd64', os.version: '10.0', java.version: '1.8.0_251'
Driver info: org.openqa.selenium.chrome.ChromeDriver
Capabilities {acceptInsecureCerts: false, browserName: chrome, browserVersion: 86.0.4240.75, chrome: {chromedriverVersion: 86.0.4240.22 (398b0743353ff..., userDataDir: C:\Users\prout21\AppData\Lo...}, goog:chromeOptions: {debuggerAddress: localhost:65316}, javascriptEnabled: true, networkConnectionEnabled: false, pageLoadStrategy: normal, platform: WINDOWS, platformName: WINDOWS, proxy: Proxy(), setWindowRect: true, strictFileInteractability: false, timeouts: {implicit: 0, pageLoad: 300000, script: 30000}, unhandledPromptBehavior: dismiss and notify, webauthn:virtualAuthenticators: true}
Session ID: 20f0e72e0cc3beb02538a4901ca9cdb7
	at Mccm.Pega.Outbound.PegaTest.DataLoadDetailsTest.VerifyOracleCansadraDataLoadedSuccessfully(DataLoadDetailsTest.java:45)
]]></failure>
    <system-out><![CDATA[*** Running test method VerifyOracleCansadraDataLoadedSuccessfully...
*** Test execution VerifyOracleCansadraDataLoadedSuccessfully failed...
]]></system-out>
    <system-err><![CDATA[Starting ChromeDriver 86.0.4240.22 (398b0743353ff36fb1b82468f63a3a93b4e2e89e-refs/branch-heads/4240@{#378}) on port 2563
Only local connections are allowed.
Please see https://chromedriver.chromium.org/security-considerations for suggestions on keeping ChromeDriver safe.
ChromeDriver was started successfully.
Oct 13, 2020 6:17:46 PM org.openqa.selenium.remote.ProtocolHandshake createSession
INFO: Detected dialect: W3C
]]></system-err>
  </testcase>
  <testcase name="setup" classname="Mccm.Pega.Outbound.PegaTest.HomePageTest" time="116.949">
    <failure message="timeout: Timed out receiving message from renderer: 20.000&#10;  (Session info: chrome=86.0.4240.75)&#10;Build info: version: &apos;3.141.59&apos;, revision: &apos;e82be7d358&apos;, time: &apos;2018-11-14T08:17:03&apos;&#10;System info: host: &apos;INSGH045PMS0&apos;, ip: &apos;10.218.211.68&apos;, os.name: &apos;Windows 10&apos;, os.arch: &apos;amd64&apos;, os.version: &apos;10.0&apos;, java.version: &apos;1.8.0_251&apos;&#10;Driver info: org.openqa.selenium.chrome.ChromeDriver&#10;Capabilities {acceptInsecureCerts: false, browserName: chrome, browserVersion: 86.0.4240.75, chrome: {chromedriverVersion: 86.0.4240.22 (398b0743353ff..., userDataDir: C:\Users\prout21\AppData\Lo...}, goog:chromeOptions: {debuggerAddress: localhost:65357}, javascriptEnabled: true, networkConnectionEnabled: false, pageLoadStrategy: normal, platform: WINDOWS, platformName: WINDOWS, proxy: Proxy(), setWindowRect: true, strictFileInteractability: false, timeouts: {implicit: 0, pageLoad: 300000, script: 30000}, unhandledPromptBehavior: dismiss and notify, webauthn:virtualAuthenticators: true}&#10;Session ID: dcff9817bd6a3032b635962f8fb7bcbd" type="org.openqa.selenium.TimeoutException">org.openqa.selenium.TimeoutException: 
timeout: Timed out receiving message from renderer: 20.000
  (Session info: chrome=86.0.4240.75)
Build info: version: '3.141.59', revision: 'e82be7d358', time: '2018-11-14T08:17:03'
System info: host: 'INSGH045PMS0', ip: '10.218.211.68', os.name: 'Windows 10', os.arch: 'amd64', os.version: '10.0', java.version: '1.8.0_251'
Driver info: org.openqa.selenium.chrome.ChromeDriver
Capabilities {acceptInsecureCerts: false, browserName: chrome, browserVersion: 86.0.4240.75, chrome: {chromedriverVersion: 86.0.4240.22 (398b0743353ff..., userDataDir: C:\Users\prout21\AppData\Lo...}, goog:chromeOptions: {debuggerAddress: localhost:65357}, javascriptEnabled: true, networkConnectionEnabled: false, pageLoadStrategy: normal, platform: WINDOWS, platformName: WINDOWS, proxy: Proxy(), setWindowRect: true, strictFileInteractability: false, timeouts: {implicit: 0, pageLoad: 300000, script: 30000}, unhandledPromptBehavior: dismiss and notify, webauthn:virtualAuthenticators: true}
Session ID: dcff9817bd6a3032b635962f8fb7bcbd
	at Mccm.Pega.Outbound.PegaTest.HomePageTest.setup(HomePageTest.java:35)
</failure>
    <system-out><![CDATA[DSS seting Started
]]></system-out>
    <system-err><![CDATA[Starting ChromeDriver 86.0.4240.22 (398b0743353ff36fb1b82468f63a3a93b4e2e89e-refs/branch-heads/4240@{#378}) on port 10936
Only local connections are allowed.
Please see https://chromedriver.chromium.org/security-considerations for suggestions on keeping ChromeDriver safe.
ChromeDriver was started successfully.
Oct 13, 2020 6:19:47 PM org.openqa.selenium.remote.ProtocolHandshake createSession
INFO: Detected dialect: W3C
[1602593421.984][SEVERE]: Timed out receiving message from renderer: 20.000
[1602593421.989][SEVERE]: Timed out receiving message from renderer: 20.000
]]></system-err>
  </testcase>
  <testcase name="VerifyDynamicSystemSettingSuccessfully" classname="Mccm.Pega.Outbound.PegaTest.HomePageTest" time="0">
    <skipped message="timeout: Timed out receiving message from renderer: 20.000&#10;  (Session info: chrome=86.0.4240.75)&#10;Build info: version: &apos;3.141.59&apos;, revision: &apos;e82be7d358&apos;, time: &apos;2018-11-14T08:17:03&apos;&#10;System info: host: &apos;INSGH045PMS0&apos;, ip: &apos;10.218.211.68&apos;, os.name: &apos;Windows 10&apos;, os.arch: &apos;amd64&apos;, os.version: &apos;10.0&apos;, java.version: &apos;1.8.0_251&apos;&#10;Driver info: org.openqa.selenium.chrome.ChromeDriver&#10;Capabilities {acceptInsecureCerts: false, browserName: chrome, browserVersion: 86.0.4240.75, chrome: {chromedriverVersion: 86.0.4240.22 (398b0743353ff..., userDataDir: C:\Users\prout21\AppData\Lo...}, goog:chromeOptions: {debuggerAddress: localhost:65357}, javascriptEnabled: true, networkConnectionEnabled: false, pageLoadStrategy: normal, platform: WINDOWS, platformName: WINDOWS, proxy: Proxy(), setWindowRect: true, strictFileInteractability: false, timeouts: {implicit: 0, pageLoad: 300000, script: 30000}, unhandledPromptBehavior: dismiss and notify, webauthn:virtualAuthenticators: true}&#10;Session ID: dcff9817bd6a3032b635962f8fb7bcbd"/>
    <system-out><![CDATA[*** Running test method VerifyDynamicSystemSettingSuccessfully...
*** Test VerifyDynamicSystemSettingSuccessfully skipped...
]]></system-out>
  </testcase>
  <testcase name="teardown" classname="Mccm.Pega.Outbound.PegaTest.HomePageTest" time="0">
    <skipped/>
  </testcase>
  <testcase name="VerifyNBACampaignRunSuccessfully" classname="Mccm.Pega.Outbound.PegaTest.PegamarktingTest" time="59.648">
    <failure message="timeout: Timed out receiving message from renderer: 20.000&#10;  (Session info: chrome=86.0.4240.75)&#10;Build info: version: &apos;3.141.59&apos;, revision: &apos;e82be7d358&apos;, time: &apos;2018-11-14T08:17:03&apos;&#10;System info: host: &apos;INSGH045PMS0&apos;, ip: &apos;10.218.211.68&apos;, os.name: &apos;Windows 10&apos;, os.arch: &apos;amd64&apos;, os.version: &apos;10.0&apos;, java.version: &apos;1.8.0_251&apos;&#10;Driver info: org.openqa.selenium.chrome.ChromeDriver&#10;Capabilities {acceptInsecureCerts: false, browserName: chrome, browserVersion: 86.0.4240.75, chrome: {chromedriverVersion: 86.0.4240.22 (398b0743353ff..., userDataDir: C:\Users\prout21\AppData\Lo...}, goog:chromeOptions: {debuggerAddress: localhost:65382}, javascriptEnabled: true, networkConnectionEnabled: false, pageLoadStrategy: normal, platform: WINDOWS, platformName: WINDOWS, proxy: Proxy(), setWindowRect: true, strictFileInteractability: false, timeouts: {implicit: 0, pageLoad: 300000, script: 30000}, unhandledPromptBehavior: dismiss and notify, webauthn:virtualAuthenticators: true}&#10;Session ID: 45afa598b90ef8b81fe3112ae9c1cf05" type="org.openqa.selenium.TimeoutException">org.openqa.selenium.TimeoutException: 
timeout: Timed out receiving message from renderer: 20.000
  (Session info: chrome=86.0.4240.75)
Build info: version: '3.141.59', revision: 'e82be7d358', time: '2018-11-14T08:17:03'
System info: host: 'INSGH045PMS0', ip: '10.218.211.68', os.name: 'Windows 10', os.arch: 'amd64', os.version: '10.0', java.version: '1.8.0_251'
Driver info: org.openqa.selenium.chrome.ChromeDriver
Capabilities {acceptInsecureCerts: false, browserName: chrome, browserVersion: 86.0.4240.75, chrome: {chromedriverVersion: 86.0.4240.22 (398b0743353ff..., userDataDir: C:\Users\prout21\AppData\Lo...}, goog:chromeOptions: {debuggerAddress: localhost:65382}, javascriptEnabled: true, networkConnectionEnabled: false, pageLoadStrategy: normal, platform: WINDOWS, platformName: WINDOWS, proxy: Proxy(), setWindowRect: true, strictFileInteractability: false, timeouts: {implicit: 0, pageLoad: 300000, script: 30000}, unhandledPromptBehavior: dismiss and notify, webauthn:virtualAuthenticators: true}
Session ID: 45afa598b90ef8b81fe3112ae9c1cf05
	at Mccm.Pega.Outbound.PegaTest.PegamarktingTest.VerifyNBACampaignRunSuccessfully(PegamarktingTest.java:50)
</failure>
    <system-out><![CDATA[*** Test Suite Pega Dynamic System Setting Regression Test ending ***
*** Test Suite Pega NBACampaign Run Marketing Completed Regression Test started ***
*** Running test method VerifyNBACampaignRunSuccessfully...
CDwindow-F74004F48D54063BEA6CA59BD3991CCF
*** Test execution VerifyNBACampaignRunSuccessfully failed...
]]></system-out>
    <system-err><![CDATA[Starting ChromeDriver 86.0.4240.22 (398b0743353ff36fb1b82468f63a3a93b4e2e89e-refs/branch-heads/4240@{#378}) on port 39607
Only local connections are allowed.
Please see https://chromedriver.chromium.org/security-considerations for suggestions on keeping ChromeDriver safe.
ChromeDriver was started successfully.
Oct 13, 2020 6:20:24 PM org.openqa.selenium.remote.ProtocolHandshake createSession
INFO: Detected dialect: W3C
[1602593504.763][SEVERE]: Timed out receiving message from renderer: 20.000
[1602593504.765][SEVERE]: Timed out receiving message from renderer: 20.000
]]></system-err>
  </testcase>
  <testcase name="VerifyDBConfigurationSuccessfully" classname="Mccm.Pega.Outbound.PegaTest.DBConfigValdtnTest" time="183.942">
    <failure message="expected [PR-9365] but found [PR-8199]" type="java.lang.AssertionError">java.lang.AssertionError: expected [PR-9365] but found [PR-8199]
	at Mccm.Pega.Outbound.PegaTest.DBConfigValdtnTest.VerifyDBConfigurationSuccessfully(DBConfigValdtnTest.java:52)
</failure>
    <system-out><![CDATA[Pega Markting Finished
*** Test Suite Pega NBACampaign Run Marketing Completed Regression Test ending ***
*** Test Suite Pega NBA DB Config Completed Regression Test started ***
*** Running test method VerifyDBConfigurationSuccessfully...
PR-8199
PR-9365
*** Test execution VerifyDBConfigurationSuccessfully failed...
]]></system-out>
    <system-err><![CDATA[Starting ChromeDriver 86.0.4240.22 (398b0743353ff36fb1b82468f63a3a93b4e2e89e-refs/branch-heads/4240@{#378}) on port 3560
Only local connections are allowed.
Please see https://chromedriver.chromium.org/security-considerations for suggestions on keeping ChromeDriver safe.
ChromeDriver was started successfully.
Oct 13, 2020 6:21:48 PM org.openqa.selenium.remote.ProtocolHandshake createSession
INFO: Detected dialect: W3C
]]></system-err>
  </testcase>
  <testcase name="VerifyExtracDataLoadedSuccessfully" classname="Mccm.Unix.Outbound.App_Unix_Outbound_Extract_Test" time="62.968"/>
  <testcase name="VerifyExtractChannelFileCheckSuccessfully" classname="Mccm.Pega.Outbound.PegaTest.ExtractChannelFileTest" time="154.147"/>
  <testcase name="VerifyNBABatchProcessCompletedSuccessfully" classname="Mccm.Pega.Outbound.PegaTest.NBAOutboundValdtnTest" time="133.73">
    <failure message="no such element: Unable to locate element: {&quot;method&quot;:&quot;xpath&quot;,&quot;selector&quot;:&quot;(//span[contains(.,&apos;PR-&apos;)])[3]&quot;}&#10;  (Session info: chrome=86.0.4240.75)&#10;For documentation on this error, please visit: https://www.seleniumhq.org/exceptions/no_such_element.html&#10;Build info: version: &apos;3.141.59&apos;, revision: &apos;e82be7d358&apos;, time: &apos;2018-11-14T08:17:03&apos;&#10;System info: host: &apos;INSGH045PMS0&apos;, ip: &apos;10.218.211.68&apos;, os.name: &apos;Windows 10&apos;, os.arch: &apos;amd64&apos;, os.version: &apos;10.0&apos;, java.version: &apos;1.8.0_251&apos;&#10;Driver info: org.openqa.selenium.chrome.ChromeDriver&#10;Capabilities {acceptInsecureCerts: false, browserName: chrome, browserVersion: 86.0.4240.75, chrome: {chromedriverVersion: 86.0.4240.22 (398b0743353ff..., userDataDir: C:\Users\prout21\AppData\Lo...}, goog:chromeOptions: {debuggerAddress: localhost:49182}, javascriptEnabled: true, networkConnectionEnabled: false, pageLoadStrategy: normal, platform: WINDOWS, platformName: WINDOWS, proxy: Proxy(), setWindowRect: true, strictFileInteractability: false, timeouts: {implicit: 0, pageLoad: 300000, script: 30000}, unhandledPromptBehavior: dismiss and notify, webauthn:virtualAuthenticators: true}&#10;Session ID: 424b4c1e8403d8b0e141a375f3134ca8&#10;*** Element info: {Using=xpath, value=(//span[contains(.,&apos;PR-&apos;)])[3]}" type="org.openqa.selenium.NoSuchElementException">org.openqa.selenium.NoSuchElementException: 
no such element: Unable to locate element: {"method":"xpath","selector":"(//span[contains(.,'PR-')])[3]"}
  (Session info: chrome=86.0.4240.75)
For documentation on this error, please visit: https://www.seleniumhq.org/exceptions/no_such_element.html
Build info: version: '3.141.59', revision: 'e82be7d358', time: '2018-11-14T08:17:03'
System info: host: 'INSGH045PMS0', ip: '10.218.211.68', os.name: 'Windows 10', os.arch: 'amd64', os.version: '10.0', java.version: '1.8.0_251'
Driver info: org.openqa.selenium.chrome.ChromeDriver
Capabilities {acceptInsecureCerts: false, browserName: chrome, browserVersion: 86.0.4240.75, chrome: {chromedriverVersion: 86.0.4240.22 (398b0743353ff..., userDataDir: C:\Users\prout21\AppData\Lo...}, goog:chromeOptions: {debuggerAddress: localhost:49182}, javascriptEnabled: true, networkConnectionEnabled: false, pageLoadStrategy: normal, platform: WINDOWS, platformName: WINDOWS, proxy: Proxy(), setWindowRect: true, strictFileInteractability: false, timeouts: {implicit: 0, pageLoad: 300000, script: 30000}, unhandledPromptBehavior: dismiss and notify, webauthn:virtualAuthenticators: true}
Session ID: 424b4c1e8403d8b0e141a375f3134ca8
*** Element info: {Using=xpath, value=(//span[contains(.,'PR-')])[3]}
	at Mccm.Pega.Outbound.PegaTest.NBAOutboundValdtnTest.VerifyNBABatchProcessCompletedSuccessfully(NBAOutboundValdtnTest.java:51)
</failure>
    <system-out><![CDATA[Extract file Check Done
*** Test Suite Pega Generated Extract Channel File Regression Test ending ***
*** Test Suite Pega NBACampaign Batch Process Completed Regression Test started ***
*** Running test method VerifyNBABatchProcessCompletedSuccessfully...
*** Test execution VerifyNBABatchProcessCompletedSuccessfully failed...
]]></system-out>
    <system-err><![CDATA[Starting ChromeDriver 86.0.4240.22 (398b0743353ff36fb1b82468f63a3a93b4e2e89e-refs/branch-heads/4240@{#378}) on port 2809
Only local connections are allowed.
Please see https://chromedriver.chromium.org/security-considerations for suggestions on keeping ChromeDriver safe.
ChromeDriver was started successfully.
Oct 13, 2020 6:29:53 PM org.openqa.selenium.remote.ProtocolHandshake createSession
INFO: Detected dialect: W3C
]]></system-err>
  </testcase>
</testsuite>