<?xml version="1.0" encoding="UTF-8"?>
<!-- Generated by org.testng.reporters.JUnitXMLReporter -->
<testsuite hostname="INSGH045PMS0" ignored="0" name="Command line test" tests="3" failures="0" timestamp="2021-01-14T15:46:44 IST" time="32.03" errors="0">
  <testcase name="VerifyLoginPageTitleTest" time="0.209" classname="Mccm.Pega.Outbound.PegaTest.LoginPageTest"/>
  <testcase name="VerifyPegaLogoTest" time="0.097" classname="Mccm.Pega.Outbound.PegaTest.LoginPageTest"/>
  <testcase name="VerifyLoginSuccessfulTest" time="8.901" classname="Mccm.Pega.Outbound.PegaTest.LoginPageTest"/>
</testsuite> <!-- Command line test -->
