<?xml version="1.0" encoding="UTF-8"?>
<!-- Generated by org.testng.reporters.JUnitXMLReporter -->
<testsuite hostname="IN5CD94237KD" ignored="0" name="Pega Inbound Interaction Recent History Regression Test" tests="1" failures="1" timestamp="2021-06-11T11:06:30 IST" time="101.69" errors="0">
  <testcase name="VerifyIntractionHistoryRunSuccessfully" time="91.637" classname="Mccm.Pega.Inbound.PegaTest.PegamarktIntrctnHistoryTest">
    <failure type="java.lang.AssertionError" message="expected [true] but found [false]">
      <![CDATA[java.lang.AssertionError: expected [true] but found [false]
at Mccm.Pega.Inbound.PegaMain.PegaMarketIntrctnHistry.InboundValidation(PegaMarketIntrctnHistry.java:177)
at Mccm.Pega.Inbound.PegaTest.PegamarktIntrctnHistoryTest.VerifyIntractionHistoryRunSuccessfully(PegamarktIntrctnHistoryTest.java:57)
at java.util.ArrayList.forEach(ArrayList.java:1259)
... Removed 31 stack frames]]>
    </failure>
  </testcase> <!-- VerifyIntractionHistoryRunSuccessfully -->
</testsuite> <!-- Pega Inbound Interaction Recent History Regression Test -->
