<?xml version="1.0" encoding="UTF-8"?>
<!-- Generated by org.testng.reporters.JUnitXMLReporter -->
<testsuite hostname="IN5CD94237KD" ignored="0" name="Pega Inbound Intraction Recent History Regression Test" tests="1" failures="1" timestamp="2021-04-26T16:09:33 IST" time="127.446" errors="0">
  <testcase name="VerifyIntractionHistoryRunSuccessfully" time="85.44" classname="Mccm.Pega.Inbound.PegaTest.PegamarktIntrctnHistoryTest">
    <failure type="java.lang.AssertionError" message="expected [true] but found [false]">
      <![CDATA[java.lang.AssertionError: expected [true] but found [false]
at Mccm.Pega.Inbound.PegaMain.PegaMarketIntrctnHistry.InboundValidation(PegaMarketIntrctnHistry.java:139)
at Mccm.Pega.Inbound.PegaTest.PegamarktIntrctnHistoryTest.VerifyIntractionHistoryRunSuccessfully(PegamarktIntrctnHistoryTest.java:54)
at java.util.ArrayList.forEach(Unknown Source)
... Removed 31 stack frames]]>
    </failure>
  </testcase> <!-- VerifyIntractionHistoryRunSuccessfully -->
</testsuite> <!-- Pega Inbound Intraction Recent History Regression Test -->
