<?xml version="1.0" encoding="UTF-8"?>
<!-- Generated by org.testng.reporters.JUnitXMLReporter -->
<testsuite hostname="INSGH045PMS0" ignored="0" name="Pega Intraction Recent History Regression Test" tests="1" failures="1" timestamp="2020-12-09T20:44:53 IST" time="101.933" errors="0">
  <testcase name="VerifyIntractionHistoryRunSuccessfully" time="78.676" classname="Mccm.Pega.Inbound.PegaTest.PegamarktIntrctnHistoryTest">
    <failure type="java.lang.AssertionError" message="expected [true] but found [false]">
      <![CDATA[java.lang.AssertionError: expected [true] but found [false]
at Mccm.Pega.Inbound.InteractionHistory.PegaMarketIntrctnHistry.Validation(PegaMarketIntrctnHistry.java:119)
at Mccm.Pega.Inbound.PegaTest.PegamarktIntrctnHistoryTest.VerifyIntractionHistoryRunSuccessfully(PegamarktIntrctnHistoryTest.java:56)
at java.util.ArrayList.forEach(ArrayList.java:1257)
... Removed 31 stack frames]]>
    </failure>
  </testcase> <!-- VerifyIntractionHistoryRunSuccessfully -->
</testsuite> <!-- Pega Intraction Recent History Regression Test -->
