<?xml version="1.0" encoding="UTF-8"?>
<!-- Generated by org.testng.reporters.JUnitXMLReporter -->
<testsuite hostname="IN5CD94237KD" ignored="0" name="Unix Filecheck And load Inbound Interface Regression Test" tests="3" failures="0" timestamp="2021-06-11T11:04:48 IST" time="94.269" errors="0">
  <testcase name="VerifyInboundDMPFileLoadSuccessfully" time="25.539" classname="Mccm.Unix.Inbound.App_Inbound_DMP_Test"/>
  <testcase name="VerifyInboundKIASEPOSFileLoadSuccessfully" time="34.844" classname="Mccm.Unix.Inbound.App_Inbound_KIASEPOS_Test"/>
  <testcase name="VerifyInboundONLINESHOPFileLoadSuccessfully" time="33.838" classname="Mccm.Unix.Inbound.App_Inbound_OnlineShop_Test"/>
</testsuite> <!-- Unix Filecheck And load Inbound Interface Regression Test -->
