<?xml version="1.0" encoding="UTF-8"?>
<!-- Generated by org.testng.reporters.JUnitXMLReporter -->
<testsuite hostname="IN5CD94237KD" ignored="0" name="Unix Filecheck And load Inbound Interface Regression Test" tests="3" failures="0" timestamp="2021-06-17T17:13:50 IST" time="97.476" errors="0">
  <testcase name="VerifyInboundDMPFileLoadSuccessfully" time="25.482" classname="Mccm.Unix.Inbound.App_Inbound_DMP_Test"/>
  <testcase name="VerifyInboundKIASEPOSFileLoadSuccessfully" time="35.035" classname="Mccm.Unix.Inbound.App_Inbound_KIASEPOS_Test"/>
  <testcase name="VerifyInboundONLINESHOPFileLoadSuccessfully" time="36.913" classname="Mccm.Unix.Inbound.App_Inbound_OnlineShop_Test"/>
</testsuite> <!-- Unix Filecheck And load Inbound Interface Regression Test -->
