<?xml version="1.0" encoding="UTF-8"?>
<!-- Generated by org.testng.reporters.JUnitXMLReporter -->
<testsuite hostname="INSGH045PMS0" ignored="0" name="Unix Filecheck Inbound Interface Regression Test" tests="3" failures="3" timestamp="2020-12-09T16:11:22 IST" time="0.671" errors="0">
  <testcase name="VerifyDMPFileLoadSuccessfully" time="0.567" classname="Mccm.Unix.Inbound.App_Inbound_DMP_Test">
    <failure type="java.lang.NullPointerException">
      <![CDATA[java.lang.NullPointerException
at org.apache.poi.poifs.filesystem.FileMagic.prepareToCheckMagic(FileMagic.java:148)
at org.apache.poi.openxml4j.opc.internal.ZipHelper.openZipStream(ZipHelper.java:208)
at org.apache.poi.openxml4j.opc.ZipPackage.<init>(ZipPackage.java:98)
at org.apache.poi.openxml4j.opc.OPCPackage.open(OPCPackage.java:324)
at org.apache.poi.util.PackageHelper.open(PackageHelper.java:37)
at org.apache.poi.xssf.usermodel.XSSFWorkbook.<init>(XSSFWorkbook.java:295)
at Mccm.Unix.Inbound.XLSXReadWrite.<init>(XLSXReadWrite.java:34)
at Mccm.Unix.Inbound.App_Inbound_DMP_Test.VerifyDMPFileLoadSuccessfully(App_Inbound_DMP_Test.java:80)
at java.util.ArrayList.forEach(ArrayList.java:1257)
... Removed 27 stack frames]]>
    </failure>
  </testcase> <!-- VerifyDMPFileLoadSuccessfully -->
  <testcase name="VerifyKIASEPOSFileLoadSuccessfully" time="0.01" classname="Mccm.Unix.Inbound.App_Inbound_KIASEPOS_Test">
    <failure type="java.lang.NullPointerException">
      <![CDATA[java.lang.NullPointerException
at org.apache.poi.poifs.filesystem.FileMagic.prepareToCheckMagic(FileMagic.java:148)
at org.apache.poi.openxml4j.opc.internal.ZipHelper.openZipStream(ZipHelper.java:208)
at org.apache.poi.openxml4j.opc.ZipPackage.<init>(ZipPackage.java:98)
at org.apache.poi.openxml4j.opc.OPCPackage.open(OPCPackage.java:324)
at org.apache.poi.util.PackageHelper.open(PackageHelper.java:37)
at org.apache.poi.xssf.usermodel.XSSFWorkbook.<init>(XSSFWorkbook.java:295)
at Mccm.Unix.Inbound.XLSXReadWrite.<init>(XLSXReadWrite.java:34)
at Mccm.Unix.Inbound.App_Inbound_KIASEPOS_Test.VerifyKIASEPOSFileLoadSuccessfully(App_Inbound_KIASEPOS_Test.java:82)
at java.util.ArrayList.forEach(ArrayList.java:1257)
... Removed 27 stack frames]]>
    </failure>
  </testcase> <!-- VerifyKIASEPOSFileLoadSuccessfully -->
  <testcase name="VerifyONLINESHOPFileLoadSuccessfully" time="0.011" classname="Mccm.Unix.Inbound.App_Inbound_OnlineShop_Test">
    <failure type="java.lang.NullPointerException">
      <![CDATA[java.lang.NullPointerException
at org.apache.poi.poifs.filesystem.FileMagic.prepareToCheckMagic(FileMagic.java:148)
at org.apache.poi.openxml4j.opc.internal.ZipHelper.openZipStream(ZipHelper.java:208)
at org.apache.poi.openxml4j.opc.ZipPackage.<init>(ZipPackage.java:98)
at org.apache.poi.openxml4j.opc.OPCPackage.open(OPCPackage.java:324)
at org.apache.poi.util.PackageHelper.open(PackageHelper.java:37)
at org.apache.poi.xssf.usermodel.XSSFWorkbook.<init>(XSSFWorkbook.java:295)
at Mccm.Unix.Inbound.XLSXReadWrite.<init>(XLSXReadWrite.java:34)
at Mccm.Unix.Inbound.App_Inbound_OnlineShop_Test.VerifyONLINESHOPFileLoadSuccessfully(App_Inbound_OnlineShop_Test.java:82)
at java.util.ArrayList.forEach(ArrayList.java:1257)
... Removed 27 stack frames]]>
    </failure>
  </testcase> <!-- VerifyONLINESHOPFileLoadSuccessfully -->
</testsuite> <!-- Unix Filecheck Inbound Interface Regression Test -->
