<?xml version="1.0" encoding="UTF-8"?>
<!-- Generated by org.testng.reporters.JUnitXMLReporter -->
<testsuite hostname="INSGH045PMS0" ignored="0" name="RestAPI POST Call NBA Regression Test" tests="2" failures="1" timestamp="2020-11-18T15:22:10 IST" time="3.261" errors="0">
  <testcase name="VerifyDMPRTPNBAMobHashedAPIcallSuccessfully" time="2.735" classname="Mccm.Pega.DMPRealTime.PegaTest.DMPRTPNBAMobHashTest">
    <failure type="java.lang.AssertionError" message="Status code is not 200 , expected [200] but found [400]">
      <![CDATA[java.lang.AssertionError: Status code is not 200 , expected [200] but found [400]
at Mccm.Pega.DMPRealTime.PegaTest.DMPRTPNBAMobHashTest.VerifyDMPRTPNBAMobHashedAPIcallSuccessfully(DMPRTPNBAMobHashTest.java:92)
at java.util.ArrayList.forEach(ArrayList.java:1257)
... Removed 31 stack frames]]>
    </failure>
  </testcase> <!-- VerifyDMPRTPNBAMobHashedAPIcallSuccessfully -->
  <testcase name="VerifyDMPRTPNBAMobHashedAPIcallSuccessfully" time="0.517" classname="Mccm.Pega.DMPRealTime.PegaTest.DMPRTPNBAProOffRltsTest"/>
</testsuite> <!-- RestAPI POST Call NBA Regression Test -->
