<?xml version="1.0" encoding="UTF-8"?>
<testng-results skipped="0" failed="0" ignored="0" total="1" passed="1">
  <reporter-output>
  </reporter-output>
  <suite name="Default suite" duration-ms="2826" started-at="2021-06-10T12:02:00 IST" finished-at="2021-06-10T12:02:03 IST">
    <groups>
    </groups>
    <test name="Default test" duration-ms="2826" started-at="2021-06-10T12:02:00 IST" finished-at="2021-06-10T12:02:03 IST">
      <class name="Mccm.Pega.OSF.PegaTest.OSFAPICallProFdUpdShpCrtIDTest">
        <test-method status="PASS" signature="VerifyOSFProcessFeedBackUpdateShoppingCartIDAPIcallSuccessfully()[pri:0, instance:Mccm.Pega.OSF.PegaTest.OSFAPICallProFdUpdShpCrtIDTest@74a10858]" name="VerifyOSFProcessFeedBackUpdateShoppingCartIDAPIcallSuccessfully" duration-ms="2795" started-at="2021-06-10T12:02:00 IST" finished-at="2021-06-10T12:02:03 IST">
          <reporter-output>
          </reporter-output>
        </test-method> <!-- VerifyOSFProcessFeedBackUpdateShoppingCartIDAPIcallSuccessfully -->
      </class> <!-- Mccm.Pega.OSF.PegaTest.OSFAPICallProFdUpdShpCrtIDTest -->
    </test> <!-- Default test -->
  </suite> <!-- Default suite -->
</testng-results>
