<?xml version="1.0" encoding="UTF-8"?>
<testng-results skipped="0" failed="3" ignored="0" total="10" passed="7">
  <reporter-output>
  </reporter-output>
  <suite name="Mccm NBA Outbound Automation Regression Suite" duration-ms="1915712" started-at="2021-06-18T10:22:26 IST" finished-at="2021-06-18T10:54:22 IST">
    <groups>
    </groups>
    <test name="Pre Data Setup for Valid Camp Code Regression Test" duration-ms="114656" started-at="2021-06-18T10:22:26 IST" finished-at="2021-06-18T10:24:20 IST">
      <class name="Mccm.Pega.Outbound.PegaTest.PegaPreChkValidCampCdTest">
        <test-method status="PASS" signature="setup()[pri:0, instance:Mccm.Pega.Outbound.PegaTest.PegaPreChkValidCampCdTest@10163d6]" name="setup" is-config="true" duration-ms="44411" started-at="2021-06-18T10:22:26 IST" finished-at="2021-06-18T10:23:10 IST">
          <reporter-output>
          </reporter-output>
        </test-method> <!-- setup -->
        <test-method status="PASS" signature="VerifyOutboundPreCheckNBACampCodeValueValidSuccessfully()[pri:1, instance:Mccm.Pega.Outbound.PegaTest.PegaPreChkValidCampCdTest@10163d6]" name="VerifyOutboundPreCheckNBACampCodeValueValidSuccessfully" duration-ms="69022" started-at="2021-06-18T10:23:10 IST" finished-at="2021-06-18T10:24:19 IST">
          <reporter-output>
          </reporter-output>
        </test-method> <!-- VerifyOutboundPreCheckNBACampCodeValueValidSuccessfully -->
        <test-method status="PASS" signature="teardown()[pri:0, instance:Mccm.Pega.Outbound.PegaTest.PegaPreChkValidCampCdTest@10163d6]" name="teardown" is-config="true" duration-ms="1137" started-at="2021-06-18T10:24:19 IST" finished-at="2021-06-18T10:24:20 IST">
          <reporter-output>
          </reporter-output>
        </test-method> <!-- teardown -->
      </class> <!-- Mccm.Pega.Outbound.PegaTest.PegaPreChkValidCampCdTest -->
    </test> <!-- Pre Data Setup for Valid Camp Code Regression Test -->
    <test name="Pega Dynamic System Setting Regression Test" duration-ms="395212" started-at="2021-06-18T10:24:21 IST" finished-at="2021-06-18T10:30:56 IST">
      <class name="Mccm.Pega.Outbound.PegaTest.DataLoadDetailsTest">
        <test-method status="PASS" signature="setup()[pri:0, instance:Mccm.Pega.Outbound.PegaTest.DataLoadDetailsTest@759d26fb]" name="setup" is-config="true" duration-ms="36220" started-at="2021-06-18T10:25:11 IST" finished-at="2021-06-18T10:25:47 IST">
          <reporter-output>
          </reporter-output>
        </test-method> <!-- setup -->
        <test-method status="FAIL" signature="VerifyOutboundOracleCansadraDataLoadedSuccessfully()[pri:1, instance:Mccm.Pega.Outbound.PegaTest.DataLoadDetailsTest@759d26fb]" name="VerifyOutboundOracleCansadraDataLoadedSuccessfully" duration-ms="70582" started-at="2021-06-18T10:25:47 IST" finished-at="2021-06-18T10:26:58 IST">
          <exception class="java.lang.AssertionError">
            <message>
              <![CDATA[expected [Y] but found [N]]]>
            </message>
            <full-stacktrace>
              <![CDATA[java.lang.AssertionError: expected [Y] but found [N]
at org.testng.Assert.fail(Assert.java:97)
at org.testng.Assert.assertEqualsImpl(Assert.java:136)
at org.testng.Assert.assertEquals(Assert.java:118)
at org.testng.Assert.assertEquals(Assert.java:575)
at org.testng.Assert.assertEquals(Assert.java:585)
at Mccm.Pega.Outbound.PegaMain.DataLoadDetails.DataLoadCmpltdCsndra(DataLoadDetails.java:184)
at Mccm.Pega.Outbound.PegaTest.DataLoadDetailsTest.VerifyOutboundOracleCansadraDataLoadedSuccessfully(DataLoadDetailsTest.java:88)
at sun.reflect.NativeMethodAccessorImpl.invoke0(Native Method)
at sun.reflect.NativeMethodAccessorImpl.invoke(NativeMethodAccessorImpl.java:62)
at sun.reflect.DelegatingMethodAccessorImpl.invoke(DelegatingMethodAccessorImpl.java:43)
at java.lang.reflect.Method.invoke(Method.java:498)
at org.testng.internal.MethodInvocationHelper.invokeMethod(MethodInvocationHelper.java:135)
at org.testng.internal.TestInvoker.invokeMethod(TestInvoker.java:598)
at org.testng.internal.TestInvoker.invokeTestMethod(TestInvoker.java:174)
at org.testng.internal.MethodRunner.runInSequence(MethodRunner.java:46)
at org.testng.internal.TestInvoker$MethodInvocationAgent.invoke(TestInvoker.java:821)
at org.testng.internal.TestInvoker.invokeTestMethods(TestInvoker.java:147)
at org.testng.internal.TestMethodWorker.invokeTestMethods(TestMethodWorker.java:146)
at org.testng.internal.TestMethodWorker.run(TestMethodWorker.java:128)
at java.util.ArrayList.forEach(ArrayList.java:1259)
at org.testng.TestRunner.privateRun(TestRunner.java:767)
at org.testng.TestRunner.run(TestRunner.java:588)
at org.testng.SuiteRunner.runTest(SuiteRunner.java:384)
at org.testng.SuiteRunner.runSequentially(SuiteRunner.java:378)
at org.testng.SuiteRunner.privateRun(SuiteRunner.java:337)
at org.testng.SuiteRunner.run(SuiteRunner.java:286)
at org.testng.SuiteRunnerWorker.runSuite(SuiteRunnerWorker.java:53)
at org.testng.SuiteRunnerWorker.run(SuiteRunnerWorker.java:96)
at org.testng.TestNG.runSuitesSequentially(TestNG.java:1214)
at org.testng.TestNG.runSuitesLocally(TestNG.java:1136)
at org.testng.TestNG.runSuites(TestNG.java:1066)
at org.testng.TestNG.run(TestNG.java:1034)
at org.testng.remote.AbstractRemoteTestNG.run(AbstractRemoteTestNG.java:115)
at org.testng.remote.RemoteTestNG.initAndRun(RemoteTestNG.java:251)
at org.testng.remote.RemoteTestNG.main(RemoteTestNG.java:77)
]]>
            </full-stacktrace>
          </exception> <!-- java.lang.AssertionError -->
          <reporter-output>
          </reporter-output>
        </test-method> <!-- VerifyOutboundOracleCansadraDataLoadedSuccessfully -->
        <test-method status="PASS" signature="teardown()[pri:0, instance:Mccm.Pega.Outbound.PegaTest.DataLoadDetailsTest@759d26fb]" name="teardown" is-config="true" duration-ms="1121" started-at="2021-06-18T10:26:58 IST" finished-at="2021-06-18T10:26:59 IST">
          <reporter-output>
          </reporter-output>
        </test-method> <!-- teardown -->
      </class> <!-- Mccm.Pega.Outbound.PegaTest.DataLoadDetailsTest -->
      <class name="Mccm.Pega.Outbound.PegaTest.HomePageTest">
        <test-method status="PASS" signature="setup()[pri:0, instance:Mccm.Pega.Outbound.PegaTest.HomePageTest@3c73951]" name="setup" is-config="true" duration-ms="47852" started-at="2021-06-18T10:26:59 IST" finished-at="2021-06-18T10:27:47 IST">
          <reporter-output>
          </reporter-output>
        </test-method> <!-- setup -->
        <test-method status="PASS" signature="VerifyOutboundDynamicSystemSettingSuccessfully()[pri:1, instance:Mccm.Pega.Outbound.PegaTest.HomePageTest@3c73951]" name="VerifyOutboundDynamicSystemSettingSuccessfully" duration-ms="188082" started-at="2021-06-18T10:27:47 IST" finished-at="2021-06-18T10:30:55 IST">
          <reporter-output>
          </reporter-output>
        </test-method> <!-- VerifyOutboundDynamicSystemSettingSuccessfully -->
        <test-method status="PASS" signature="teardown()[pri:0, instance:Mccm.Pega.Outbound.PegaTest.HomePageTest@3c73951]" name="teardown" is-config="true" duration-ms="1332" started-at="2021-06-18T10:30:55 IST" finished-at="2021-06-18T10:30:56 IST">
          <reporter-output>
          </reporter-output>
        </test-method> <!-- teardown -->
      </class> <!-- Mccm.Pega.Outbound.PegaTest.HomePageTest -->
      <class name="Mccm.Pega.Outbound.PegaTest.LoginPageTest">
        <test-method status="PASS" signature="setup()[pri:0, instance:Mccm.Pega.Outbound.PegaTest.LoginPageTest@4bb33f74]" name="setup" is-config="true" duration-ms="4667" started-at="2021-06-18T10:24:21 IST" finished-at="2021-06-18T10:24:26 IST">
          <reporter-output>
          </reporter-output>
        </test-method> <!-- setup -->
        <test-method status="PASS" signature="VerifyPegaApplicationLoginPageTitleTest()[pri:1, instance:Mccm.Pega.Outbound.PegaTest.LoginPageTest@4bb33f74]" name="VerifyPegaApplicationLoginPageTitleTest" duration-ms="15" started-at="2021-06-18T10:24:26 IST" finished-at="2021-06-18T10:24:26 IST">
          <reporter-output>
          </reporter-output>
        </test-method> <!-- VerifyPegaApplicationLoginPageTitleTest -->
        <test-method status="PASS" signature="teardown()[pri:0, instance:Mccm.Pega.Outbound.PegaTest.LoginPageTest@4bb33f74]" name="teardown" is-config="true" duration-ms="1082" started-at="2021-06-18T10:24:26 IST" finished-at="2021-06-18T10:24:27 IST">
          <reporter-output>
          </reporter-output>
        </test-method> <!-- teardown -->
        <test-method status="PASS" signature="setup()[pri:0, instance:Mccm.Pega.Outbound.PegaTest.LoginPageTest@4bb33f74]" name="setup" is-config="true" duration-ms="4407" started-at="2021-06-18T10:24:27 IST" finished-at="2021-06-18T10:24:31 IST">
          <reporter-output>
          </reporter-output>
        </test-method> <!-- setup -->
        <test-method status="PASS" signature="VerifyPegaApplicationPegaLogoTest()[pri:2, instance:Mccm.Pega.Outbound.PegaTest.LoginPageTest@4bb33f74]" name="VerifyPegaApplicationPegaLogoTest" duration-ms="64" started-at="2021-06-18T10:24:31 IST" finished-at="2021-06-18T10:24:31 IST">
          <reporter-output>
          </reporter-output>
        </test-method> <!-- VerifyPegaApplicationPegaLogoTest -->
        <test-method status="PASS" signature="teardown()[pri:0, instance:Mccm.Pega.Outbound.PegaTest.LoginPageTest@4bb33f74]" name="teardown" is-config="true" duration-ms="1026" started-at="2021-06-18T10:24:31 IST" finished-at="2021-06-18T10:24:32 IST">
          <reporter-output>
          </reporter-output>
        </test-method> <!-- teardown -->
        <test-method status="PASS" signature="setup()[pri:0, instance:Mccm.Pega.Outbound.PegaTest.LoginPageTest@4bb33f74]" name="setup" is-config="true" duration-ms="4393" started-at="2021-06-18T10:24:32 IST" finished-at="2021-06-18T10:24:37 IST">
          <reporter-output>
          </reporter-output>
        </test-method> <!-- setup -->
        <test-method status="PASS" signature="VerifyPegaApplicationLoginSuccessfulTest()[pri:3, instance:Mccm.Pega.Outbound.PegaTest.LoginPageTest@4bb33f74]" name="VerifyPegaApplicationLoginSuccessfulTest" duration-ms="33257" started-at="2021-06-18T10:24:37 IST" finished-at="2021-06-18T10:25:10 IST">
          <reporter-output>
          </reporter-output>
        </test-method> <!-- VerifyPegaApplicationLoginSuccessfulTest -->
        <test-method status="PASS" signature="teardown()[pri:0, instance:Mccm.Pega.Outbound.PegaTest.LoginPageTest@4bb33f74]" name="teardown" is-config="true" duration-ms="1071" started-at="2021-06-18T10:25:10 IST" finished-at="2021-06-18T10:25:11 IST">
          <reporter-output>
          </reporter-output>
        </test-method> <!-- teardown -->
      </class> <!-- Mccm.Pega.Outbound.PegaTest.LoginPageTest -->
    </test> <!-- Pega Dynamic System Setting Regression Test -->
    <test name="Pega NBACampaign Run Marketing Completed Regression Test" duration-ms="949817" started-at="2021-06-18T10:30:57 IST" finished-at="2021-06-18T10:46:46 IST">
      <class name="Mccm.Pega.Outbound.PegaTest.PegamarktingTest">
        <test-method status="PASS" signature="setup()[pri:0, instance:Mccm.Pega.Outbound.PegaTest.PegamarktingTest@4a7f959b]" name="setup" is-config="true" duration-ms="33540" started-at="2021-06-18T10:30:57 IST" finished-at="2021-06-18T10:31:30 IST">
          <reporter-output>
          </reporter-output>
        </test-method> <!-- setup -->
        <test-method status="PASS" signature="VerifyOutboundNBACampaignRunSuccessfully()[pri:1, instance:Mccm.Pega.Outbound.PegaTest.PegamarktingTest@4a7f959b]" name="VerifyOutboundNBACampaignRunSuccessfully" duration-ms="916272" started-at="2021-06-18T10:31:30 IST" finished-at="2021-06-18T10:46:46 IST">
          <reporter-output>
          </reporter-output>
        </test-method> <!-- VerifyOutboundNBACampaignRunSuccessfully -->
        <test-method status="PASS" signature="teardown()[pri:0, instance:Mccm.Pega.Outbound.PegaTest.PegamarktingTest@4a7f959b]" name="teardown" is-config="true" duration-ms="0" started-at="2021-06-18T10:46:46 IST" finished-at="2021-06-18T10:46:46 IST">
          <reporter-output>
          </reporter-output>
        </test-method> <!-- teardown -->
      </class> <!-- Mccm.Pega.Outbound.PegaTest.PegamarktingTest -->
    </test> <!-- Pega NBACampaign Run Marketing Completed Regression Test -->
    <test name="Pega NBA DB Config Completed Regression Test" duration-ms="192967" started-at="2021-06-18T10:46:46 IST" finished-at="2021-06-18T10:49:59 IST">
      <class name="Mccm.Pega.Outbound.PegaTest.DBConfigValdtnTest">
        <test-method status="PASS" signature="setup()[pri:0, instance:Mccm.Pega.Outbound.PegaTest.DBConfigValdtnTest@6d4e5011]" name="setup" is-config="true" duration-ms="51176" started-at="2021-06-18T10:46:46 IST" finished-at="2021-06-18T10:47:38 IST">
          <reporter-output>
          </reporter-output>
        </test-method> <!-- setup -->
        <test-method status="FAIL" signature="VerifyOutboundDBConfigurationCampRunidValidationSuccessfully()[pri:1, instance:Mccm.Pega.Outbound.PegaTest.DBConfigValdtnTest@6d4e5011]" name="VerifyOutboundDBConfigurationCampRunidValidationSuccessfully" duration-ms="140760" started-at="2021-06-18T10:47:38 IST" finished-at="2021-06-18T10:49:58 IST">
          <exception class="java.lang.AssertionError">
            <message>
              <![CDATA[expected [PR-28823] but found [PR-28696]]]>
            </message>
            <full-stacktrace>
              <![CDATA[java.lang.AssertionError: expected [PR-28823] but found [PR-28696]
at org.testng.Assert.fail(Assert.java:97)
at org.testng.Assert.assertEqualsImpl(Assert.java:136)
at org.testng.Assert.assertEquals(Assert.java:118)
at org.testng.Assert.assertEquals(Assert.java:575)
at org.testng.Assert.assertEquals(Assert.java:585)
at Mccm.Pega.Outbound.PegaMain.DBConfigValdtn.CampRunidValidation(DBConfigValdtn.java:190)
at Mccm.Pega.Outbound.PegaTest.DBConfigValdtnTest.VerifyOutboundDBConfigurationCampRunidValidationSuccessfully(DBConfigValdtnTest.java:52)
at sun.reflect.NativeMethodAccessorImpl.invoke0(Native Method)
at sun.reflect.NativeMethodAccessorImpl.invoke(NativeMethodAccessorImpl.java:62)
at sun.reflect.DelegatingMethodAccessorImpl.invoke(DelegatingMethodAccessorImpl.java:43)
at java.lang.reflect.Method.invoke(Method.java:498)
at org.testng.internal.MethodInvocationHelper.invokeMethod(MethodInvocationHelper.java:135)
at org.testng.internal.TestInvoker.invokeMethod(TestInvoker.java:598)
at org.testng.internal.TestInvoker.invokeTestMethod(TestInvoker.java:174)
at org.testng.internal.MethodRunner.runInSequence(MethodRunner.java:46)
at org.testng.internal.TestInvoker$MethodInvocationAgent.invoke(TestInvoker.java:821)
at org.testng.internal.TestInvoker.invokeTestMethods(TestInvoker.java:147)
at org.testng.internal.TestMethodWorker.invokeTestMethods(TestMethodWorker.java:146)
at org.testng.internal.TestMethodWorker.run(TestMethodWorker.java:128)
at java.util.ArrayList.forEach(ArrayList.java:1259)
at org.testng.TestRunner.privateRun(TestRunner.java:767)
at org.testng.TestRunner.run(TestRunner.java:588)
at org.testng.SuiteRunner.runTest(SuiteRunner.java:384)
at org.testng.SuiteRunner.runSequentially(SuiteRunner.java:378)
at org.testng.SuiteRunner.privateRun(SuiteRunner.java:337)
at org.testng.SuiteRunner.run(SuiteRunner.java:286)
at org.testng.SuiteRunnerWorker.runSuite(SuiteRunnerWorker.java:53)
at org.testng.SuiteRunnerWorker.run(SuiteRunnerWorker.java:96)
at org.testng.TestNG.runSuitesSequentially(TestNG.java:1214)
at org.testng.TestNG.runSuitesLocally(TestNG.java:1136)
at org.testng.TestNG.runSuites(TestNG.java:1066)
at org.testng.TestNG.run(TestNG.java:1034)
at org.testng.remote.AbstractRemoteTestNG.run(AbstractRemoteTestNG.java:115)
at org.testng.remote.RemoteTestNG.initAndRun(RemoteTestNG.java:251)
at org.testng.remote.RemoteTestNG.main(RemoteTestNG.java:77)
]]>
            </full-stacktrace>
          </exception> <!-- java.lang.AssertionError -->
          <reporter-output>
          </reporter-output>
        </test-method> <!-- VerifyOutboundDBConfigurationCampRunidValidationSuccessfully -->
        <test-method status="PASS" signature="teardown()[pri:0, instance:Mccm.Pega.Outbound.PegaTest.DBConfigValdtnTest@6d4e5011]" name="teardown" is-config="true" duration-ms="1028" started-at="2021-06-18T10:49:58 IST" finished-at="2021-06-18T10:49:59 IST">
          <reporter-output>
          </reporter-output>
        </test-method> <!-- teardown -->
      </class> <!-- Mccm.Pega.Outbound.PegaTest.DBConfigValdtnTest -->
    </test> <!-- Pega NBA DB Config Completed Regression Test -->
    <test name="Pega Generated Extract Channel File Regression Test" duration-ms="112847" started-at="2021-06-18T10:50:00 IST" finished-at="2021-06-18T10:51:52 IST">
      <class name="Mccm.Pega.Outbound.PegaTest.ExtractChannelFileTest">
        <test-method status="PASS" signature="setup()[pri:0, instance:Mccm.Pega.Outbound.PegaTest.ExtractChannelFileTest@71238fc2]" name="setup" is-config="true" duration-ms="41966" started-at="2021-06-18T10:50:00 IST" finished-at="2021-06-18T10:50:42 IST">
          <reporter-output>
          </reporter-output>
        </test-method> <!-- setup -->
        <test-method status="PASS" signature="VerifyOutboundExtractChannelFileCheckSuccessfully()[pri:1, instance:Mccm.Pega.Outbound.PegaTest.ExtractChannelFileTest@71238fc2]" name="VerifyOutboundExtractChannelFileCheckSuccessfully" duration-ms="69996" started-at="2021-06-18T10:50:42 IST" finished-at="2021-06-18T10:51:52 IST">
          <reporter-output>
          </reporter-output>
        </test-method> <!-- VerifyOutboundExtractChannelFileCheckSuccessfully -->
        <test-method status="PASS" signature="teardown()[pri:0, instance:Mccm.Pega.Outbound.PegaTest.ExtractChannelFileTest@71238fc2]" name="teardown" is-config="true" duration-ms="881" started-at="2021-06-18T10:51:52 IST" finished-at="2021-06-18T10:51:52 IST">
          <reporter-output>
          </reporter-output>
        </test-method> <!-- teardown -->
      </class> <!-- Mccm.Pega.Outbound.PegaTest.ExtractChannelFileTest -->
    </test> <!-- Pega Generated Extract Channel File Regression Test -->
    <test name="Pega NBACampaign Batch Process Completed Regression Test" duration-ms="149064" started-at="2021-06-18T10:51:52 IST" finished-at="2021-06-18T10:54:22 IST">
      <class name="Mccm.Pega.Outbound.PegaTest.NBAOutboundValdtnTest">
        <test-method status="PASS" signature="setup()[pri:0, instance:Mccm.Pega.Outbound.PegaTest.NBAOutboundValdtnTest@3bf9ce3e]" name="setup" is-config="true" duration-ms="49359" started-at="2021-06-18T10:51:52 IST" finished-at="2021-06-18T10:52:42 IST">
          <reporter-output>
          </reporter-output>
        </test-method> <!-- setup -->
        <test-method status="FAIL" signature="VerifyOutboundNBABatchProcessCompletedSuccessfully()[pri:1, instance:Mccm.Pega.Outbound.PegaTest.NBAOutboundValdtnTest@3bf9ce3e]" name="VerifyOutboundNBABatchProcessCompletedSuccessfully" duration-ms="98653" started-at="2021-06-18T10:52:42 IST" finished-at="2021-06-18T10:54:20 IST">
          <exception class="java.lang.AssertionError">
            <message>
              <![CDATA[expected [PR-28823] but found [PR-28683]]]>
            </message>
            <full-stacktrace>
              <![CDATA[java.lang.AssertionError: expected [PR-28823] but found [PR-28683]
at org.testng.Assert.fail(Assert.java:97)
at org.testng.Assert.assertEqualsImpl(Assert.java:136)
at org.testng.Assert.assertEquals(Assert.java:118)
at org.testng.Assert.assertEquals(Assert.java:575)
at org.testng.Assert.assertEquals(Assert.java:585)
at Mccm.Pega.Outbound.PegaMain.NBAOutboundValdtn.CampRUNid(NBAOutboundValdtn.java:194)
at Mccm.Pega.Outbound.PegaTest.NBAOutboundValdtnTest.VerifyOutboundNBABatchProcessCompletedSuccessfully(NBAOutboundValdtnTest.java:52)
at sun.reflect.NativeMethodAccessorImpl.invoke0(Native Method)
at sun.reflect.NativeMethodAccessorImpl.invoke(NativeMethodAccessorImpl.java:62)
at sun.reflect.DelegatingMethodAccessorImpl.invoke(DelegatingMethodAccessorImpl.java:43)
at java.lang.reflect.Method.invoke(Method.java:498)
at org.testng.internal.MethodInvocationHelper.invokeMethod(MethodInvocationHelper.java:135)
at org.testng.internal.TestInvoker.invokeMethod(TestInvoker.java:598)
at org.testng.internal.TestInvoker.invokeTestMethod(TestInvoker.java:174)
at org.testng.internal.MethodRunner.runInSequence(MethodRunner.java:46)
at org.testng.internal.TestInvoker$MethodInvocationAgent.invoke(TestInvoker.java:821)
at org.testng.internal.TestInvoker.invokeTestMethods(TestInvoker.java:147)
at org.testng.internal.TestMethodWorker.invokeTestMethods(TestMethodWorker.java:146)
at org.testng.internal.TestMethodWorker.run(TestMethodWorker.java:128)
at java.util.ArrayList.forEach(ArrayList.java:1259)
at org.testng.TestRunner.privateRun(TestRunner.java:767)
at org.testng.TestRunner.run(TestRunner.java:588)
at org.testng.SuiteRunner.runTest(SuiteRunner.java:384)
at org.testng.SuiteRunner.runSequentially(SuiteRunner.java:378)
at org.testng.SuiteRunner.privateRun(SuiteRunner.java:337)
at org.testng.SuiteRunner.run(SuiteRunner.java:286)
at org.testng.SuiteRunnerWorker.runSuite(SuiteRunnerWorker.java:53)
at org.testng.SuiteRunnerWorker.run(SuiteRunnerWorker.java:96)
at org.testng.TestNG.runSuitesSequentially(TestNG.java:1214)
at org.testng.TestNG.runSuitesLocally(TestNG.java:1136)
at org.testng.TestNG.runSuites(TestNG.java:1066)
at org.testng.TestNG.run(TestNG.java:1034)
at org.testng.remote.AbstractRemoteTestNG.run(AbstractRemoteTestNG.java:115)
at org.testng.remote.RemoteTestNG.initAndRun(RemoteTestNG.java:251)
at org.testng.remote.RemoteTestNG.main(RemoteTestNG.java:77)
]]>
            </full-stacktrace>
          </exception> <!-- java.lang.AssertionError -->
          <reporter-output>
          </reporter-output>
        </test-method> <!-- VerifyOutboundNBABatchProcessCompletedSuccessfully -->
        <test-method status="PASS" signature="teardown()[pri:0, instance:Mccm.Pega.Outbound.PegaTest.NBAOutboundValdtnTest@3bf9ce3e]" name="teardown" is-config="true" duration-ms="1048" started-at="2021-06-18T10:54:20 IST" finished-at="2021-06-18T10:54:22 IST">
          <reporter-output>
          </reporter-output>
        </test-method> <!-- teardown -->
      </class> <!-- Mccm.Pega.Outbound.PegaTest.NBAOutboundValdtnTest -->
    </test> <!-- Pega NBACampaign Batch Process Completed Regression Test -->
  </suite> <!-- Mccm NBA Outbound Automation Regression Suite -->
</testng-results>
