<?xml version="1.0" encoding="UTF-8"?>
<testng-results skipped="0" failed="0" ignored="0" total="1" passed="1">
  <reporter-output>
  </reporter-output>
  <suite name="Default suite" duration-ms="31957" started-at="2020-11-04T15:28:35 IST" finished-at="2020-11-04T15:29:07 IST">
    <groups>
    </groups>
    <test name="Default test" duration-ms="31957" started-at="2020-11-04T15:28:35 IST" finished-at="2020-11-04T15:29:07 IST">
      <class name="Mccm.Unix.Outbound.App_Unix_Outbound_Extract_Test">
        <test-method status="PASS" signature="VerifyExtracDataLoadedSuccessfully()[pri:0, instance:Mccm.Unix.Outbound.App_Unix_Outbound_Extract_Test@69b0fd6f]" name="VerifyExtracDataLoadedSuccessfully" duration-ms="31896" started-at="2020-11-04T15:28:35 IST" finished-at="2020-11-04T15:29:07 IST">
          <reporter-output>
          </reporter-output>
        </test-method> <!-- VerifyExtracDataLoadedSuccessfully -->
      </class> <!-- Mccm.Unix.Outbound.App_Unix_Outbound_Extract_Test -->
    </test> <!-- Default test -->
  </suite> <!-- Default suite -->
</testng-results>
