<?xml version="1.0" encoding="UTF-8"?>
<testng-results ignored="0" total="5" passed="5" failed="0" skipped="0">
  <reporter-output>
  </reporter-output>
  <suite started-at="2021-07-30T17:37:27 IST" name="Default suite" finished-at="2021-07-30T17:37:34 IST" duration-ms="6896">
    <groups>
    </groups>
    <test started-at="2021-07-30T17:37:27 IST" name="Default test" finished-at="2021-07-30T17:37:34 IST" duration-ms="6896">
      <class name="Mccm.Pega.OSF.PegaTest.CaptureResponseTest">
        <test-method signature="OSFCaptureResponse_APIcall(java.io.File)[pri:0, instance:Mccm.Pega.OSF.PegaTest.CaptureResponseTest@5536379e]" started-at="2021-07-30T17:37:27 IST" name="OSFCaptureResponse_APIcall" data-provider="files_CR" finished-at="2021-07-30T17:37:31 IST" duration-ms="4035" status="PASS">
          <params>
            <param index="0">
              <value>
                <![CDATA[C:\Users\ns32\git\mccm_automation\UseCaseConfigFile\TestData\OSF_CaptureResponse_TestData\cr_cable.json]]>
              </value>
            </param>
          </params>
          <reporter-output>
          </reporter-output>
        </test-method> <!-- OSFCaptureResponse_APIcall -->
        <test-method signature="OSFCaptureResponse_APIcall(java.io.File)[pri:0, instance:Mccm.Pega.OSF.PegaTest.CaptureResponseTest@5536379e]" started-at="2021-07-30T17:37:31 IST" name="OSFCaptureResponse_APIcall" data-provider="files_CR" finished-at="2021-07-30T17:37:31 IST" duration-ms="633" status="PASS">
          <params>
            <param index="0">
              <value>
                <![CDATA[C:\Users\ns32\git\mccm_automation\UseCaseConfigFile\TestData\OSF_CaptureResponse_TestData\cr_mobilesubscr.json]]>
              </value>
            </param>
          </params>
          <reporter-output>
          </reporter-output>
        </test-method> <!-- OSFCaptureResponse_APIcall -->
        <test-method signature="OSFCaptureResponse_APIcall(java.io.File)[pri:0, instance:Mccm.Pega.OSF.PegaTest.CaptureResponseTest@5536379e]" started-at="2021-07-30T17:37:31 IST" name="OSFCaptureResponse_APIcall" data-provider="files_CR" finished-at="2021-07-30T17:37:32 IST" duration-ms="891" status="PASS">
          <params>
            <param index="0">
              <value>
                <![CDATA[C:\Users\ns32\git\mccm_automation\UseCaseConfigFile\TestData\OSF_CaptureResponse_TestData\fixnet_cr.json]]>
              </value>
            </param>
          </params>
          <reporter-output>
          </reporter-output>
        </test-method> <!-- OSFCaptureResponse_APIcall -->
        <test-method signature="OSFCaptureResponse_APIcall(java.io.File)[pri:0, instance:Mccm.Pega.OSF.PegaTest.CaptureResponseTest@5536379e]" started-at="2021-07-30T17:37:32 IST" name="OSFCaptureResponse_APIcall" data-provider="files_CR" finished-at="2021-07-30T17:37:33 IST" duration-ms="693" status="PASS">
          <params>
            <param index="0">
              <value>
                <![CDATA[C:\Users\ns32\git\mccm_automation\UseCaseConfigFile\TestData\OSF_CaptureResponse_TestData\mobileban_cr.json]]>
              </value>
            </param>
          </params>
          <reporter-output>
          </reporter-output>
        </test-method> <!-- OSFCaptureResponse_APIcall -->
        <test-method signature="OSFCaptureResponse_APIcall(java.io.File)[pri:0, instance:Mccm.Pega.OSF.PegaTest.CaptureResponseTest@5536379e]" started-at="2021-07-30T17:37:33 IST" name="OSFCaptureResponse_APIcall" data-provider="files_CR" finished-at="2021-07-30T17:37:34 IST" duration-ms="594" status="PASS">
          <params>
            <param index="0">
              <value>
                <![CDATA[C:\Users\ns32\git\mccm_automation\UseCaseConfigFile\TestData\OSF_CaptureResponse_TestData\unitymedia_cr.json]]>
              </value>
            </param>
          </params>
          <reporter-output>
          </reporter-output>
        </test-method> <!-- OSFCaptureResponse_APIcall -->
      </class> <!-- Mccm.Pega.OSF.PegaTest.CaptureResponseTest -->
    </test> <!-- Default test -->
  </suite> <!-- Default suite -->
</testng-results>
