<?xml version="1.0" encoding="UTF-8"?>
<testng-results skipped="0" failed="0" ignored="0" total="1" passed="1">
  <reporter-output>
  </reporter-output>
  <suite name="Default suite" duration-ms="726248" started-at="2020-12-18T20:11:58 IST" finished-at="2020-12-18T20:24:04 IST">
    <groups>
    </groups>
    <test name="Default test" duration-ms="726248" started-at="2020-12-18T20:11:58 IST" finished-at="2020-12-18T20:24:04 IST">
      <class name="Mccm.Pega.Outbound.PegaTest.PegamarktingTest">
        <test-method status="PASS" signature="setup()[pri:0, instance:Mccm.Pega.Outbound.PegaTest.PegamarktingTest@cb0ed20]" name="setup" is-config="true" duration-ms="20872" started-at="2020-12-18T20:11:58 IST" finished-at="2020-12-18T20:12:19 IST">
          <reporter-output>
          </reporter-output>
        </test-method> <!-- setup -->
        <test-method status="PASS" signature="VerifyNBACampaignRunSuccessfully()[pri:1, instance:Mccm.Pega.Outbound.PegaTest.PegamarktingTest@cb0ed20]" name="VerifyNBACampaignRunSuccessfully" duration-ms="705247" started-at="2020-12-18T20:12:19 IST" finished-at="2020-12-18T20:24:04 IST">
          <reporter-output>
          </reporter-output>
        </test-method> <!-- VerifyNBACampaignRunSuccessfully -->
        <test-method status="PASS" signature="teardown()[pri:0, instance:Mccm.Pega.Outbound.PegaTest.PegamarktingTest@cb0ed20]" name="teardown" is-config="true" duration-ms="0" started-at="2020-12-18T20:24:04 IST" finished-at="2020-12-18T20:24:04 IST">
          <reporter-output>
          </reporter-output>
        </test-method> <!-- teardown -->
      </class> <!-- Mccm.Pega.Outbound.PegaTest.PegamarktingTest -->
    </test> <!-- Default test -->
  </suite> <!-- Default suite -->
</testng-results>
