<?xml version="1.0" encoding="UTF-8"?>
<testng-results skipped="0" failed="0" ignored="0" total="4" passed="4">
  <reporter-output>
  </reporter-output>
  <suite name="Mccm Automation Regression Suite" duration-ms="210335" started-at="2020-10-14T11:47:40 IST" finished-at="2020-10-14T11:51:11 IST">
    <groups>
    </groups>
    <test name="Unix Filecheck Inbound Interface Regression Test" duration-ms="116619" started-at="2020-10-14T11:47:40 IST" finished-at="2020-10-14T11:49:37 IST">
      <class name="Mccm.Unix.Inbound.App_Inbound_KIASEPOS_Test">
        <test-method status="PASS" signature="VerifyKIASEPOSFileLoadSuccessfully()[pri:0, instance:Mccm.Unix.Inbound.App_Inbound_KIASEPOS_Test@66d1af89]" name="VerifyKIASEPOSFileLoadSuccessfully" duration-ms="40512" started-at="2020-10-14T11:48:16 IST" finished-at="2020-10-14T11:48:57 IST">
          <reporter-output>
          </reporter-output>
        </test-method> <!-- VerifyKIASEPOSFileLoadSuccessfully -->
      </class> <!-- Mccm.Unix.Inbound.App_Inbound_KIASEPOS_Test -->
      <class name="Mccm.Unix.Inbound.App_Inbound_DMP_Test">
        <test-method status="PASS" signature="VerifyDMPFileLoadSuccessfully()[pri:0, instance:Mccm.Unix.Inbound.App_Inbound_DMP_Test@4a87761d]" name="VerifyDMPFileLoadSuccessfully" duration-ms="35584" started-at="2020-10-14T11:47:40 IST" finished-at="2020-10-14T11:48:16 IST">
          <reporter-output>
          </reporter-output>
        </test-method> <!-- VerifyDMPFileLoadSuccessfully -->
      </class> <!-- Mccm.Unix.Inbound.App_Inbound_DMP_Test -->
      <class name="Mccm.Unix.Inbound.App_Inbound_OnlineShop_Test">
        <test-method status="PASS" signature="VerifyONLINESHOPFileLoadSuccessfully()[pri:0, instance:Mccm.Unix.Inbound.App_Inbound_OnlineShop_Test@8646db9]" name="VerifyONLINESHOPFileLoadSuccessfully" duration-ms="40440" started-at="2020-10-14T11:48:57 IST" finished-at="2020-10-14T11:49:37 IST">
          <reporter-output>
          </reporter-output>
        </test-method> <!-- VerifyONLINESHOPFileLoadSuccessfully -->
      </class> <!-- Mccm.Unix.Inbound.App_Inbound_OnlineShop_Test -->
    </test> <!-- Unix Filecheck Inbound Interface Regression Test -->
    <test name="Pega Intraction Recent History Regression Test" duration-ms="93112" started-at="2020-10-14T11:49:38 IST" finished-at="2020-10-14T11:51:11 IST">
      <class name="Mccm.Pega.Inbound.PegaTest.PegamarktIntrctnHistoryTest">
        <test-method status="PASS" signature="setup()[pri:0, instance:Mccm.Pega.Inbound.PegaTest.PegamarktIntrctnHistoryTest@eb21112]" name="setup" is-config="true" duration-ms="20797" started-at="2020-10-14T11:49:38 IST" finished-at="2020-10-14T11:49:58 IST">
          <reporter-output>
          </reporter-output>
        </test-method> <!-- setup -->
        <test-method status="PASS" signature="VerifyIntractionHistoryRunSuccessfully()[pri:1, instance:Mccm.Pega.Inbound.PegaTest.PegamarktIntrctnHistoryTest@eb21112]" name="VerifyIntractionHistoryRunSuccessfully" duration-ms="72307" started-at="2020-10-14T11:49:58 IST" finished-at="2020-10-14T11:51:11 IST">
          <reporter-output>
          </reporter-output>
        </test-method> <!-- VerifyIntractionHistoryRunSuccessfully -->
      </class> <!-- Mccm.Pega.Inbound.PegaTest.PegamarktIntrctnHistoryTest -->
    </test> <!-- Pega Intraction Recent History Regression Test -->
  </suite> <!-- Mccm Automation Regression Suite -->
</testng-results>
