<?xml version="1.0" encoding="UTF-8"?>
<testng-results skipped="0" failed="0" ignored="0" total="1" passed="1">
  <reporter-output>
  </reporter-output>
  <suite name="Default suite" duration-ms="3489" started-at="2020-10-05T17:21:01 IST" finished-at="2020-10-05T17:21:04 IST">
    <groups>
    </groups>
    <test name="Default test" duration-ms="3489" started-at="2020-10-05T17:21:01 IST" finished-at="2020-10-05T17:21:04 IST">
      <class name="Demo.APIRestful.DemoDMPRTProcessOfferResult">
        <test-method status="PASS" signature="test()[pri:0, instance:Demo.APIRestful.DemoDMPRTProcessOfferResult@612679d6]" name="test" duration-ms="3438" started-at="2020-10-05T17:21:01 IST" finished-at="2020-10-05T17:21:04 IST">
          <reporter-output>
          </reporter-output>
        </test-method> <!-- test -->
      </class> <!-- Demo.APIRestful.DemoDMPRTProcessOfferResult -->
    </test> <!-- Default test -->
  </suite> <!-- Default suite -->
</testng-results>
