<?xml version="1.0" encoding="UTF-8"?>
<testng-results ignored="0" total="1" passed="1" failed="0" skipped="0">
  <reporter-output>
  </reporter-output>
  <suite started-at="2021-07-09T16:42:46 IST" name="Default suite" finished-at="2021-07-09T16:42:47 IST" duration-ms="1128">
    <groups>
    </groups>
    <test started-at="2021-07-09T16:42:46 IST" name="Default test" finished-at="2021-07-09T16:42:47 IST" duration-ms="1128">
      <class name="Mccm.Pega.OSF.PegaTest.OSFAPICallProFdUpdShpCrtIDTest">
        <test-method signature="VerifyOSFProcessFeedBackUpdateShoppingCartIDAPIcallSuccessfully()[pri:0, instance:Mccm.Pega.OSF.PegaTest.OSFAPICallProFdUpdShpCrtIDTest@1fdfafd2]" started-at="2021-07-09T16:42:46 IST" name="VerifyOSFProcessFeedBackUpdateShoppingCartIDAPIcallSuccessfully" finished-at="2021-07-09T16:42:47 IST" duration-ms="1095" status="PASS">
          <reporter-output>
          </reporter-output>
        </test-method> <!-- VerifyOSFProcessFeedBackUpdateShoppingCartIDAPIcallSuccessfully -->
      </class> <!-- Mccm.Pega.OSF.PegaTest.OSFAPICallProFdUpdShpCrtIDTest -->
    </test> <!-- Default test -->
  </suite> <!-- Default suite -->
</testng-results>
