<?xml version="1.0" encoding="UTF-8"?>
<testng-results ignored="0" total="20" passed="20" failed="0" skipped="0">
  <reporter-output>
  </reporter-output>
  <suite started-at="2021-07-14T16:22:15 IST" name="Mccm OSF Automation Regression Suite" finished-at="2021-07-14T16:41:28 IST" duration-ms="1153488">
    <groups>
    </groups>
    <test started-at="2021-07-14T16:22:15 IST" name="Pega OSF DSS Regression Test" finished-at="2021-07-14T16:32:57 IST" duration-ms="642099">
      <class name="Mccm.Pega.OSF.PegaTest.PegaOSFDMCCMSettingTest">
        <test-method is-config="true" signature="setup()[pri:0, instance:Mccm.Pega.OSF.PegaTest.PegaOSFDMCCMSettingTest@2c3dec30]" started-at="2021-07-14T16:22:15 IST" name="setup" finished-at="2021-07-14T16:22:30 IST" duration-ms="14862" status="PASS">
          <reporter-output>
          </reporter-output>
        </test-method> <!-- setup -->
        <test-method signature="VerifyOSFDynamicSystemSettingRunSuccessfully()[pri:1, instance:Mccm.Pega.OSF.PegaTest.PegaOSFDMCCMSettingTest@2c3dec30]" started-at="2021-07-14T16:22:30 IST" name="VerifyOSFDynamicSystemSettingRunSuccessfully" finished-at="2021-07-14T16:32:56 IST" duration-ms="626374" status="PASS">
          <reporter-output>
          </reporter-output>
        </test-method> <!-- VerifyOSFDynamicSystemSettingRunSuccessfully -->
        <test-method is-config="true" signature="teardown()[pri:0, instance:Mccm.Pega.OSF.PegaTest.PegaOSFDMCCMSettingTest@2c3dec30]" started-at="2021-07-14T16:32:56 IST" name="teardown" finished-at="2021-07-14T16:32:57 IST" duration-ms="829" status="PASS">
          <reporter-output>
          </reporter-output>
        </test-method> <!-- teardown -->
      </class> <!-- Mccm.Pega.OSF.PegaTest.PegaOSFDMCCMSettingTest -->
    </test> <!-- Pega OSF DSS Regression Test -->
    <test started-at="2021-07-14T16:32:57 IST" name="Pega OSF GETNBA API Call Regression Test" finished-at="2021-07-14T16:34:58 IST" duration-ms="120765">
      <class name="Mccm.Pega.OSF.PegaTest.PegaOSFOutcomeGETNBAAPIVldTest">
        <test-method is-config="true" signature="setup()[pri:0, instance:Mccm.Pega.OSF.PegaTest.PegaOSFOutcomeGETNBAAPIVldTest@7e985ce9]" started-at="2021-07-14T16:32:59 IST" name="setup" finished-at="2021-07-14T16:33:05 IST" duration-ms="6846" status="PASS">
          <reporter-output>
          </reporter-output>
        </test-method> <!-- setup -->
        <test-method signature="VerifyOSFGETNBAAPIValidationRunSuccessfully()[pri:1, instance:Mccm.Pega.OSF.PegaTest.PegaOSFOutcomeGETNBAAPIVldTest@7e985ce9]" started-at="2021-07-14T16:33:05 IST" name="VerifyOSFGETNBAAPIValidationRunSuccessfully" finished-at="2021-07-14T16:34:58 IST" duration-ms="112648" status="PASS">
          <reporter-output>
          </reporter-output>
        </test-method> <!-- VerifyOSFGETNBAAPIValidationRunSuccessfully -->
        <test-method is-config="true" signature="teardown()[pri:0, instance:Mccm.Pega.OSF.PegaTest.PegaOSFOutcomeGETNBAAPIVldTest@7e985ce9]" started-at="2021-07-14T16:34:58 IST" name="teardown" finished-at="2021-07-14T16:34:58 IST" duration-ms="0" status="PASS">
          <reporter-output>
          </reporter-output>
        </test-method> <!-- teardown -->
      </class> <!-- Mccm.Pega.OSF.PegaTest.PegaOSFOutcomeGETNBAAPIVldTest -->
      <class name="Mccm.Pega.OSF.PegaTest.OSFAPICallGetNBATest">
        <test-method signature="VerifyOSFGetNBARestAPIcallSuccessfully()[pri:0, instance:Mccm.Pega.OSF.PegaTest.OSFAPICallGetNBATest@42b64ab8]" started-at="2021-07-14T16:32:57 IST" name="VerifyOSFGetNBARestAPIcallSuccessfully" finished-at="2021-07-14T16:32:59 IST" duration-ms="1264" status="PASS">
          <reporter-output>
          </reporter-output>
        </test-method> <!-- VerifyOSFGetNBARestAPIcallSuccessfully -->
      </class> <!-- Mccm.Pega.OSF.PegaTest.OSFAPICallGetNBATest -->
    </test> <!-- Pega OSF GETNBA API Call Regression Test -->
    <test started-at="2021-07-14T16:34:58 IST" name="Pega OSF Process Feedback API Call Regression Test" finished-at="2021-07-14T16:39:09 IST" duration-ms="250780">
      <class name="Mccm.Pega.OSF.PegaTest.OSFAPICallProFdUpdOrdIDTest">
        <test-method signature="VerifyOSFProcessFeedBackUpdateOrderIDAPIcallSuccessfully()[pri:0, instance:Mccm.Pega.OSF.PegaTest.OSFAPICallProFdUpdOrdIDTest@6256ac4f]" started-at="2021-07-14T16:37:06 IST" name="VerifyOSFProcessFeedBackUpdateOrderIDAPIcallSuccessfully" finished-at="2021-07-14T16:37:07 IST" duration-ms="861" status="PASS">
          <reporter-output>
          </reporter-output>
        </test-method> <!-- VerifyOSFProcessFeedBackUpdateOrderIDAPIcallSuccessfully -->
      </class> <!-- Mccm.Pega.OSF.PegaTest.OSFAPICallProFdUpdOrdIDTest -->
      <class name="Mccm.Pega.OSF.PegaTest.PegaOSFOutcomeSaveOffAPIVldTest">
        <test-method is-config="true" signature="setup()[pri:0, instance:Mccm.Pega.OSF.PegaTest.PegaOSFOutcomeSaveOffAPIVldTest@2a1edad4]" started-at="2021-07-14T16:34:59 IST" name="setup" finished-at="2021-07-14T16:35:13 IST" duration-ms="13638" status="PASS">
          <reporter-output>
          </reporter-output>
        </test-method> <!-- setup -->
        <test-method signature="VerifyOSFOutcomeAPISaveOffValidationRunSuccessfully()[pri:1, instance:Mccm.Pega.OSF.PegaTest.PegaOSFOutcomeSaveOffAPIVldTest@2a1edad4]" started-at="2021-07-14T16:35:13 IST" name="VerifyOSFOutcomeAPISaveOffValidationRunSuccessfully" finished-at="2021-07-14T16:37:05 IST" duration-ms="112551" status="PASS">
          <reporter-output>
          </reporter-output>
        </test-method> <!-- VerifyOSFOutcomeAPISaveOffValidationRunSuccessfully -->
        <test-method is-config="true" signature="teardown()[pri:0, instance:Mccm.Pega.OSF.PegaTest.PegaOSFOutcomeSaveOffAPIVldTest@2a1edad4]" started-at="2021-07-14T16:37:05 IST" name="teardown" finished-at="2021-07-14T16:37:06 IST" duration-ms="726" status="PASS">
          <reporter-output>
          </reporter-output>
        </test-method> <!-- teardown -->
      </class> <!-- Mccm.Pega.OSF.PegaTest.PegaOSFOutcomeSaveOffAPIVldTest -->
      <class name="Mccm.Pega.OSF.PegaTest.PegaOSFOutcomeSubmitOrderAPIVldTest">
        <test-method is-config="true" signature="setup()[pri:0, instance:Mccm.Pega.OSF.PegaTest.PegaOSFOutcomeSubmitOrderAPIVldTest@44c79f32]" started-at="2021-07-14T16:37:07 IST" name="setup" finished-at="2021-07-14T16:37:16 IST" duration-ms="8541" status="PASS">
          <reporter-output>
          </reporter-output>
        </test-method> <!-- setup -->
        <test-method signature="VerifyOSFOutcomeAPISubmitOrderValidationRunSuccessfully()[pri:1, instance:Mccm.Pega.OSF.PegaTest.PegaOSFOutcomeSubmitOrderAPIVldTest@44c79f32]" started-at="2021-07-14T16:37:16 IST" name="VerifyOSFOutcomeAPISubmitOrderValidationRunSuccessfully" finished-at="2021-07-14T16:39:08 IST" duration-ms="112626" status="PASS">
          <reporter-output>
          </reporter-output>
        </test-method> <!-- VerifyOSFOutcomeAPISubmitOrderValidationRunSuccessfully -->
        <test-method is-config="true" signature="teardown()[pri:0, instance:Mccm.Pega.OSF.PegaTest.PegaOSFOutcomeSubmitOrderAPIVldTest@44c79f32]" started-at="2021-07-14T16:39:08 IST" name="teardown" finished-at="2021-07-14T16:39:09 IST" duration-ms="724" status="PASS">
          <reporter-output>
          </reporter-output>
        </test-method> <!-- teardown -->
      </class> <!-- Mccm.Pega.OSF.PegaTest.PegaOSFOutcomeSubmitOrderAPIVldTest -->
      <class name="Mccm.Pega.OSF.PegaTest.OSFAPICallProFdUpdShpCrtIDTest">
        <test-method signature="VerifyOSFProcessFeedBackUpdateShoppingCartIDAPIcallSuccessfully()[pri:0, instance:Mccm.Pega.OSF.PegaTest.OSFAPICallProFdUpdShpCrtIDTest@4ebea12c]" started-at="2021-07-14T16:34:58 IST" name="VerifyOSFProcessFeedBackUpdateShoppingCartIDAPIcallSuccessfully" finished-at="2021-07-14T16:34:59 IST" duration-ms="1106" status="PASS">
          <reporter-output>
          </reporter-output>
        </test-method> <!-- VerifyOSFProcessFeedBackUpdateShoppingCartIDAPIcallSuccessfully -->
      </class> <!-- Mccm.Pega.OSF.PegaTest.OSFAPICallProFdUpdShpCrtIDTest -->
    </test> <!-- Pega OSF Process Feedback API Call Regression Test -->
    <test started-at="2021-07-14T16:39:09 IST" name="Pega OSF Capture Response API Call Regression Test" finished-at="2021-07-14T16:41:25 IST" duration-ms="136460">
      <class name="Mccm.Pega.OSF.PegaTest.OSFAPICallCaptResponseTest">
        <test-method signature="VerifyOSFCaptureResponseOutcomeAPIcallSuccessfully()[pri:0, instance:Mccm.Pega.OSF.PegaTest.OSFAPICallCaptResponseTest@475835b1]" started-at="2021-07-14T16:39:09 IST" name="VerifyOSFCaptureResponseOutcomeAPIcallSuccessfully" finished-at="2021-07-14T16:39:11 IST" duration-ms="1990" status="PASS">
          <reporter-output>
          </reporter-output>
        </test-method> <!-- VerifyOSFCaptureResponseOutcomeAPIcallSuccessfully -->
      </class> <!-- Mccm.Pega.OSF.PegaTest.OSFAPICallCaptResponseTest -->
      <class name="Mccm.Pega.OSF.PegaTest.PegaOSFOutcomeAcceptedAPIVldTest">
        <test-method is-config="true" signature="setup()[pri:0, instance:Mccm.Pega.OSF.PegaTest.PegaOSFOutcomeAcceptedAPIVldTest@6326d182]" started-at="2021-07-14T16:39:11 IST" name="setup" finished-at="2021-07-14T16:39:32 IST" duration-ms="21149" status="PASS">
          <reporter-output>
          </reporter-output>
        </test-method> <!-- setup -->
        <test-method signature="VerifyOSFOutcomeAPIAcceptedValidationRunSuccessfully()[pri:1, instance:Mccm.Pega.OSF.PegaTest.PegaOSFOutcomeAcceptedAPIVldTest@6326d182]" started-at="2021-07-14T16:39:32 IST" name="VerifyOSFOutcomeAPIAcceptedValidationRunSuccessfully" finished-at="2021-07-14T16:41:25 IST" duration-ms="112578" status="PASS">
          <reporter-output>
          </reporter-output>
        </test-method> <!-- VerifyOSFOutcomeAPIAcceptedValidationRunSuccessfully -->
        <test-method is-config="true" signature="teardown()[pri:0, instance:Mccm.Pega.OSF.PegaTest.PegaOSFOutcomeAcceptedAPIVldTest@6326d182]" started-at="2021-07-14T16:41:25 IST" name="teardown" finished-at="2021-07-14T16:41:25 IST" duration-ms="740" status="PASS">
          <reporter-output>
          </reporter-output>
        </test-method> <!-- teardown -->
      </class> <!-- Mccm.Pega.OSF.PegaTest.PegaOSFOutcomeAcceptedAPIVldTest -->
    </test> <!-- Pega OSF Capture Response API Call Regression Test -->
    <test started-at="2021-07-14T16:41:25 IST" name="Pega OSF Error Code Regression Test" finished-at="2021-07-14T16:41:28 IST" duration-ms="2954">
      <class name="Mccm.Pega.OSF.PegaTest.OSF_ProcessFeedback_ErrorCasesTest">
        <test-method signature="VerifyOSFCaptureResponseOutcomeAPIcallSuccessfully(java.lang.String)[pri:0, instance:Mccm.Pega.OSF.PegaTest.OSF_ProcessFeedback_ErrorCasesTest@60d8c0dc]" started-at="2021-07-14T16:41:28 IST" name="VerifyOSFCaptureResponseOutcomeAPIcallSuccessfully" data-provider="exceldata" finished-at="2021-07-14T16:41:28 IST" duration-ms="228" status="PASS">
          <params>
            <param index="0">
              <value>
                <![CDATA[{"OrderID":"7473","Outcome":"SaveOffer","RankedResults":[{"CustomerID":"45189100","ContainerName":"OSF","Channel":"OSF","Direction":"Inbound","OriginAccount":{"AccountID":"30541230","SI":"Cable"},"Name":"","Issue":"Sales","Group":"Cable","CampaignID":"P-12","InteractionID":"-56933434234234299","CommissionPoints":4,"VOID":"1000","NBAOfferID":"755"},{"CustomerID":"45189101","ContainerName":"OSF","Channel":"OSF","Direction":"Inbound","OriginAccount":{"AccountID":"13013430","SI":"Fixnet"},"Name":"SG4","Issue":"Sales","Group":"Cable","CampaignID":"P-987","InteractionID":"-46033434234234300","CommissionPoints":1,"VOID":"2272","NBAOfferID":"876"}]}]]>
              </value>
            </param>
          </params>
          <reporter-output>
          </reporter-output>
        </test-method> <!-- VerifyOSFCaptureResponseOutcomeAPIcallSuccessfully -->
        <test-method signature="VerifyOSFCaptureResponseOutcomeAPIcallSuccessfully(java.lang.String)[pri:0, instance:Mccm.Pega.OSF.PegaTest.OSF_ProcessFeedback_ErrorCasesTest@60d8c0dc]" started-at="2021-07-14T16:41:28 IST" name="VerifyOSFCaptureResponseOutcomeAPIcallSuccessfully" data-provider="exceldata" finished-at="2021-07-14T16:41:28 IST" duration-ms="224" status="PASS">
          <params>
            <param index="0">
              <value>
                <![CDATA[{"OrderID":"7473","Outcome":"SaveOffer","RankedResults":[{"CustomerID":"451891001234","ContainerName":"OSF","Channel":"OSF","Direction":"Inbound","OriginAccount":{"AccountID":"30541230","SI":"Cable"},"Name":"SG5","Issue":"Sales","Group":"Cable","CampaignID":"P-12","InteractionID":"-56933434234234299","CommissionPoints":4,"VOID":"1000","NBAOfferID":"755"},{"CustomerID":"45189101","ContainerName":"OSF","Channel":"OSF","Direction":"Inbound","OriginAccount":{"AccountID":"13013430","SI":"Fixnet"},"Name":"SG4","Issue":"Sales","Group":"Cable","CampaignID":"P-987","InteractionID":"-46033434234234300","CommissionPoints":1,"VOID":"2272","NBAOfferID":"876"}]}]]>
              </value>
            </param>
          </params>
          <reporter-output>
          </reporter-output>
        </test-method> <!-- VerifyOSFCaptureResponseOutcomeAPIcallSuccessfully -->
      </class> <!-- Mccm.Pega.OSF.PegaTest.OSF_ProcessFeedback_ErrorCasesTest -->
      <class name="Mccm.Pega.OSF.PegaTest.OSF_CaptureResponse_ErrorCasesTest">
        <test-method signature="VerifyOSFCaptureResponseOutcomeAPIcallSuccessfully(java.lang.String)[pri:0, instance:Mccm.Pega.OSF.PegaTest.OSF_CaptureResponse_ErrorCasesTest@51df223b]" started-at="2021-07-14T16:41:26 IST" name="VerifyOSFCaptureResponseOutcomeAPIcallSuccessfully" data-provider="exceldata" finished-at="2021-07-14T16:41:26 IST" duration-ms="619" status="PASS">
          <params>
            <param index="0">
              <value>
                <![CDATA[{"CustomerID":"45189100","ContainerName":"OSF","Channel":"OSF","Direction":"Inbound","OriginAccount":{"AccountID":"1130541264","SubscriptionID":"GSM1821234581","SI":"MobileSubscr123"},"Name":"SG4","Issue":"Sales","Group":"Mobile","CampaignID":"P-12345","InteractionID":"-56033434234234255","Outcome":"Accepted","FeedbackCode":"Accepted","CommissionPoints":5,"VOID":"2343","NBAOfferID":"PAPs12344777"}]]>
              </value>
            </param>
          </params>
          <reporter-output>
          </reporter-output>
        </test-method> <!-- VerifyOSFCaptureResponseOutcomeAPIcallSuccessfully -->
        <test-method signature="VerifyOSFCaptureResponseOutcomeAPIcallSuccessfully(java.lang.String)[pri:0, instance:Mccm.Pega.OSF.PegaTest.OSF_CaptureResponse_ErrorCasesTest@51df223b]" started-at="2021-07-14T16:41:26 IST" name="VerifyOSFCaptureResponseOutcomeAPIcallSuccessfully" data-provider="exceldata" finished-at="2021-07-14T16:41:26 IST" duration-ms="230" status="PASS">
          <params>
            <param index="0">
              <value>
                <![CDATA[{"CustomerID":"45189100","ContainerName":"OSF","Channel":"OSF","Direction":"Inbound","OriginAccount":{"AccountID":"","SubscriptionID":"GSM1821234581","SI":"MobileSubscr"},"Name":"SG4","Issue":"Sales","Group":"Mobile","CampaignID":"P-12345","InteractionID":"-56033434234234255","Outcome":"Accepted","FeedbackCode":"Accepted","CommissionPoints":5,"VOID":"2343","NBAOfferID":"PAPs12344777"}]]>
              </value>
            </param>
          </params>
          <reporter-output>
          </reporter-output>
        </test-method> <!-- VerifyOSFCaptureResponseOutcomeAPIcallSuccessfully -->
        <test-method signature="VerifyOSFCaptureResponseOutcomeAPIcallSuccessfully(java.lang.String)[pri:0, instance:Mccm.Pega.OSF.PegaTest.OSF_CaptureResponse_ErrorCasesTest@51df223b]" started-at="2021-07-14T16:41:26 IST" name="VerifyOSFCaptureResponseOutcomeAPIcallSuccessfully" data-provider="exceldata" finished-at="2021-07-14T16:41:27 IST" duration-ms="223" status="PASS">
          <params>
            <param index="0">
              <value>
                <![CDATA[{"CustomerID":"45189100123","ContainerName":"OSF","Channel":"OSF","Direction":"Inbound","OriginAccount":{"AccountID":"1130541264","SubscriptionID":"GSM1821234581","SI":"MobileSubscr"},"Name":"SG4","Issue":"Sales","Group":"Mobile","CampaignID":"P-12345","InteractionID":"-56033434234234255","Outcome":"Accepted","FeedbackCode":"Accepted","CommissionPoints":5,"VOID":"2343","NBAOfferID":"PAPs12344777"}]]>
              </value>
            </param>
          </params>
          <reporter-output>
          </reporter-output>
        </test-method> <!-- VerifyOSFCaptureResponseOutcomeAPIcallSuccessfully -->
        <test-method signature="VerifyOSFCaptureResponseOutcomeAPIcallSuccessfully(java.lang.String)[pri:0, instance:Mccm.Pega.OSF.PegaTest.OSF_CaptureResponse_ErrorCasesTest@51df223b]" started-at="2021-07-14T16:41:27 IST" name="VerifyOSFCaptureResponseOutcomeAPIcallSuccessfully" data-provider="exceldata" finished-at="2021-07-14T16:41:27 IST" duration-ms="220" status="PASS">
          <params>
            <param index="0">
              <value>
                <![CDATA[{"CustomerID":"","ContainerName":"OSF","Channel":"OSF","Direction":"Inbound","OriginAccount":{"AccountID":"1130541264","SubscriptionID":"GSM1821234581","SI":"MobileSubscr"},"Name":"SG4","Issue":"Sales","Group":"Mobile","CampaignID":"P-12345","InteractionID":"-56033434234234255","Outcome":"Accepted","FeedbackCode":"Accepted","CommissionPoints":5,"VOID":"2343","NBAOfferID":"PAPs12344777"}]]>
              </value>
            </param>
          </params>
          <reporter-output>
          </reporter-output>
        </test-method> <!-- VerifyOSFCaptureResponseOutcomeAPIcallSuccessfully -->
      </class> <!-- Mccm.Pega.OSF.PegaTest.OSF_CaptureResponse_ErrorCasesTest -->
      <class name="Mccm.Pega.OSF.PegaTest.OSF_GetNBA_ErrorCasesTest">
        <test-method signature="VerifyOSFCaptureResponseOutcomeAPIcallSuccessfully(java.lang.String)[pri:0, instance:Mccm.Pega.OSF.PegaTest.OSF_GetNBA_ErrorCasesTest@fd46303]" started-at="2021-07-14T16:41:27 IST" name="VerifyOSFCaptureResponseOutcomeAPIcallSuccessfully" data-provider="exceldata" finished-at="2021-07-14T16:41:27 IST" duration-ms="242" status="PASS">
          <params>
            <param index="0">
              <value>
                <![CDATA[{"Accounts":[{"AccountID":"1130541259","SI":"MobileBAN"}],"VOID":"","SCClassification":"SCL","ContainerName":"OSF","Channel":"OSF","Direction":"Inbound"}]]>
              </value>
            </param>
          </params>
          <reporter-output>
          </reporter-output>
        </test-method> <!-- VerifyOSFCaptureResponseOutcomeAPIcallSuccessfully -->
        <test-method signature="VerifyOSFCaptureResponseOutcomeAPIcallSuccessfully(java.lang.String)[pri:0, instance:Mccm.Pega.OSF.PegaTest.OSF_GetNBA_ErrorCasesTest@fd46303]" started-at="2021-07-14T16:41:27 IST" name="VerifyOSFCaptureResponseOutcomeAPIcallSuccessfully" data-provider="exceldata" finished-at="2021-07-14T16:41:27 IST" duration-ms="221" status="PASS">
          <params>
            <param index="0">
              <value>
                <![CDATA[{"Accounts":[{"AccountID":"","SI":"MobileBAN"}],"VOID":"12345678","SCClassification":"SCL","ContainerName":"OSF","Channel":"OSF","Direction":"Inbound"}]]>
              </value>
            </param>
          </params>
          <reporter-output>
          </reporter-output>
        </test-method> <!-- VerifyOSFCaptureResponseOutcomeAPIcallSuccessfully -->
        <test-method signature="VerifyOSFCaptureResponseOutcomeAPIcallSuccessfully(java.lang.String)[pri:0, instance:Mccm.Pega.OSF.PegaTest.OSF_GetNBA_ErrorCasesTest@fd46303]" started-at="2021-07-14T16:41:27 IST" name="VerifyOSFCaptureResponseOutcomeAPIcallSuccessfully" data-provider="exceldata" finished-at="2021-07-14T16:41:28 IST" duration-ms="242" status="PASS">
          <params>
            <param index="0">
              <value>
                <![CDATA[{"Accounts":[{"AccountID":"1130541259","SI":"MobileBAN344"}],"VOID":"12345678","SCClassification":"SCL","ContainerName":"OSF","Channel":"OSF","Direction":"Inbound"}]]>
              </value>
            </param>
          </params>
          <reporter-output>
          </reporter-output>
        </test-method> <!-- VerifyOSFCaptureResponseOutcomeAPIcallSuccessfully -->
        <test-method signature="VerifyOSFCaptureResponseOutcomeAPIcallSuccessfully(java.lang.String)[pri:0, instance:Mccm.Pega.OSF.PegaTest.OSF_GetNBA_ErrorCasesTest@fd46303]" started-at="2021-07-14T16:41:28 IST" name="VerifyOSFCaptureResponseOutcomeAPIcallSuccessfully" data-provider="exceldata" finished-at="2021-07-14T16:41:28 IST" duration-ms="235" status="PASS">
          <params>
            <param index="0">
              <value>
                <![CDATA[{"Accounts":[{"AccountID":"1130541259122","SI":"MobileBAN"}],"VOID":"12345678","SCClassification":"SCL","ContainerName":"OSF","Channel":"OSF","Direction":"Inbound"}]]>
              </value>
            </param>
          </params>
          <reporter-output>
          </reporter-output>
        </test-method> <!-- VerifyOSFCaptureResponseOutcomeAPIcallSuccessfully -->
        <test-method signature="VerifyOSFCaptureResponseOutcomeAPIcallSuccessfully(java.lang.String)[pri:0, instance:Mccm.Pega.OSF.PegaTest.OSF_GetNBA_ErrorCasesTest@fd46303]" started-at="2021-07-14T16:41:28 IST" name="VerifyOSFCaptureResponseOutcomeAPIcallSuccessfully" data-provider="exceldata" finished-at="2021-07-14T16:41:28 IST" duration-ms="219" status="PASS">
          <params>
            <param index="0">
              <value>
                <![CDATA[{"":[{"AccountID":"1130541259122","SI":"MobileBAN"}],"VOID":"12345678","SCClassification":"SCL","ContainerName":"OSF","Channel":"OSF","Direction":"Inbound"}]]>
              </value>
            </param>
          </params>
          <reporter-output>
          </reporter-output>
        </test-method> <!-- VerifyOSFCaptureResponseOutcomeAPIcallSuccessfully -->
      </class> <!-- Mccm.Pega.OSF.PegaTest.OSF_GetNBA_ErrorCasesTest -->
    </test> <!-- Pega OSF Error Code Regression Test -->
  </suite> <!-- Mccm OSF Automation Regression Suite -->
</testng-results>
