<?xml version="1.0" encoding="UTF-8"?>
<testng-results skipped="0" failed="0" ignored="0" total="1" passed="1">
  <reporter-output>
  </reporter-output>
  <suite name="Default suite" duration-ms="2955" started-at="2021-06-04T17:46:14 IST" finished-at="2021-06-04T17:46:17 IST">
    <groups>
    </groups>
    <test name="Default test" duration-ms="2955" started-at="2021-06-04T17:46:14 IST" finished-at="2021-06-04T17:46:17 IST">
      <class name="Mccm.Pega.OSF.PegaTest.OSFAPICallCaptResponseTest">
        <test-method status="PASS" signature="VerifyOSFCaptureResponseOutcomeAPIcallSuccessfully()[pri:0, instance:Mccm.Pega.OSF.PegaTest.OSFAPICallCaptResponseTest@5136d012]" name="VerifyOSFCaptureResponseOutcomeAPIcallSuccessfully" duration-ms="2922" started-at="2021-06-04T17:46:14 IST" finished-at="2021-06-04T17:46:17 IST">
          <reporter-output>
          </reporter-output>
        </test-method> <!-- VerifyOSFCaptureResponseOutcomeAPIcallSuccessfully -->
      </class> <!-- Mccm.Pega.OSF.PegaTest.OSFAPICallCaptResponseTest -->
    </test> <!-- Default test -->
  </suite> <!-- Default suite -->
</testng-results>
