<?xml version="1.0" encoding="UTF-8"?>
<testng-results skipped="0" failed="0" ignored="0" total="1" passed="1">
  <reporter-output>
  </reporter-output>
  <suite name="Default suite" duration-ms="753" started-at="2020-11-24T13:27:06 IST" finished-at="2020-11-24T13:27:07 IST">
    <groups>
    </groups>
    <test name="Default test" duration-ms="753" started-at="2020-11-24T13:27:06 IST" finished-at="2020-11-24T13:27:07 IST">
      <class name="Mccm.Pega.CalcNBAandStartOfferFlow.PegaTest.CalcNBAStOffFlowCableTest">
        <test-method status="PASS" signature="VerifyCalcNBAandStartOfferFlowCableAPIcallSuccessfully()[pri:0, instance:Mccm.Pega.CalcNBAandStartOfferFlow.PegaTest.CalcNBAStOffFlowCableTest@4671e53b]" name="VerifyCalcNBAandStartOfferFlowCableAPIcallSuccessfully" duration-ms="657" started-at="2020-11-24T13:27:06 IST" finished-at="2020-11-24T13:27:07 IST">
          <reporter-output>
          </reporter-output>
        </test-method> <!-- VerifyCalcNBAandStartOfferFlowCableAPIcallSuccessfully -->
      </class> <!-- Mccm.Pega.CalcNBAandStartOfferFlow.PegaTest.CalcNBAStOffFlowCableTest -->
    </test> <!-- Default test -->
  </suite> <!-- Default suite -->
</testng-results>
