<?xml version="1.0" encoding="UTF-8"?>
<testng-results skipped="0" failed="0" ignored="0" total="1" passed="1">
  <reporter-output>
  </reporter-output>
  <suite name="Default suite" duration-ms="111783" started-at="2020-11-20T15:51:11 IST" finished-at="2020-11-20T15:53:03 IST">
    <groups>
    </groups>
    <test name="Default test" duration-ms="111783" started-at="2020-11-20T15:51:11 IST" finished-at="2020-11-20T15:53:03 IST">
      <class name="Mccm.Pega.DMPRealTime.PegaTest.PegaPreChkValidDMPCampCdTest">
        <test-method status="PASS" signature="setup()[pri:0, instance:Mccm.Pega.DMPRealTime.PegaTest.PegaPreChkValidDMPCampCdTest@43bd930a]" name="setup" is-config="true" duration-ms="20450" started-at="2020-11-20T15:51:11 IST" finished-at="2020-11-20T15:51:32 IST">
          <reporter-output>
          </reporter-output>
        </test-method> <!-- setup -->
        <test-method status="PASS" signature="VerifyPreCheckDMPRTCampCodeValueValidSuccessfully()[pri:1, instance:Mccm.Pega.DMPRealTime.PegaTest.PegaPreChkValidDMPCampCdTest@43bd930a]" name="VerifyPreCheckDMPRTCampCodeValueValidSuccessfully" duration-ms="89046" started-at="2020-11-20T15:51:32 IST" finished-at="2020-11-20T15:53:01 IST">
          <reporter-output>
          </reporter-output>
        </test-method> <!-- VerifyPreCheckDMPRTCampCodeValueValidSuccessfully -->
        <test-method status="PASS" signature="teardown()[pri:0, instance:Mccm.Pega.DMPRealTime.PegaTest.PegaPreChkValidDMPCampCdTest@43bd930a]" name="teardown" is-config="true" duration-ms="2189" started-at="2020-11-20T15:53:01 IST" finished-at="2020-11-20T15:53:03 IST">
          <reporter-output>
          </reporter-output>
        </test-method> <!-- teardown -->
      </class> <!-- Mccm.Pega.DMPRealTime.PegaTest.PegaPreChkValidDMPCampCdTest -->
    </test> <!-- Default test -->
  </suite> <!-- Default suite -->
</testng-results>
