<?xml version="1.0" encoding="UTF-8"?>
<testng-results skipped="0" failed="0" ignored="0" total="1" passed="1">
  <reporter-output>
  </reporter-output>
  <suite name="Default suite" duration-ms="2656" started-at="2020-10-06T18:26:45 IST" finished-at="2020-10-06T18:26:48 IST">
    <groups>
    </groups>
    <test name="Default test" duration-ms="2656" started-at="2020-10-06T18:26:45 IST" finished-at="2020-10-06T18:26:48 IST">
      <class name="Mccm.Pega.DMPRealTime.PegaTest.DMPRTPNBAProOffRlts">
        <test-method status="PASS" signature="VerifyDMPRTPNBAMobHashedAPIcallSuccessfully()[pri:0, instance:Mccm.Pega.DMPRealTime.PegaTest.DMPRTPNBAProOffRlts@757942a1]" name="VerifyDMPRTPNBAMobHashedAPIcallSuccessfully" duration-ms="2602" started-at="2020-10-06T18:26:45 IST" finished-at="2020-10-06T18:26:48 IST">
          <reporter-output>
          </reporter-output>
        </test-method> <!-- VerifyDMPRTPNBAMobHashedAPIcallSuccessfully -->
      </class> <!-- Mccm.Pega.DMPRealTime.PegaTest.DMPRTPNBAProOffRlts -->
    </test> <!-- Default test -->
  </suite> <!-- Default suite -->
</testng-results>
