<?xml version="1.0" encoding="UTF-8"?>
<testng-results ignored="0" total="5" passed="5" failed="0" skipped="0">
  <reporter-output>
  </reporter-output>
  <suite started-at="2021-07-29T17:09:50 IST" name="Default suite" finished-at="2021-07-29T17:09:56 IST" duration-ms="6062">
    <groups>
    </groups>
    <test started-at="2021-07-29T17:09:50 IST" name="Default test" finished-at="2021-07-29T17:09:56 IST" duration-ms="6062">
      <class name="Mccm.Pega.OSF.PegaTest.CaptureResponseTest">
        <test-method signature="OSFCaptureResponse_APIcall(java.io.File)[pri:0, instance:Mccm.Pega.OSF.PegaTest.CaptureResponseTest@5536379e]" started-at="2021-07-29T17:09:50 IST" name="OSFCaptureResponse_APIcall" data-provider="files_CR" finished-at="2021-07-29T17:09:53 IST" duration-ms="3565" status="PASS">
          <params>
            <param index="0">
              <value>
                <![CDATA[C:\Users\ns32\git\mccm_automation\UseCaseConfigFile\TestData\OSF_CaptureResponse_TestData\cr_cable.json]]>
              </value>
            </param>
          </params>
          <reporter-output>
          </reporter-output>
        </test-method> <!-- OSFCaptureResponse_APIcall -->
        <test-method signature="OSFCaptureResponse_APIcall(java.io.File)[pri:0, instance:Mccm.Pega.OSF.PegaTest.CaptureResponseTest@5536379e]" started-at="2021-07-29T17:09:53 IST" name="OSFCaptureResponse_APIcall" data-provider="files_CR" finished-at="2021-07-29T17:09:54 IST" duration-ms="637" status="PASS">
          <params>
            <param index="0">
              <value>
                <![CDATA[C:\Users\ns32\git\mccm_automation\UseCaseConfigFile\TestData\OSF_CaptureResponse_TestData\cr_mobilesubscr.json]]>
              </value>
            </param>
          </params>
          <reporter-output>
          </reporter-output>
        </test-method> <!-- OSFCaptureResponse_APIcall -->
        <test-method signature="OSFCaptureResponse_APIcall(java.io.File)[pri:0, instance:Mccm.Pega.OSF.PegaTest.CaptureResponseTest@5536379e]" started-at="2021-07-29T17:09:54 IST" name="OSFCaptureResponse_APIcall" data-provider="files_CR" finished-at="2021-07-29T17:09:54 IST" duration-ms="592" status="PASS">
          <params>
            <param index="0">
              <value>
                <![CDATA[C:\Users\ns32\git\mccm_automation\UseCaseConfigFile\TestData\OSF_CaptureResponse_TestData\fixnet_cr.json]]>
              </value>
            </param>
          </params>
          <reporter-output>
          </reporter-output>
        </test-method> <!-- OSFCaptureResponse_APIcall -->
        <test-method signature="OSFCaptureResponse_APIcall(java.io.File)[pri:0, instance:Mccm.Pega.OSF.PegaTest.CaptureResponseTest@5536379e]" started-at="2021-07-29T17:09:54 IST" name="OSFCaptureResponse_APIcall" data-provider="files_CR" finished-at="2021-07-29T17:09:55 IST" duration-ms="605" status="PASS">
          <params>
            <param index="0">
              <value>
                <![CDATA[C:\Users\ns32\git\mccm_automation\UseCaseConfigFile\TestData\OSF_CaptureResponse_TestData\mobileban_cr.json]]>
              </value>
            </param>
          </params>
          <reporter-output>
          </reporter-output>
        </test-method> <!-- OSFCaptureResponse_APIcall -->
        <test-method signature="OSFCaptureResponse_APIcall(java.io.File)[pri:0, instance:Mccm.Pega.OSF.PegaTest.CaptureResponseTest@5536379e]" started-at="2021-07-29T17:09:55 IST" name="OSFCaptureResponse_APIcall" data-provider="files_CR" finished-at="2021-07-29T17:09:56 IST" duration-ms="586" status="PASS">
          <params>
            <param index="0">
              <value>
                <![CDATA[C:\Users\ns32\git\mccm_automation\UseCaseConfigFile\TestData\OSF_CaptureResponse_TestData\unitymedia_cr.json]]>
              </value>
            </param>
          </params>
          <reporter-output>
          </reporter-output>
        </test-method> <!-- OSFCaptureResponse_APIcall -->
      </class> <!-- Mccm.Pega.OSF.PegaTest.CaptureResponseTest -->
    </test> <!-- Default test -->
  </suite> <!-- Default suite -->
</testng-results>
