<?xml version="1.0" encoding="UTF-8"?>
<testng-results skipped="0" failed="0" ignored="0" total="1" passed="1">
  <reporter-output>
  </reporter-output>
  <suite name="Default suite" duration-ms="3868" started-at="2020-11-30T12:51:55 IST" finished-at="2020-11-30T12:51:59 IST">
    <groups>
    </groups>
    <test name="Default test" duration-ms="3868" started-at="2020-11-30T12:51:55 IST" finished-at="2020-11-30T12:51:59 IST">
      <class name="Mccm.Unix.Outbound.PreDataSetup_DBLoad_Test">
        <test-method status="PASS" signature="VerifyPreDatasetupDBLoadsuccessfully()[pri:0, instance:Mccm.Unix.Outbound.PreDataSetup_DBLoad_Test@612679d6]" name="VerifyPreDatasetupDBLoadsuccessfully" duration-ms="3813" started-at="2020-11-30T12:51:55 IST" finished-at="2020-11-30T12:51:59 IST">
          <reporter-output>
          </reporter-output>
        </test-method> <!-- VerifyPreDatasetupDBLoadsuccessfully -->
      </class> <!-- Mccm.Unix.Outbound.PreDataSetup_DBLoad_Test -->
    </test> <!-- Default test -->
  </suite> <!-- Default suite -->
</testng-results>
