<?xml version="1.0" encoding="UTF-8"?>
<testng-results ignored="0" total="6" passed="6" failed="0" skipped="0">
  <reporter-output>
  </reporter-output>
  <suite started-at="2021-07-26T15:18:43 IST" name="Default suite" finished-at="2021-07-26T15:18:43 IST" duration-ms="312">
    <groups>
    </groups>
    <test started-at="2021-07-26T15:18:43 IST" name="Default test" finished-at="2021-07-26T15:18:43 IST" duration-ms="312">
      <class name="Mccm.Pega.OSF.PegaTest.GetNBATest">
        <test-method signature="OSFGetNBA_APIcall(java.io.File)[pri:0, instance:Mccm.Pega.OSF.PegaTest.GetNBATest@5536379e]" started-at="2021-07-26T15:18:43 IST" name="OSFGetNBA_APIcall" data-provider="files_NBA" finished-at="2021-07-26T15:18:43 IST" duration-ms="212" status="PASS">
          <params>
            <param index="0">
              <value>
                <![CDATA[C:\Users\ns32\git\mccm_automation\UseCaseConfigFile\TestData\OSF_GetNBA_TestData\Cable_2Unitymedia.json]]>
              </value>
            </param>
          </params>
          <reporter-output>
          </reporter-output>
        </test-method> <!-- OSFGetNBA_APIcall -->
        <test-method signature="OSFGetNBA_APIcall(java.io.File)[pri:0, instance:Mccm.Pega.OSF.PegaTest.GetNBATest@5536379e]" started-at="2021-07-26T15:18:43 IST" name="OSFGetNBA_APIcall" data-provider="files_NBA" finished-at="2021-07-26T15:18:43 IST" duration-ms="13" status="PASS">
          <params>
            <param index="0">
              <value>
                <![CDATA[C:\Users\ns32\git\mccm_automation\UseCaseConfigFile\TestData\OSF_GetNBA_TestData\DSL_CableUnitymedia.json]]>
              </value>
            </param>
          </params>
          <reporter-output>
          </reporter-output>
        </test-method> <!-- OSFGetNBA_APIcall -->
        <test-method signature="OSFGetNBA_APIcall(java.io.File)[pri:0, instance:Mccm.Pega.OSF.PegaTest.GetNBATest@5536379e]" started-at="2021-07-26T15:18:43 IST" name="OSFGetNBA_APIcall" data-provider="files_NBA" finished-at="2021-07-26T15:18:43 IST" duration-ms="14" status="PASS">
          <params>
            <param index="0">
              <value>
                <![CDATA[C:\Users\ns32\git\mccm_automation\UseCaseConfigFile\TestData\OSF_GetNBA_TestData\GetNBA_multiacc.json]]>
              </value>
            </param>
          </params>
          <reporter-output>
          </reporter-output>
        </test-method> <!-- OSFGetNBA_APIcall -->
        <test-method signature="OSFGetNBA_APIcall(java.io.File)[pri:0, instance:Mccm.Pega.OSF.PegaTest.GetNBATest@5536379e]" started-at="2021-07-26T15:18:43 IST" name="OSFGetNBA_APIcall" data-provider="files_NBA" finished-at="2021-07-26T15:18:43 IST" duration-ms="12" status="PASS">
          <params>
            <param index="0">
              <value>
                <![CDATA[C:\Users\ns32\git\mccm_automation\UseCaseConfigFile\TestData\OSF_GetNBA_TestData\GetNBA_singleacc.json]]>
              </value>
            </param>
          </params>
          <reporter-output>
          </reporter-output>
        </test-method> <!-- OSFGetNBA_APIcall -->
        <test-method signature="OSFGetNBA_APIcall(java.io.File)[pri:0, instance:Mccm.Pega.OSF.PegaTest.GetNBATest@5536379e]" started-at="2021-07-26T15:18:43 IST" name="OSFGetNBA_APIcall" data-provider="files_NBA" finished-at="2021-07-26T15:18:43 IST" duration-ms="12" status="PASS">
          <params>
            <param index="0">
              <value>
                <![CDATA[C:\Users\ns32\git\mccm_automation\UseCaseConfigFile\TestData\OSF_GetNBA_TestData\Mobile_DSL_Cable.json]]>
              </value>
            </param>
          </params>
          <reporter-output>
          </reporter-output>
        </test-method> <!-- OSFGetNBA_APIcall -->
        <test-method signature="OSFGetNBA_APIcall(java.io.File)[pri:0, instance:Mccm.Pega.OSF.PegaTest.GetNBATest@5536379e]" started-at="2021-07-26T15:18:43 IST" name="OSFGetNBA_APIcall" data-provider="files_NBA" finished-at="2021-07-26T15:18:43 IST" duration-ms="12" status="PASS">
          <params>
            <param index="0">
              <value>
                <![CDATA[C:\Users\ns32\git\mccm_automation\UseCaseConfigFile\TestData\OSF_GetNBA_TestData\Mobile_DSL_Unitymedia.json]]>
              </value>
            </param>
          </params>
          <reporter-output>
          </reporter-output>
        </test-method> <!-- OSFGetNBA_APIcall -->
      </class> <!-- Mccm.Pega.OSF.PegaTest.GetNBATest -->
    </test> <!-- Default test -->
  </suite> <!-- Default suite -->
</testng-results>
