<?xml version="1.0" encoding="UTF-8"?>
<testng-results ignored="0" total="5" passed="5" failed="0" skipped="0">
  <reporter-output>
  </reporter-output>
  <suite started-at="2021-07-30T20:14:56 IST" name="Default suite" finished-at="2021-07-30T20:15:02 IST" duration-ms="5350">
    <groups>
    </groups>
    <test started-at="2021-07-30T20:14:56 IST" name="Default test" finished-at="2021-07-30T20:15:02 IST" duration-ms="5350">
      <class name="Mccm.Pega.OSF.PegaTest.CaptureResponseTest">
        <test-method signature="OSFCaptureResponse_APIcall(java.io.File)[pri:0, instance:Mccm.Pega.OSF.PegaTest.CaptureResponseTest@5d1659ea]" started-at="2021-07-30T20:14:57 IST" name="OSFCaptureResponse_APIcall" data-provider="files_CR" finished-at="2021-07-30T20:14:59 IST" duration-ms="2521" status="PASS">
          <params>
            <param index="0">
              <value>
                <![CDATA[C:\Users\ns32\git\mccm_automation\UseCaseConfigFile\TestData\OSF_CaptureResponse_TestData\cr_cable.json]]>
              </value>
            </param>
          </params>
          <reporter-output>
          </reporter-output>
        </test-method> <!-- OSFCaptureResponse_APIcall -->
        <test-method signature="OSFCaptureResponse_APIcall(java.io.File)[pri:0, instance:Mccm.Pega.OSF.PegaTest.CaptureResponseTest@5d1659ea]" started-at="2021-07-30T20:14:59 IST" name="OSFCaptureResponse_APIcall" data-provider="files_CR" finished-at="2021-07-30T20:15:00 IST" duration-ms="553" status="PASS">
          <params>
            <param index="0">
              <value>
                <![CDATA[C:\Users\ns32\git\mccm_automation\UseCaseConfigFile\TestData\OSF_CaptureResponse_TestData\cr_mobilesubscr.json]]>
              </value>
            </param>
          </params>
          <reporter-output>
          </reporter-output>
        </test-method> <!-- OSFCaptureResponse_APIcall -->
        <test-method signature="OSFCaptureResponse_APIcall(java.io.File)[pri:0, instance:Mccm.Pega.OSF.PegaTest.CaptureResponseTest@5d1659ea]" started-at="2021-07-30T20:15:00 IST" name="OSFCaptureResponse_APIcall" data-provider="files_CR" finished-at="2021-07-30T20:15:01 IST" duration-ms="1017" status="PASS">
          <params>
            <param index="0">
              <value>
                <![CDATA[C:\Users\ns32\git\mccm_automation\UseCaseConfigFile\TestData\OSF_CaptureResponse_TestData\fixnet_cr.json]]>
              </value>
            </param>
          </params>
          <reporter-output>
          </reporter-output>
        </test-method> <!-- OSFCaptureResponse_APIcall -->
        <test-method signature="OSFCaptureResponse_APIcall(java.io.File)[pri:0, instance:Mccm.Pega.OSF.PegaTest.CaptureResponseTest@5d1659ea]" started-at="2021-07-30T20:15:01 IST" name="OSFCaptureResponse_APIcall" data-provider="files_CR" finished-at="2021-07-30T20:15:01 IST" duration-ms="624" status="PASS">
          <params>
            <param index="0">
              <value>
                <![CDATA[C:\Users\ns32\git\mccm_automation\UseCaseConfigFile\TestData\OSF_CaptureResponse_TestData\mobileban_cr.json]]>
              </value>
            </param>
          </params>
          <reporter-output>
          </reporter-output>
        </test-method> <!-- OSFCaptureResponse_APIcall -->
        <test-method signature="OSFCaptureResponse_APIcall(java.io.File)[pri:0, instance:Mccm.Pega.OSF.PegaTest.CaptureResponseTest@5d1659ea]" started-at="2021-07-30T20:15:01 IST" name="OSFCaptureResponse_APIcall" data-provider="files_CR" finished-at="2021-07-30T20:15:02 IST" duration-ms="573" status="PASS">
          <params>
            <param index="0">
              <value>
                <![CDATA[C:\Users\ns32\git\mccm_automation\UseCaseConfigFile\TestData\OSF_CaptureResponse_TestData\unitymedia_cr.json]]>
              </value>
            </param>
          </params>
          <reporter-output>
          </reporter-output>
        </test-method> <!-- OSFCaptureResponse_APIcall -->
      </class> <!-- Mccm.Pega.OSF.PegaTest.CaptureResponseTest -->
    </test> <!-- Default test -->
  </suite> <!-- Default suite -->
</testng-results>
