<?xml version="1.0" encoding="UTF-8"?>
<testng-results skipped="0" failed="1" ignored="0" total="1" passed="0">
  <reporter-output>
  </reporter-output>
  <suite name="Default suite" duration-ms="204166" started-at="2020-10-22T13:00:47 IST" finished-at="2020-10-22T13:04:12 IST">
    <groups>
    </groups>
    <test name="Default test" duration-ms="204166" started-at="2020-10-22T13:00:47 IST" finished-at="2020-10-22T13:04:12 IST">
      <class name="Mccm.Pega.Outbound.PegaTest.PegamarktingTest">
        <test-method status="PASS" signature="setup()[pri:0, instance:Mccm.Pega.Outbound.PegaTest.PegamarktingTest@52f759d7]" name="setup" is-config="true" duration-ms="19182" started-at="2020-10-22T13:00:47 IST" finished-at="2020-10-22T13:01:07 IST">
          <reporter-output>
          </reporter-output>
        </test-method> <!-- setup -->
        <test-method status="FAIL" signature="VerifyNBACampaignRunSuccessfully()[pri:1, instance:Mccm.Pega.Outbound.PegaTest.PegamarktingTest@52f759d7]" name="VerifyNBACampaignRunSuccessfully" duration-ms="183479" started-at="2020-10-22T13:01:07 IST" finished-at="2020-10-22T13:04:10 IST">
          <exception class="org.openqa.selenium.ElementClickInterceptedException">
            <message>
              <![CDATA[element click intercepted: Element <button data-test-id="201505220844570463332330" data-ctl="Button" type="button" name="ContainerWithHeader_pyWorkPage.AudienceContainer_7" data-click="[[&quot;processAction&quot;, [&quot;LaunchCardContainer&quot;,&quot;true&quot;,&quot;:event&quot;,&quot;&quot;,&quot;Rule-HTML-Section&quot;,&quot;mkt_campaign_card_list_modal&quot;,&quot;CardListModal&quot;,&quot;%7B%22mobile%22%3A%7B%22reveal%22%3A%7B%22effect%22%3A%22anim-bottom%22%7D%2C%22isCustomDismiss%22%3A%22false%22%7D%7D&quot;,&quot;true&quot;,&quot;Embed-PegaMKT-CardContainer-Audience&quot;,&quot;Embed-PegaMKT-CardContainer-Audience&quot;,&quot;false&quot;,&quot;false&quot;,&quot;&quot;,&quot;&quot;]]]" class="pzhc pzbutton">...</button> is not clickable at point (536, 334). Other element would receive the click: <div id="pega_ui_mask" class="pega_ui_masking" style="position: fixed; display: block; top: 0px; left: 0px; height: 573px; width: 1024px;">...</div>
  (Session info: chrome=86.0.4240.75)
Build info: version: '3.141.59', revision: 'e82be7d358', time: '2018-11-14T08:17:03'
System info: host: 'INSGH045PMS0', ip: '192.168.137.1', os.name: 'Windows 10', os.arch: 'amd64', os.version: '10.0', java.version: '1.8.0_251'
Driver info: org.openqa.selenium.chrome.ChromeDriver
Capabilities {acceptInsecureCerts: false, browserName: chrome, browserVersion: 86.0.4240.75, chrome: {chromedriverVersion: 86.0.4240.22 (398b0743353ff..., userDataDir: C:\Users\prout21\AppData\Lo...}, goog:chromeOptions: {debuggerAddress: localhost:65102}, javascriptEnabled: true, networkConnectionEnabled: false, pageLoadStrategy: normal, platform: WINDOWS, platformName: WINDOWS, proxy: Proxy(), setWindowRect: true, strictFileInteractability: false, timeouts: {implicit: 0, pageLoad: 300000, script: 30000}, unhandledPromptBehavior: dismiss and notify, webauthn:virtualAuthenticators: true}
Session ID: 18cbfbb5aabd5016fe3084eae1643b62]]>
            </message>
            <full-stacktrace>
              <![CDATA[org.openqa.selenium.ElementClickInterceptedException: element click intercepted: Element <button data-test-id="201505220844570463332330" data-ctl="Button" type="button" name="ContainerWithHeader_pyWorkPage.AudienceContainer_7" data-click="[[&quot;processAction&quot;, [&quot;LaunchCardContainer&quot;,&quot;true&quot;,&quot;:event&quot;,&quot;&quot;,&quot;Rule-HTML-Section&quot;,&quot;mkt_campaign_card_list_modal&quot;,&quot;CardListModal&quot;,&quot;%7B%22mobile%22%3A%7B%22reveal%22%3A%7B%22effect%22%3A%22anim-bottom%22%7D%2C%22isCustomDismiss%22%3A%22false%22%7D%7D&quot;,&quot;true&quot;,&quot;Embed-PegaMKT-CardContainer-Audience&quot;,&quot;Embed-PegaMKT-CardContainer-Audience&quot;,&quot;false&quot;,&quot;false&quot;,&quot;&quot;,&quot;&quot;]]]" class="pzhc pzbutton">...</button> is not clickable at point (536, 334). Other element would receive the click: <div id="pega_ui_mask" class="pega_ui_masking" style="position: fixed; display: block; top: 0px; left: 0px; height: 573px; width: 1024px;">...</div>
  (Session info: chrome=86.0.4240.75)
Build info: version: '3.141.59', revision: 'e82be7d358', time: '2018-11-14T08:17:03'
System info: host: 'INSGH045PMS0', ip: '192.168.137.1', os.name: 'Windows 10', os.arch: 'amd64', os.version: '10.0', java.version: '1.8.0_251'
Driver info: org.openqa.selenium.chrome.ChromeDriver
Capabilities {acceptInsecureCerts: false, browserName: chrome, browserVersion: 86.0.4240.75, chrome: {chromedriverVersion: 86.0.4240.22 (398b0743353ff..., userDataDir: C:\Users\prout21\AppData\Lo...}, goog:chromeOptions: {debuggerAddress: localhost:65102}, javascriptEnabled: true, networkConnectionEnabled: false, pageLoadStrategy: normal, platform: WINDOWS, platformName: WINDOWS, proxy: Proxy(), setWindowRect: true, strictFileInteractability: false, timeouts: {implicit: 0, pageLoad: 300000, script: 30000}, unhandledPromptBehavior: dismiss and notify, webauthn:virtualAuthenticators: true}
Session ID: 18cbfbb5aabd5016fe3084eae1643b62
at sun.reflect.NativeConstructorAccessorImpl.newInstance0(Native Method)
at sun.reflect.NativeConstructorAccessorImpl.newInstance(NativeConstructorAccessorImpl.java:62)
at sun.reflect.DelegatingConstructorAccessorImpl.newInstance(DelegatingConstructorAccessorImpl.java:45)
at java.lang.reflect.Constructor.newInstance(Constructor.java:423)
at org.openqa.selenium.remote.http.W3CHttpResponseCodec.createException(W3CHttpResponseCodec.java:187)
at org.openqa.selenium.remote.http.W3CHttpResponseCodec.decode(W3CHttpResponseCodec.java:122)
at org.openqa.selenium.remote.http.W3CHttpResponseCodec.decode(W3CHttpResponseCodec.java:49)
at org.openqa.selenium.remote.HttpCommandExecutor.execute(HttpCommandExecutor.java:158)
at org.openqa.selenium.remote.service.DriverCommandExecutor.execute(DriverCommandExecutor.java:83)
at org.openqa.selenium.remote.RemoteWebDriver.execute(RemoteWebDriver.java:552)
at org.openqa.selenium.remote.RemoteWebElement.execute(RemoteWebElement.java:285)
at org.openqa.selenium.remote.RemoteWebElement.click(RemoteWebElement.java:84)
at sun.reflect.NativeMethodAccessorImpl.invoke0(Native Method)
at sun.reflect.NativeMethodAccessorImpl.invoke(NativeMethodAccessorImpl.java:62)
at sun.reflect.DelegatingMethodAccessorImpl.invoke(DelegatingMethodAccessorImpl.java:43)
at java.lang.reflect.Method.invoke(Method.java:498)
at org.openqa.selenium.support.pagefactory.internal.LocatingElementHandler.invoke(LocatingElementHandler.java:51)
at com.sun.proxy.$Proxy9.click(Unknown Source)
at Mccm.Pega.Outbound.PegaMain.PegaMarketPage.AudianceConfig(PegaMarketPage.java:286)
at Mccm.Pega.Outbound.PegaTest.PegamarktingTest.VerifyNBACampaignRunSuccessfully(PegamarktingTest.java:65)
at sun.reflect.NativeMethodAccessorImpl.invoke0(Native Method)
at sun.reflect.NativeMethodAccessorImpl.invoke(NativeMethodAccessorImpl.java:62)
at sun.reflect.DelegatingMethodAccessorImpl.invoke(DelegatingMethodAccessorImpl.java:43)
at java.lang.reflect.Method.invoke(Method.java:498)
at org.testng.internal.MethodInvocationHelper.invokeMethod(MethodInvocationHelper.java:135)
at org.testng.internal.TestInvoker.invokeMethod(TestInvoker.java:598)
at org.testng.internal.TestInvoker.invokeTestMethod(TestInvoker.java:174)
at org.testng.internal.MethodRunner.runInSequence(MethodRunner.java:46)
at org.testng.internal.TestInvoker$MethodInvocationAgent.invoke(TestInvoker.java:821)
at org.testng.internal.TestInvoker.invokeTestMethods(TestInvoker.java:147)
at org.testng.internal.TestMethodWorker.invokeTestMethods(TestMethodWorker.java:146)
at org.testng.internal.TestMethodWorker.run(TestMethodWorker.java:128)
at java.util.ArrayList.forEach(ArrayList.java:1257)
at org.testng.TestRunner.privateRun(TestRunner.java:767)
at org.testng.TestRunner.run(TestRunner.java:588)
at org.testng.SuiteRunner.runTest(SuiteRunner.java:384)
at org.testng.SuiteRunner.runSequentially(SuiteRunner.java:378)
at org.testng.SuiteRunner.privateRun(SuiteRunner.java:337)
at org.testng.SuiteRunner.run(SuiteRunner.java:286)
at org.testng.SuiteRunnerWorker.runSuite(SuiteRunnerWorker.java:53)
at org.testng.SuiteRunnerWorker.run(SuiteRunnerWorker.java:96)
at org.testng.TestNG.runSuitesSequentially(TestNG.java:1214)
at org.testng.TestNG.runSuitesLocally(TestNG.java:1136)
at org.testng.TestNG.runSuites(TestNG.java:1066)
at org.testng.TestNG.run(TestNG.java:1034)
at org.testng.remote.AbstractRemoteTestNG.run(AbstractRemoteTestNG.java:115)
at org.testng.remote.RemoteTestNG.initAndRun(RemoteTestNG.java:251)
at org.testng.remote.RemoteTestNG.main(RemoteTestNG.java:77)
]]>
            </full-stacktrace>
          </exception> <!-- org.openqa.selenium.ElementClickInterceptedException -->
          <reporter-output>
          </reporter-output>
        </test-method> <!-- VerifyNBACampaignRunSuccessfully -->
        <test-method status="PASS" signature="teardown()[pri:0, instance:Mccm.Pega.Outbound.PegaTest.PegamarktingTest@52f759d7]" name="teardown" is-config="true" duration-ms="1444" started-at="2020-10-22T13:04:10 IST" finished-at="2020-10-22T13:04:12 IST">
          <reporter-output>
          </reporter-output>
        </test-method> <!-- teardown -->
      </class> <!-- Mccm.Pega.Outbound.PegaTest.PegamarktingTest -->
    </test> <!-- Default test -->
  </suite> <!-- Default suite -->
</testng-results>
