<?xml version="1.0" encoding="UTF-8"?>
<testng-results skipped="0" failed="0" ignored="0" total="1" passed="1">
  <reporter-output>
  </reporter-output>
  <suite name="Default suite" duration-ms="95657" started-at="2020-10-09T17:52:43 IST" finished-at="2020-10-09T17:54:19 IST">
    <groups>
    </groups>
    <test name="Default test" duration-ms="95657" started-at="2020-10-09T17:52:43 IST" finished-at="2020-10-09T17:54:19 IST">
      <class name="Mccm.Pega.Inbound.PegaTest.PegamarktIntrctnHistoryTest">
        <test-method status="PASS" signature="setup()[pri:0, instance:Mccm.Pega.Inbound.PegaTest.PegamarktIntrctnHistoryTest@42eca56e]" name="setup" is-config="true" duration-ms="21219" started-at="2020-10-09T17:52:43 IST" finished-at="2020-10-09T17:53:04 IST">
          <reporter-output>
          </reporter-output>
        </test-method> <!-- setup -->
        <test-method status="PASS" signature="VerifyIntractionHistoryRunSuccessfully()[pri:1, instance:Mccm.Pega.Inbound.PegaTest.PegamarktIntrctnHistoryTest@42eca56e]" name="VerifyIntractionHistoryRunSuccessfully" duration-ms="74379" started-at="2020-10-09T17:53:04 IST" finished-at="2020-10-09T17:54:19 IST">
          <reporter-output>
          </reporter-output>
        </test-method> <!-- VerifyIntractionHistoryRunSuccessfully -->
      </class> <!-- Mccm.Pega.Inbound.PegaTest.PegamarktIntrctnHistoryTest -->
    </test> <!-- Default test -->
  </suite> <!-- Default suite -->
</testng-results>
