<?xml version="1.0" encoding="UTF-8"?>
<testng-results skipped="0" failed="0" ignored="0" total="1" passed="1">
  <reporter-output>
  </reporter-output>
  <suite name="Default suite" duration-ms="3924" started-at="2020-12-22T18:11:14 IST" finished-at="2020-12-22T18:11:18 IST">
    <groups>
    </groups>
    <test name="Default test" duration-ms="3924" started-at="2020-12-22T18:11:14 IST" finished-at="2020-12-22T18:11:18 IST">
      <class name="Mccm.Pega.DMPRealTime.PegaTest.DMPRTPNBAProOffRltsTest">
        <test-method status="PASS" signature="VerifyDMPRTProcessOffResltsAPIcallSuccessfully()[pri:0, instance:Mccm.Pega.DMPRealTime.PegaTest.DMPRTPNBAProOffRltsTest@7cbd213e]" name="VerifyDMPRTProcessOffResltsAPIcallSuccessfully" duration-ms="3870" started-at="2020-12-22T18:11:14 IST" finished-at="2020-12-22T18:11:18 IST">
          <reporter-output>
          </reporter-output>
        </test-method> <!-- VerifyDMPRTProcessOffResltsAPIcallSuccessfully -->
      </class> <!-- Mccm.Pega.DMPRealTime.PegaTest.DMPRTPNBAProOffRltsTest -->
    </test> <!-- Default test -->
  </suite> <!-- Default suite -->
</testng-results>
