<?xml version="1.0" encoding="UTF-8"?>
<testng-results skipped="0" failed="0" ignored="0" total="1" passed="1">
  <reporter-output>
  </reporter-output>
  <suite name="Default suite" duration-ms="753293" started-at="2020-10-28T11:48:11 IST" finished-at="2020-10-28T12:00:44 IST">
    <groups>
    </groups>
    <test name="Default test" duration-ms="753293" started-at="2020-10-28T11:48:11 IST" finished-at="2020-10-28T12:00:44 IST">
      <class name="Mccm.Pega.Outbound.PegaTest.PegamarktingTest">
        <test-method status="PASS" signature="setup()[pri:0, instance:Mccm.Pega.Outbound.PegaTest.PegamarktingTest@52f759d7]" name="setup" is-config="true" duration-ms="20879" started-at="2020-10-28T11:48:11 IST" finished-at="2020-10-28T11:48:32 IST">
          <reporter-output>
          </reporter-output>
        </test-method> <!-- setup -->
        <test-method status="PASS" signature="VerifyNBACampaignRunSuccessfully()[pri:1, instance:Mccm.Pega.Outbound.PegaTest.PegamarktingTest@52f759d7]" name="VerifyNBACampaignRunSuccessfully" duration-ms="730756" started-at="2020-10-28T11:48:32 IST" finished-at="2020-10-28T12:00:43 IST">
          <reporter-output>
          </reporter-output>
        </test-method> <!-- VerifyNBACampaignRunSuccessfully -->
        <test-method status="PASS" signature="teardown()[pri:0, instance:Mccm.Pega.Outbound.PegaTest.PegamarktingTest@52f759d7]" name="teardown" is-config="true" duration-ms="1602" started-at="2020-10-28T12:00:43 IST" finished-at="2020-10-28T12:00:44 IST">
          <reporter-output>
          </reporter-output>
        </test-method> <!-- teardown -->
      </class> <!-- Mccm.Pega.Outbound.PegaTest.PegamarktingTest -->
    </test> <!-- Default test -->
  </suite> <!-- Default suite -->
</testng-results>
