<?xml version="1.0" encoding="UTF-8"?>
<testng-results skipped="0" failed="0" ignored="0" total="1" passed="1">
  <reporter-output>
  </reporter-output>
  <suite name="Default suite" duration-ms="132654" started-at="2021-07-05T12:33:44 IST" finished-at="2021-07-05T12:35:57 IST">
    <groups>
    </groups>
    <test name="Default test" duration-ms="132654" started-at="2021-07-05T12:33:44 IST" finished-at="2021-07-05T12:35:57 IST">
      <class name="Mccm.Pega.Inbound.PegaTest.PegamarktIntrctnHistoryTest">
        <test-method status="PASS" signature="setup()[pri:0, instance:Mccm.Pega.Inbound.PegaTest.PegamarktIntrctnHistoryTest@1f59a598]" name="setup" is-config="true" duration-ms="18900" started-at="2021-07-05T12:33:44 IST" finished-at="2021-07-05T12:34:03 IST">
          <reporter-output>
          </reporter-output>
        </test-method> <!-- setup -->
        <test-method status="PASS" signature="VerifyIntractionHistoryRunSuccessfully()[pri:1, instance:Mccm.Pega.Inbound.PegaTest.PegamarktIntrctnHistoryTest@1f59a598]" name="VerifyIntractionHistoryRunSuccessfully" duration-ms="112757" started-at="2021-07-05T12:34:03 IST" finished-at="2021-07-05T12:35:56 IST">
          <reporter-output>
          </reporter-output>
        </test-method> <!-- VerifyIntractionHistoryRunSuccessfully -->
        <test-method status="PASS" signature="teardown()[pri:0, instance:Mccm.Pega.Inbound.PegaTest.PegamarktIntrctnHistoryTest@1f59a598]" name="teardown" is-config="true" duration-ms="966" started-at="2021-07-05T12:35:56 IST" finished-at="2021-07-05T12:35:57 IST">
          <reporter-output>
          </reporter-output>
        </test-method> <!-- teardown -->
      </class> <!-- Mccm.Pega.Inbound.PegaTest.PegamarktIntrctnHistoryTest -->
    </test> <!-- Default test -->
  </suite> <!-- Default suite -->
</testng-results>
