<?xml version="1.0" encoding="UTF-8"?>
<testng-results skipped="0" failed="0" ignored="0" total="1" passed="1">
  <reporter-output>
  </reporter-output>
  <suite name="Default suite" duration-ms="746628" started-at="2021-05-18T15:39:04 IST" finished-at="2021-05-18T15:51:31 IST">
    <groups>
    </groups>
    <test name="Default test" duration-ms="746628" started-at="2021-05-18T15:39:04 IST" finished-at="2021-05-18T15:51:31 IST">
      <class name="Mccm.Pega.OSF.PegaTest.PegaOSFDMCCMSettingTest">
        <test-method status="PASS" signature="setup()[pri:0, instance:Mccm.Pega.OSF.PegaTest.PegaOSFDMCCMSettingTest@43738a82]" name="setup" is-config="true" duration-ms="34683" started-at="2021-05-18T15:39:04 IST" finished-at="2021-05-18T15:39:39 IST">
          <reporter-output>
          </reporter-output>
        </test-method> <!-- setup -->
        <test-method status="PASS" signature="VerifyOSFDynamicSystemSettingRunSuccessfully()[pri:1, instance:Mccm.Pega.OSF.PegaTest.PegaOSFDMCCMSettingTest@43738a82]" name="VerifyOSFDynamicSystemSettingRunSuccessfully" duration-ms="711879" started-at="2021-05-18T15:39:39 IST" finished-at="2021-05-18T15:51:31 IST">
          <reporter-output>
          </reporter-output>
        </test-method> <!-- VerifyOSFDynamicSystemSettingRunSuccessfully -->
        <test-method status="PASS" signature="teardown()[pri:0, instance:Mccm.Pega.OSF.PegaTest.PegaOSFDMCCMSettingTest@43738a82]" name="teardown" is-config="true" duration-ms="1" started-at="2021-05-18T15:51:31 IST" finished-at="2021-05-18T15:51:31 IST">
          <reporter-output>
          </reporter-output>
        </test-method> <!-- teardown -->
      </class> <!-- Mccm.Pega.OSF.PegaTest.PegaOSFDMCCMSettingTest -->
    </test> <!-- Default test -->
  </suite> <!-- Default suite -->
</testng-results>
