<?xml version="1.0" encoding="UTF-8"?>
<testng-results ignored="0" total="1" passed="1" failed="0" skipped="0">
  <reporter-output>
  </reporter-output>
  <suite started-at="2021-07-09T12:34:16 IST" name="Default suite" finished-at="2021-07-09T12:34:18 IST" duration-ms="2036">
    <groups>
    </groups>
    <test started-at="2021-07-09T12:34:16 IST" name="Default test" finished-at="2021-07-09T12:34:18 IST" duration-ms="2036">
      <class name="Mccm.Pega.OSF.PegaTest.OSFAPICallGetNBATest">
        <test-method signature="VerifyOSFGetNBARestAPIcallSuccessfully()[pri:0, instance:Mccm.Pega.OSF.PegaTest.OSFAPICallGetNBATest@1fdfafd2]" started-at="2021-07-09T12:34:16 IST" name="VerifyOSFGetNBARestAPIcallSuccessfully" finished-at="2021-07-09T12:34:18 IST" duration-ms="1989" status="PASS">
          <reporter-output>
          </reporter-output>
        </test-method> <!-- VerifyOSFGetNBARestAPIcallSuccessfully -->
      </class> <!-- Mccm.Pega.OSF.PegaTest.OSFAPICallGetNBATest -->
    </test> <!-- Default test -->
  </suite> <!-- Default suite -->
</testng-results>
