<?xml version="1.0" encoding="UTF-8"?>
<testng-results ignored="0" total="6" passed="6" failed="0" skipped="0">
  <reporter-output>
  </reporter-output>
  <suite started-at="2021-07-26T16:31:45 IST" name="Default suite" finished-at="2021-07-26T16:31:54 IST" duration-ms="8797">
    <groups>
    </groups>
    <test started-at="2021-07-26T16:31:45 IST" name="Default test" finished-at="2021-07-26T16:31:54 IST" duration-ms="8797">
      <class name="Mccm.Pega.OSF.PegaTest.ProcessFeebbackTest">
        <test-method signature="OSFProcesFeedback_APIcall(java.io.File)[pri:0, instance:Mccm.Pega.OSF.PegaTest.ProcessFeebbackTest@5536379e]" started-at="2021-07-26T16:31:45 IST" name="OSFProcesFeedback_APIcall" data-provider="files_PF" finished-at="2021-07-26T16:31:49 IST" duration-ms="3834" status="PASS">
          <params>
            <param index="0">
              <value>
                <![CDATA[C:\Users\ns32\git\mccm_automation\UseCaseConfigFile\TestData\OSF_ProcessFeedback_TestData\CabCustNr_pr.json]]>
              </value>
            </param>
          </params>
          <reporter-output>
          </reporter-output>
        </test-method> <!-- OSFProcesFeedback_APIcall -->
        <test-method signature="OSFProcesFeedback_APIcall(java.io.File)[pri:0, instance:Mccm.Pega.OSF.PegaTest.ProcessFeebbackTest@5536379e]" started-at="2021-07-26T16:31:49 IST" name="OSFProcesFeedback_APIcall" data-provider="files_PF" finished-at="2021-07-26T16:31:50 IST" duration-ms="1084" status="PASS">
          <params>
            <param index="0">
              <value>
                <![CDATA[C:\Users\ns32\git\mccm_automation\UseCaseConfigFile\TestData\OSF_ProcessFeedback_TestData\cable_pr.json]]>
              </value>
            </param>
          </params>
          <reporter-output>
          </reporter-output>
        </test-method> <!-- OSFProcesFeedback_APIcall -->
        <test-method signature="OSFProcesFeedback_APIcall(java.io.File)[pri:0, instance:Mccm.Pega.OSF.PegaTest.ProcessFeebbackTest@5536379e]" started-at="2021-07-26T16:31:50 IST" name="OSFProcesFeedback_APIcall" data-provider="files_PF" finished-at="2021-07-26T16:31:51 IST" duration-ms="1179" status="PASS">
          <params>
            <param index="0">
              <value>
                <![CDATA[C:\Users\ns32\git\mccm_automation\UseCaseConfigFile\TestData\OSF_ProcessFeedback_TestData\fixednet_pr.json]]>
              </value>
            </param>
          </params>
          <reporter-output>
          </reporter-output>
        </test-method> <!-- OSFProcesFeedback_APIcall -->
        <test-method signature="OSFProcesFeedback_APIcall(java.io.File)[pri:0, instance:Mccm.Pega.OSF.PegaTest.ProcessFeebbackTest@5536379e]" started-at="2021-07-26T16:31:51 IST" name="OSFProcesFeedback_APIcall" data-provider="files_PF" finished-at="2021-07-26T16:31:52 IST" duration-ms="1196" status="PASS">
          <params>
            <param index="0">
              <value>
                <![CDATA[C:\Users\ns32\git\mccm_automation\UseCaseConfigFile\TestData\OSF_ProcessFeedback_TestData\mobileban_pr.json]]>
              </value>
            </param>
          </params>
          <reporter-output>
          </reporter-output>
        </test-method> <!-- OSFProcesFeedback_APIcall -->
        <test-method signature="OSFProcesFeedback_APIcall(java.io.File)[pri:0, instance:Mccm.Pega.OSF.PegaTest.ProcessFeebbackTest@5536379e]" started-at="2021-07-26T16:31:52 IST" name="OSFProcesFeedback_APIcall" data-provider="files_PF" finished-at="2021-07-26T16:31:53 IST" duration-ms="735" status="PASS">
          <params>
            <param index="0">
              <value>
                <![CDATA[C:\Users\ns32\git\mccm_automation\UseCaseConfigFile\TestData\OSF_ProcessFeedback_TestData\uniity_pr.json]]>
              </value>
            </param>
          </params>
          <reporter-output>
          </reporter-output>
        </test-method> <!-- OSFProcesFeedback_APIcall -->
        <test-method signature="OSFProcesFeedback_APIcall(java.io.File)[pri:0, instance:Mccm.Pega.OSF.PegaTest.ProcessFeebbackTest@5536379e]" started-at="2021-07-26T16:31:53 IST" name="OSFProcesFeedback_APIcall" data-provider="files_PF" finished-at="2021-07-26T16:31:54 IST" duration-ms="726" status="PASS">
          <params>
            <param index="0">
              <value>
                <![CDATA[C:\Users\ns32\git\mccm_automation\UseCaseConfigFile\TestData\OSF_ProcessFeedback_TestData\unitymedia_pr.json]]>
              </value>
            </param>
          </params>
          <reporter-output>
          </reporter-output>
        </test-method> <!-- OSFProcesFeedback_APIcall -->
      </class> <!-- Mccm.Pega.OSF.PegaTest.ProcessFeebbackTest -->
    </test> <!-- Default test -->
  </suite> <!-- Default suite -->
</testng-results>
