<?xml version="1.0" encoding="UTF-8"?>
<testng-results skipped="0" failed="0" ignored="0" total="1" passed="1">
  <reporter-output>
  </reporter-output>
  <suite name="Mccm CalcNBAandStartOfferFlow Automation Regression Suite" duration-ms="1285" started-at="2020-11-23T16:46:42 IST" finished-at="2020-11-23T16:46:44 IST">
    <groups>
    </groups>
    <test name="Pega CalcNBAandStartOfferFlow API Call Regression Test" duration-ms="1285" started-at="2020-11-23T16:46:42 IST" finished-at="2020-11-23T16:46:44 IST">
      <class name="Mccm.Pega.CalcNBAandStartOfferFlow.PegaTest.CalcNBAandStartOfferFlowTest">
        <test-method status="PASS" signature="VerifyCalcNBAandStartOfferFlowAPIcallSuccessfully()[pri:0, instance:Mccm.Pega.CalcNBAandStartOfferFlow.PegaTest.CalcNBAandStartOfferFlowTest@2db7a79b]" name="VerifyCalcNBAandStartOfferFlowAPIcallSuccessfully" duration-ms="1220" started-at="2020-11-23T16:46:43 IST" finished-at="2020-11-23T16:46:44 IST">
          <reporter-output>
          </reporter-output>
        </test-method> <!-- VerifyCalcNBAandStartOfferFlowAPIcallSuccessfully -->
      </class> <!-- Mccm.Pega.CalcNBAandStartOfferFlow.PegaTest.CalcNBAandStartOfferFlowTest -->
    </test> <!-- Pega CalcNBAandStartOfferFlow API Call Regression Test -->
  </suite> <!-- Mccm CalcNBAandStartOfferFlow Automation Regression Suite -->
</testng-results>
