<?xml version="1.0" encoding="UTF-8"?>
<testng-results ignored="0" total="5" passed="5" failed="0" skipped="0">
  <reporter-output>
  </reporter-output>
  <suite started-at="2021-07-14T13:41:38 IST" name="Default suite" finished-at="2021-07-14T13:41:40 IST" duration-ms="2411">
    <groups>
    </groups>
    <test started-at="2021-07-14T13:41:38 IST" name="Default test" finished-at="2021-07-14T13:41:40 IST" duration-ms="2411">
      <class name="Mccm.Pega.OSF.PegaTest.OSF_GetNBA_ErrorCasesTest">
        <test-method signature="VerifyOSFCaptureResponseOutcomeAPIcallSuccessfully(java.lang.String)[pri:0, instance:Mccm.Pega.OSF.PegaTest.OSF_GetNBA_ErrorCasesTest@74e47444]" started-at="2021-07-14T13:41:38 IST" name="VerifyOSFCaptureResponseOutcomeAPIcallSuccessfully" data-provider="exceldata" finished-at="2021-07-14T13:41:39 IST" duration-ms="1092" status="PASS">
          <params>
            <param index="0">
              <value>
                <![CDATA[{"Accounts":[{"AccountID":"1130541259","SI":"MobileBAN"}],"VOID":"","SCClassification":"SCL","ContainerName":"OSF","Channel":"OSF","Direction":"Inbound"}]]>
              </value>
            </param>
          </params>
          <reporter-output>
          </reporter-output>
        </test-method> <!-- VerifyOSFCaptureResponseOutcomeAPIcallSuccessfully -->
        <test-method signature="VerifyOSFCaptureResponseOutcomeAPIcallSuccessfully(java.lang.String)[pri:0, instance:Mccm.Pega.OSF.PegaTest.OSF_GetNBA_ErrorCasesTest@74e47444]" started-at="2021-07-14T13:41:39 IST" name="VerifyOSFCaptureResponseOutcomeAPIcallSuccessfully" data-provider="exceldata" finished-at="2021-07-14T13:41:40 IST" duration-ms="233" status="PASS">
          <params>
            <param index="0">
              <value>
                <![CDATA[{"Accounts":[{"AccountID":"","SI":"MobileBAN"}],"VOID":"12345678","SCClassification":"SCL","ContainerName":"OSF","Channel":"OSF","Direction":"Inbound"}]]>
              </value>
            </param>
          </params>
          <reporter-output>
          </reporter-output>
        </test-method> <!-- VerifyOSFCaptureResponseOutcomeAPIcallSuccessfully -->
        <test-method signature="VerifyOSFCaptureResponseOutcomeAPIcallSuccessfully(java.lang.String)[pri:0, instance:Mccm.Pega.OSF.PegaTest.OSF_GetNBA_ErrorCasesTest@74e47444]" started-at="2021-07-14T13:41:40 IST" name="VerifyOSFCaptureResponseOutcomeAPIcallSuccessfully" data-provider="exceldata" finished-at="2021-07-14T13:41:40 IST" duration-ms="225" status="PASS">
          <params>
            <param index="0">
              <value>
                <![CDATA[{"Accounts":[{"AccountID":"1130541259","SI":"MobileBAN344"}],"VOID":"12345678","SCClassification":"SCL","ContainerName":"OSF","Channel":"OSF","Direction":"Inbound"}]]>
              </value>
            </param>
          </params>
          <reporter-output>
          </reporter-output>
        </test-method> <!-- VerifyOSFCaptureResponseOutcomeAPIcallSuccessfully -->
        <test-method signature="VerifyOSFCaptureResponseOutcomeAPIcallSuccessfully(java.lang.String)[pri:0, instance:Mccm.Pega.OSF.PegaTest.OSF_GetNBA_ErrorCasesTest@74e47444]" started-at="2021-07-14T13:41:40 IST" name="VerifyOSFCaptureResponseOutcomeAPIcallSuccessfully" data-provider="exceldata" finished-at="2021-07-14T13:41:40 IST" duration-ms="227" status="PASS">
          <params>
            <param index="0">
              <value>
                <![CDATA[{"Accounts":[{"AccountID":"1130541259122","SI":"MobileBAN"}],"VOID":"12345678","SCClassification":"SCL","ContainerName":"OSF","Channel":"OSF","Direction":"Inbound"}]]>
              </value>
            </param>
          </params>
          <reporter-output>
          </reporter-output>
        </test-method> <!-- VerifyOSFCaptureResponseOutcomeAPIcallSuccessfully -->
        <test-method signature="VerifyOSFCaptureResponseOutcomeAPIcallSuccessfully(java.lang.String)[pri:0, instance:Mccm.Pega.OSF.PegaTest.OSF_GetNBA_ErrorCasesTest@74e47444]" started-at="2021-07-14T13:41:40 IST" name="VerifyOSFCaptureResponseOutcomeAPIcallSuccessfully" data-provider="exceldata" finished-at="2021-07-14T13:41:40 IST" duration-ms="226" status="PASS">
          <params>
            <param index="0">
              <value>
                <![CDATA[{"":[{"AccountID":"1130541259122","SI":"MobileBAN"}],"VOID":"12345678","SCClassification":"SCL","ContainerName":"OSF","Channel":"OSF","Direction":"Inbound"}]]>
              </value>
            </param>
          </params>
          <reporter-output>
          </reporter-output>
        </test-method> <!-- VerifyOSFCaptureResponseOutcomeAPIcallSuccessfully -->
      </class> <!-- Mccm.Pega.OSF.PegaTest.OSF_GetNBA_ErrorCasesTest -->
    </test> <!-- Default test -->
  </suite> <!-- Default suite -->
</testng-results>
