<?xml version="1.0" encoding="UTF-8"?>
<testng-results skipped="0" failed="0" ignored="0" total="1" passed="1">
  <reporter-output>
  </reporter-output>
  <suite name="Default suite" duration-ms="3671" started-at="2020-11-23T15:06:54 IST" finished-at="2020-11-23T15:06:57 IST">
    <groups>
    </groups>
    <test name="Default test" duration-ms="3671" started-at="2020-11-23T15:06:54 IST" finished-at="2020-11-23T15:06:57 IST">
      <class name="Mccm.Pega.DMPRealTime.PegaTest.CalcNBAandStartOfferFlowTest">
        <test-method status="PASS" signature="VerifyDMPRTPNBAMobHashedAPIcallSuccessfully()[pri:0, instance:Mccm.Pega.DMPRealTime.PegaTest.CalcNBAandStartOfferFlowTest@4671e53b]" name="VerifyDMPRTPNBAMobHashedAPIcallSuccessfully" duration-ms="3617" started-at="2020-11-23T15:06:54 IST" finished-at="2020-11-23T15:06:57 IST">
          <reporter-output>
          </reporter-output>
        </test-method> <!-- VerifyDMPRTPNBAMobHashedAPIcallSuccessfully -->
      </class> <!-- Mccm.Pega.DMPRealTime.PegaTest.CalcNBAandStartOfferFlowTest -->
    </test> <!-- Default test -->
  </suite> <!-- Default suite -->
</testng-results>
