<?xml version="1.0" encoding="UTF-8"?>
<testng-results skipped="0" failed="0" ignored="0" total="1" passed="1">
  <reporter-output>
  </reporter-output>
  <suite name="Default suite" duration-ms="110810" started-at="2020-11-02T18:36:54 IST" finished-at="2020-11-02T18:38:45 IST">
    <groups>
    </groups>
    <test name="Default test" duration-ms="110810" started-at="2020-11-02T18:36:54 IST" finished-at="2020-11-02T18:38:45 IST">
      <class name="Mccm.Pega.Outbound.PegaTest.PegaPreChkValidCampCdTest">
        <test-method status="PASS" signature="setup()[pri:0, instance:Mccm.Pega.Outbound.PegaTest.PegaPreChkValidCampCdTest@64f6106c]" name="setup" is-config="true" duration-ms="19683" started-at="2020-11-02T18:36:54 IST" finished-at="2020-11-02T18:37:14 IST">
          <reporter-output>
          </reporter-output>
        </test-method> <!-- setup -->
        <test-method status="PASS" signature="VerifyPreCheckNBACampCodeValueValidSuccessfully()[pri:1, instance:Mccm.Pega.Outbound.PegaTest.PegaPreChkValidCampCdTest@64f6106c]" name="VerifyPreCheckNBACampCodeValueValidSuccessfully" duration-ms="91068" started-at="2020-11-02T18:37:14 IST" finished-at="2020-11-02T18:38:45 IST">
          <reporter-output>
          </reporter-output>
        </test-method> <!-- VerifyPreCheckNBACampCodeValueValidSuccessfully -->
        <test-method status="PASS" signature="teardown()[pri:0, instance:Mccm.Pega.Outbound.PegaTest.PegaPreChkValidCampCdTest@64f6106c]" name="teardown" is-config="true" duration-ms="1" started-at="2020-11-02T18:38:45 IST" finished-at="2020-11-02T18:38:45 IST">
          <reporter-output>
          </reporter-output>
        </test-method> <!-- teardown -->
      </class> <!-- Mccm.Pega.Outbound.PegaTest.PegaPreChkValidCampCdTest -->
    </test> <!-- Default test -->
  </suite> <!-- Default suite -->
</testng-results>
