<?xml version="1.0" encoding="UTF-8"?>
<testng-results skipped="0" failed="0" ignored="0" total="1" passed="1">
  <reporter-output>
  </reporter-output>
  <suite name="Default suite" duration-ms="87621" started-at="2020-09-30T12:02:18 IST" finished-at="2020-09-30T12:03:45 IST">
    <groups>
    </groups>
    <test name="Default test" duration-ms="87621" started-at="2020-09-30T12:02:18 IST" finished-at="2020-09-30T12:03:45 IST">
      <class name="DemoEtEFlow.Testcase.PageMrktEtoEFlowNBAChk">
        <test-method status="PASS" signature="NBACampValueTestSuccessfull()[pri:0, instance:DemoEtEFlow.Testcase.PageMrktEtoEFlowNBAChk@462d5aee]" name="NBACampValueTestSuccessfull" duration-ms="87568" started-at="2020-09-30T12:02:18 IST" finished-at="2020-09-30T12:03:45 IST">
          <reporter-output>
          </reporter-output>
        </test-method> <!-- NBACampValueTestSuccessfull -->
      </class> <!-- DemoEtEFlow.Testcase.PageMrktEtoEFlowNBAChk -->
    </test> <!-- Default test -->
  </suite> <!-- Default suite -->
</testng-results>
