<?xml version="1.0" encoding="UTF-8"?>
<testng-results skipped="0" failed="0" ignored="0" total="1" passed="1">
  <reporter-output>
  </reporter-output>
  <suite name="Default suite" duration-ms="130425" started-at="2020-10-01T15:18:09 IST" finished-at="2020-10-01T15:20:19 IST">
    <groups>
    </groups>
    <test name="Default test" duration-ms="130425" started-at="2020-10-01T15:18:09 IST" finished-at="2020-10-01T15:20:19 IST">
      <class name="Mccm.Pega.Outbound.PegaTest.PreChkNBACampValuTest">
        <test-method status="PASS" signature="setup()[pri:0, instance:Mccm.Pega.Outbound.PegaTest.PreChkNBACampValuTest@52f759d7]" name="setup" is-config="true" duration-ms="37919" started-at="2020-10-01T15:18:09 IST" finished-at="2020-10-01T15:18:47 IST">
          <reporter-output>
          </reporter-output>
        </test-method> <!-- setup -->
        <test-method status="PASS" signature="VerifyOracleCansadraDataLoadedSuccessfully()[pri:1, instance:Mccm.Pega.Outbound.PegaTest.PreChkNBACampValuTest@52f759d7]" name="VerifyOracleCansadraDataLoadedSuccessfully" duration-ms="91100" started-at="2020-10-01T15:18:47 IST" finished-at="2020-10-01T15:20:18 IST">
          <reporter-output>
          </reporter-output>
        </test-method> <!-- VerifyOracleCansadraDataLoadedSuccessfully -->
        <test-method status="PASS" signature="teardown()[pri:0, instance:Mccm.Pega.Outbound.PegaTest.PreChkNBACampValuTest@52f759d7]" name="teardown" is-config="true" duration-ms="1353" started-at="2020-10-01T15:20:18 IST" finished-at="2020-10-01T15:20:19 IST">
          <reporter-output>
          </reporter-output>
        </test-method> <!-- teardown -->
      </class> <!-- Mccm.Pega.Outbound.PegaTest.PreChkNBACampValuTest -->
    </test> <!-- Default test -->
  </suite> <!-- Default suite -->
</testng-results>
