<?xml version="1.0" encoding="UTF-8"?>
<testng-results skipped="0" failed="0" ignored="0" total="4" passed="4">
  <reporter-output>
  </reporter-output>
  <suite name="Mccm CalcNBAandStartOfferFlow Automation Regression Suite" duration-ms="499811" started-at="2021-06-14T15:54:52 IST" finished-at="2021-06-14T16:03:12 IST">
    <groups>
    </groups>
    <test name="Pega CalcNBAandStartOfferFlow PegaMarket NBAOF Event Regression Test" duration-ms="373343" started-at="2021-06-14T15:54:52 IST" finished-at="2021-06-14T16:01:05 IST">
      <class name="Mccm.Pega.Calc.NBA.StartOffer.PegaTest.PegamarktCalcNBAandStartOffTest">
        <test-method status="PASS" signature="setup()[pri:0, instance:Mccm.Pega.Calc.NBA.StartOffer.PegaTest.PegamarktCalcNBAandStartOffTest@75881071]" name="setup" is-config="true" duration-ms="11474" started-at="2021-06-14T15:58:52 IST" finished-at="2021-06-14T15:59:03 IST">
          <reporter-output>
          </reporter-output>
        </test-method> <!-- setup -->
        <test-method status="PASS" signature="VerifyCalcNBAandStartOfferEventRunSuccessfully()[pri:1, instance:Mccm.Pega.Calc.NBA.StartOffer.PegaTest.PegamarktCalcNBAandStartOffTest@75881071]" name="VerifyCalcNBAandStartOfferEventRunSuccessfully" duration-ms="120220" started-at="2021-06-14T15:59:03 IST" finished-at="2021-06-14T16:01:04 IST">
          <reporter-output>
          </reporter-output>
        </test-method> <!-- VerifyCalcNBAandStartOfferEventRunSuccessfully -->
        <test-method status="PASS" signature="teardown()[pri:0, instance:Mccm.Pega.Calc.NBA.StartOffer.PegaTest.PegamarktCalcNBAandStartOffTest@75881071]" name="teardown" is-config="true" duration-ms="1722" started-at="2021-06-14T16:01:04 IST" finished-at="2021-06-14T16:01:05 IST">
          <reporter-output>
          </reporter-output>
        </test-method> <!-- teardown -->
      </class> <!-- Mccm.Pega.Calc.NBA.StartOffer.PegaTest.PegamarktCalcNBAandStartOffTest -->
      <class name="Mccm.Pega.Calc.NBA.StartOffer.PegaTest.PegaPreChkValidCalcNBACampCdTest">
        <test-method status="PASS" signature="setup()[pri:0, instance:Mccm.Pega.Calc.NBA.StartOffer.PegaTest.PegaPreChkValidCalcNBACampCdTest@1fc2b765]" name="setup" is-config="true" duration-ms="13442" started-at="2021-06-14T15:54:52 IST" finished-at="2021-06-14T15:55:05 IST">
          <reporter-output>
          </reporter-output>
        </test-method> <!-- setup -->
        <test-method status="PASS" signature="VerifyPreCheckCalcNBACampCodeValueValidSuccessfully()[pri:1, instance:Mccm.Pega.Calc.NBA.StartOffer.PegaTest.PegaPreChkValidCalcNBACampCdTest@1fc2b765]" name="VerifyPreCheckCalcNBACampCodeValueValidSuccessfully" duration-ms="225019" started-at="2021-06-14T15:55:05 IST" finished-at="2021-06-14T15:58:50 IST">
          <reporter-output>
          </reporter-output>
        </test-method> <!-- VerifyPreCheckCalcNBACampCodeValueValidSuccessfully -->
        <test-method status="PASS" signature="teardown()[pri:0, instance:Mccm.Pega.Calc.NBA.StartOffer.PegaTest.PegaPreChkValidCalcNBACampCdTest@1fc2b765]" name="teardown" is-config="true" duration-ms="1394" started-at="2021-06-14T15:58:50 IST" finished-at="2021-06-14T15:58:52 IST">
          <reporter-output>
          </reporter-output>
        </test-method> <!-- teardown -->
      </class> <!-- Mccm.Pega.Calc.NBA.StartOffer.PegaTest.PegaPreChkValidCalcNBACampCdTest -->
    </test> <!-- Pega CalcNBAandStartOfferFlow PegaMarket NBAOF Event Regression Test -->
    <test name="Pega CalcNBAandStartOfferFlow API Call Regression Test" duration-ms="2324" started-at="2021-06-14T16:01:06 IST" finished-at="2021-06-14T16:01:08 IST">
      <class name="Mccm.Pega.Calc.NBA.StartOffer.PegaTest.APICallCalcNBAStOffFlowMobBanTest">
        <test-method status="PASS" signature="VerifyCalcNBAandStartOfferFlowMobileBanAPIcallSuccessfully()[pri:0, instance:Mccm.Pega.Calc.NBA.StartOffer.PegaTest.APICallCalcNBAStOffFlowMobBanTest@481a15ff]" name="VerifyCalcNBAandStartOfferFlowMobileBanAPIcallSuccessfully" duration-ms="2318" started-at="2021-06-14T16:01:06 IST" finished-at="2021-06-14T16:01:08 IST">
          <reporter-output>
          </reporter-output>
        </test-method> <!-- VerifyCalcNBAandStartOfferFlowMobileBanAPIcallSuccessfully -->
      </class> <!-- Mccm.Pega.Calc.NBA.StartOffer.PegaTest.APICallCalcNBAStOffFlowMobBanTest -->
    </test> <!-- Pega CalcNBAandStartOfferFlow API Call Regression Test -->
    <test name="Pega CalcNBAandStartOfferFlow API Call Validation Regression Test" duration-ms="123239" started-at="2021-06-14T16:01:08 IST" finished-at="2021-06-14T16:03:12 IST">
      <class name="Mccm.Pega.Calc.NBA.StartOffer.PegaTest.PegaCalcNBAAPIVldtMOBBANTest">
        <test-method status="PASS" signature="setup()[pri:0, instance:Mccm.Pega.Calc.NBA.StartOffer.PegaTest.PegaCalcNBAAPIVldtMOBBANTest@2641e737]" name="setup" is-config="true" duration-ms="12137" started-at="2021-06-14T16:01:08 IST" finished-at="2021-06-14T16:01:21 IST">
          <reporter-output>
          </reporter-output>
        </test-method> <!-- setup -->
        <test-method status="PASS" signature="VerifyPegaCalcNBAandStartOffAPIVldtTestSuccessfully()[pri:1, instance:Mccm.Pega.Calc.NBA.StartOffer.PegaTest.PegaCalcNBAAPIVldtMOBBANTest@2641e737]" name="VerifyPegaCalcNBAandStartOffAPIVldtTestSuccessfully" duration-ms="111094" started-at="2021-06-14T16:01:21 IST" finished-at="2021-06-14T16:03:12 IST">
          <reporter-output>
          </reporter-output>
        </test-method> <!-- VerifyPegaCalcNBAandStartOffAPIVldtTestSuccessfully -->
        <test-method status="PASS" signature="teardown()[pri:0, instance:Mccm.Pega.Calc.NBA.StartOffer.PegaTest.PegaCalcNBAAPIVldtMOBBANTest@2641e737]" name="teardown" is-config="true" duration-ms="0" started-at="2021-06-14T16:03:12 IST" finished-at="2021-06-14T16:03:12 IST">
          <reporter-output>
          </reporter-output>
        </test-method> <!-- teardown -->
      </class> <!-- Mccm.Pega.Calc.NBA.StartOffer.PegaTest.PegaCalcNBAAPIVldtMOBBANTest -->
    </test> <!-- Pega CalcNBAandStartOfferFlow API Call Validation Regression Test -->
  </suite> <!-- Mccm CalcNBAandStartOfferFlow Automation Regression Suite -->
</testng-results>
