<?xml version="1.0" encoding="UTF-8"?>
<testng-results skipped="0" failed="0" ignored="0" total="1" passed="1">
  <reporter-output>
  </reporter-output>
  <suite name="Default suite" duration-ms="277664" started-at="2020-10-19T20:49:55 IST" finished-at="2020-10-19T20:54:32 IST">
    <groups>
    </groups>
    <test name="Default test" duration-ms="277664" started-at="2020-10-19T20:49:55 IST" finished-at="2020-10-19T20:54:32 IST">
      <class name="Mccm.Unix.Outbound.App_Unix_Outbound_Test">
        <test-method status="PASS" signature="VerifyDBDataLoadedSuccessfully()[pri:0, instance:Mccm.Unix.Outbound.App_Unix_Outbound_Test@6a1aab78]" name="VerifyDBDataLoadedSuccessfully" duration-ms="277608" started-at="2020-10-19T20:49:55 IST" finished-at="2020-10-19T20:54:32 IST">
          <reporter-output>
          </reporter-output>
        </test-method> <!-- VerifyDBDataLoadedSuccessfully -->
      </class> <!-- Mccm.Unix.Outbound.App_Unix_Outbound_Test -->
    </test> <!-- Default test -->
  </suite> <!-- Default suite -->
</testng-results>
