<?xml version="1.0" encoding="UTF-8"?>
<testng-results skipped="0" failed="1" ignored="0" total="1" passed="0">
  <reporter-output>
  </reporter-output>
  <suite name="Default suite" duration-ms="36894" started-at="2021-02-09T19:51:43 IST" finished-at="2021-02-09T19:52:20 IST">
    <groups>
    </groups>
    <test name="Default test" duration-ms="36894" started-at="2021-02-09T19:51:43 IST" finished-at="2021-02-09T19:52:20 IST">
      <class name="Mccm.Pega.Inbound.PegaTest.PegamarktIntrctnHistoryTest">
        <test-method status="PASS" signature="setup()[pri:0, instance:Mccm.Pega.Inbound.PegaTest.PegamarktIntrctnHistoryTest@23fe1d71]" name="setup" is-config="true" duration-ms="13516" started-at="2021-02-09T19:51:43 IST" finished-at="2021-02-09T19:51:57 IST">
          <reporter-output>
          </reporter-output>
        </test-method> <!-- setup -->
        <test-method status="FAIL" signature="VerifyIntractionHistoryRunSuccessfully()[pri:1, instance:Mccm.Pega.Inbound.PegaTest.PegamarktIntrctnHistoryTest@23fe1d71]" name="VerifyIntractionHistoryRunSuccessfully" duration-ms="22522" started-at="2021-02-09T19:51:57 IST" finished-at="2021-02-09T19:52:19 IST">
          <exception class="java.lang.AssertionError">
            <message>
              <![CDATA[expected [true] but found [false]]]>
            </message>
            <full-stacktrace>
              <![CDATA[java.lang.AssertionError: expected [true] but found [false]
at org.testng.Assert.fail(Assert.java:97)
at org.testng.Assert.failNotEquals(Assert.java:968)
at org.testng.Assert.assertTrue(Assert.java:43)
at org.testng.Assert.assertTrue(Assert.java:53)
at Mccm.Pega.Inbound.PegaMain.PegaMarketIntrctnHistry.InboundValidation(PegaMarketIntrctnHistry.java:133)
at Mccm.Pega.Inbound.PegaTest.PegamarktIntrctnHistoryTest.VerifyIntractionHistoryRunSuccessfully(PegamarktIntrctnHistoryTest.java:54)
at sun.reflect.NativeMethodAccessorImpl.invoke0(Native Method)
at sun.reflect.NativeMethodAccessorImpl.invoke(NativeMethodAccessorImpl.java:62)
at sun.reflect.DelegatingMethodAccessorImpl.invoke(DelegatingMethodAccessorImpl.java:43)
at java.lang.reflect.Method.invoke(Method.java:498)
at org.testng.internal.MethodInvocationHelper.invokeMethod(MethodInvocationHelper.java:135)
at org.testng.internal.TestInvoker.invokeMethod(TestInvoker.java:598)
at org.testng.internal.TestInvoker.invokeTestMethod(TestInvoker.java:174)
at org.testng.internal.MethodRunner.runInSequence(MethodRunner.java:46)
at org.testng.internal.TestInvoker$MethodInvocationAgent.invoke(TestInvoker.java:821)
at org.testng.internal.TestInvoker.invokeTestMethods(TestInvoker.java:147)
at org.testng.internal.TestMethodWorker.invokeTestMethods(TestMethodWorker.java:146)
at org.testng.internal.TestMethodWorker.run(TestMethodWorker.java:128)
at java.util.ArrayList.forEach(ArrayList.java:1257)
at org.testng.TestRunner.privateRun(TestRunner.java:767)
at org.testng.TestRunner.run(TestRunner.java:588)
at org.testng.SuiteRunner.runTest(SuiteRunner.java:384)
at org.testng.SuiteRunner.runSequentially(SuiteRunner.java:378)
at org.testng.SuiteRunner.privateRun(SuiteRunner.java:337)
at org.testng.SuiteRunner.run(SuiteRunner.java:286)
at org.testng.SuiteRunnerWorker.runSuite(SuiteRunnerWorker.java:53)
at org.testng.SuiteRunnerWorker.run(SuiteRunnerWorker.java:96)
at org.testng.TestNG.runSuitesSequentially(TestNG.java:1214)
at org.testng.TestNG.runSuitesLocally(TestNG.java:1136)
at org.testng.TestNG.runSuites(TestNG.java:1066)
at org.testng.TestNG.run(TestNG.java:1034)
at org.testng.remote.AbstractRemoteTestNG.run(AbstractRemoteTestNG.java:115)
at org.testng.remote.RemoteTestNG.initAndRun(RemoteTestNG.java:251)
at org.testng.remote.RemoteTestNG.main(RemoteTestNG.java:77)
]]>
            </full-stacktrace>
          </exception> <!-- java.lang.AssertionError -->
          <reporter-output>
          </reporter-output>
        </test-method> <!-- VerifyIntractionHistoryRunSuccessfully -->
        <test-method status="PASS" signature="teardown()[pri:0, instance:Mccm.Pega.Inbound.PegaTest.PegamarktIntrctnHistoryTest@23fe1d71]" name="teardown" is-config="true" duration-ms="825" started-at="2021-02-09T19:52:19 IST" finished-at="2021-02-09T19:52:20 IST">
          <reporter-output>
          </reporter-output>
        </test-method> <!-- teardown -->
      </class> <!-- Mccm.Pega.Inbound.PegaTest.PegamarktIntrctnHistoryTest -->
    </test> <!-- Default test -->
  </suite> <!-- Default suite -->
</testng-results>
