<?xml version="1.0" encoding="UTF-8"?>
<testng-results skipped="0" failed="0" ignored="0" total="1" passed="1">
  <reporter-output>
  </reporter-output>
  <suite name="Default suite" duration-ms="240066" started-at="2021-04-30T16:14:14 IST" finished-at="2021-04-30T16:18:14 IST">
    <groups>
    </groups>
    <test name="Default test" duration-ms="240066" started-at="2021-04-30T16:14:14 IST" finished-at="2021-04-30T16:18:14 IST">
      <class name="Mccm.Unix.Outbound.App_Unix_Outbound_Test">
        <test-method status="PASS" signature="VerifyOutboundDBDataLoadedSuccessfully()[pri:0, instance:Mccm.Unix.Outbound.App_Unix_Outbound_Test@569cfc36]" name="VerifyOutboundDBDataLoadedSuccessfully" duration-ms="239999" started-at="2021-04-30T16:14:14 IST" finished-at="2021-04-30T16:18:14 IST">
          <reporter-output>
          </reporter-output>
        </test-method> <!-- VerifyOutboundDBDataLoadedSuccessfully -->
      </class> <!-- Mccm.Unix.Outbound.App_Unix_Outbound_Test -->
    </test> <!-- Default test -->
  </suite> <!-- Default suite -->
</testng-results>
