<?xml version="1.0" encoding="UTF-8"?>
<testng-results ignored="0" total="23" passed="23" failed="0" skipped="0">
  <reporter-output>
  </reporter-output>
  <suite started-at="2021-07-15T14:10:01 IST" name="Mccm OSF Automation Regression Suite" finished-at="2021-07-15T14:29:08 IST" duration-ms="1146469">
    <groups>
    </groups>
    <test started-at="2021-07-15T14:10:01 IST" name="Pega OSF DSS Regression Test" finished-at="2021-07-15T14:20:37 IST" duration-ms="635830">
      <class name="Mccm.Pega.OSF.PegaTest.PegaOSFDMCCMSettingTest">
        <test-method is-config="true" signature="setup()[pri:0, instance:Mccm.Pega.OSF.PegaTest.PegaOSFDMCCMSettingTest@2c3dec30]" started-at="2021-07-15T14:10:01 IST" name="setup" finished-at="2021-07-15T14:10:16 IST" duration-ms="14973" status="PASS">
          <reporter-output>
          </reporter-output>
        </test-method> <!-- setup -->
        <test-method signature="VerifyOSFDynamicSystemSettingRunSuccessfully()[pri:1, instance:Mccm.Pega.OSF.PegaTest.PegaOSFDMCCMSettingTest@2c3dec30]" started-at="2021-07-15T14:10:16 IST" name="VerifyOSFDynamicSystemSettingRunSuccessfully" finished-at="2021-07-15T14:20:36 IST" duration-ms="620037" status="PASS">
          <reporter-output>
          </reporter-output>
        </test-method> <!-- VerifyOSFDynamicSystemSettingRunSuccessfully -->
        <test-method is-config="true" signature="teardown()[pri:0, instance:Mccm.Pega.OSF.PegaTest.PegaOSFDMCCMSettingTest@2c3dec30]" started-at="2021-07-15T14:20:36 IST" name="teardown" finished-at="2021-07-15T14:20:37 IST" duration-ms="783" status="PASS">
          <reporter-output>
          </reporter-output>
        </test-method> <!-- teardown -->
      </class> <!-- Mccm.Pega.OSF.PegaTest.PegaOSFDMCCMSettingTest -->
    </test> <!-- Pega OSF DSS Regression Test -->
    <test started-at="2021-07-15T14:20:37 IST" name="Pega OSF GETNBA API Call Regression Test" finished-at="2021-07-15T14:22:38 IST" duration-ms="120404">
      <class name="Mccm.Pega.OSF.PegaTest.PegaOSFOutcomeGETNBAAPIVldTest">
        <test-method is-config="true" signature="setup()[pri:0, instance:Mccm.Pega.OSF.PegaTest.PegaOSFOutcomeGETNBAAPIVldTest@5ab14cb9]" started-at="2021-07-15T14:20:40 IST" name="setup" finished-at="2021-07-15T14:20:45 IST" duration-ms="4992" status="PASS">
          <reporter-output>
          </reporter-output>
        </test-method> <!-- setup -->
        <test-method signature="VerifyOSFGETNBAAPIValidationRunSuccessfully()[pri:1, instance:Mccm.Pega.OSF.PegaTest.PegaOSFOutcomeGETNBAAPIVldTest@5ab14cb9]" started-at="2021-07-15T14:20:45 IST" name="VerifyOSFGETNBAAPIValidationRunSuccessfully" finished-at="2021-07-15T14:22:37 IST" duration-ms="112653" status="PASS">
          <reporter-output>
          </reporter-output>
        </test-method> <!-- VerifyOSFGETNBAAPIValidationRunSuccessfully -->
        <test-method is-config="true" signature="teardown()[pri:0, instance:Mccm.Pega.OSF.PegaTest.PegaOSFOutcomeGETNBAAPIVldTest@5ab14cb9]" started-at="2021-07-15T14:22:37 IST" name="teardown" finished-at="2021-07-15T14:22:38 IST" duration-ms="689" status="PASS">
          <reporter-output>
          </reporter-output>
        </test-method> <!-- teardown -->
      </class> <!-- Mccm.Pega.OSF.PegaTest.PegaOSFOutcomeGETNBAAPIVldTest -->
      <class name="Mccm.Pega.OSF.PegaTest.OSFAPICallGetNBATest">
        <test-method signature="VerifyOSFGetNBARestAPIcallSuccessfully()[pri:0, instance:Mccm.Pega.OSF.PegaTest.OSFAPICallGetNBATest@3f23a3a0]" started-at="2021-07-15T14:20:37 IST" name="VerifyOSFGetNBARestAPIcallSuccessfully" finished-at="2021-07-15T14:20:40 IST" duration-ms="2063" status="PASS">
          <reporter-output>
          </reporter-output>
        </test-method> <!-- VerifyOSFGetNBARestAPIcallSuccessfully -->
      </class> <!-- Mccm.Pega.OSF.PegaTest.OSFAPICallGetNBATest -->
    </test> <!-- Pega OSF GETNBA API Call Regression Test -->
    <test started-at="2021-07-15T14:22:38 IST" name="Pega OSF Process Feedback API Call Regression Test" finished-at="2021-07-15T14:26:38 IST" duration-ms="239859">
      <class name="Mccm.Pega.OSF.PegaTest.OSFAPICallProFdUpdOrdIDTest">
        <test-method signature="VerifyOSFProcessFeedBackUpdateOrderIDAPIcallSuccessfully()[pri:0, instance:Mccm.Pega.OSF.PegaTest.OSFAPICallProFdUpdOrdIDTest@2f94c4db]" started-at="2021-07-15T14:24:38 IST" name="VerifyOSFProcessFeedBackUpdateOrderIDAPIcallSuccessfully" finished-at="2021-07-15T14:24:39 IST" duration-ms="1462" status="PASS">
          <reporter-output>
          </reporter-output>
        </test-method> <!-- VerifyOSFProcessFeedBackUpdateOrderIDAPIcallSuccessfully -->
      </class> <!-- Mccm.Pega.OSF.PegaTest.OSFAPICallProFdUpdOrdIDTest -->
      <class name="Mccm.Pega.OSF.PegaTest.PegaOSFOutcomeSaveOffAPIVldTest">
        <test-method is-config="true" signature="setup()[pri:0, instance:Mccm.Pega.OSF.PegaTest.PegaOSFOutcomeSaveOffAPIVldTest@3954d008]" started-at="2021-07-15T14:22:39 IST" name="setup" finished-at="2021-07-15T14:22:45 IST" duration-ms="5105" status="PASS">
          <reporter-output>
          </reporter-output>
        </test-method> <!-- setup -->
        <test-method signature="VerifyOSFOutcomeAPISaveOffValidationRunSuccessfully()[pri:1, instance:Mccm.Pega.OSF.PegaTest.PegaOSFOutcomeSaveOffAPIVldTest@3954d008]" started-at="2021-07-15T14:22:45 IST" name="VerifyOSFOutcomeAPISaveOffValidationRunSuccessfully" finished-at="2021-07-15T14:24:37 IST" duration-ms="112666" status="PASS">
          <reporter-output>
          </reporter-output>
        </test-method> <!-- VerifyOSFOutcomeAPISaveOffValidationRunSuccessfully -->
        <test-method is-config="true" signature="teardown()[pri:0, instance:Mccm.Pega.OSF.PegaTest.PegaOSFOutcomeSaveOffAPIVldTest@3954d008]" started-at="2021-07-15T14:24:37 IST" name="teardown" finished-at="2021-07-15T14:24:38 IST" duration-ms="689" status="PASS">
          <reporter-output>
          </reporter-output>
        </test-method> <!-- teardown -->
      </class> <!-- Mccm.Pega.OSF.PegaTest.PegaOSFOutcomeSaveOffAPIVldTest -->
      <class name="Mccm.Pega.OSF.PegaTest.PegaOSFOutcomeSubmitOrderAPIVldTest">
        <test-method is-config="true" signature="setup()[pri:0, instance:Mccm.Pega.OSF.PegaTest.PegaOSFOutcomeSubmitOrderAPIVldTest@593e824f]" started-at="2021-07-15T14:24:39 IST" name="setup" finished-at="2021-07-15T14:24:44 IST" duration-ms="5058" status="PASS">
          <reporter-output>
          </reporter-output>
        </test-method> <!-- setup -->
        <test-method signature="VerifyOSFOutcomeAPISubmitOrderValidationRunSuccessfully()[pri:1, instance:Mccm.Pega.OSF.PegaTest.PegaOSFOutcomeSubmitOrderAPIVldTest@593e824f]" started-at="2021-07-15T14:24:44 IST" name="VerifyOSFOutcomeAPISubmitOrderValidationRunSuccessfully" finished-at="2021-07-15T14:26:37 IST" duration-ms="112689" status="PASS">
          <reporter-output>
          </reporter-output>
        </test-method> <!-- VerifyOSFOutcomeAPISubmitOrderValidationRunSuccessfully -->
        <test-method is-config="true" signature="teardown()[pri:0, instance:Mccm.Pega.OSF.PegaTest.PegaOSFOutcomeSubmitOrderAPIVldTest@593e824f]" started-at="2021-07-15T14:26:37 IST" name="teardown" finished-at="2021-07-15T14:26:38 IST" duration-ms="701" status="PASS">
          <reporter-output>
          </reporter-output>
        </test-method> <!-- teardown -->
      </class> <!-- Mccm.Pega.OSF.PegaTest.PegaOSFOutcomeSubmitOrderAPIVldTest -->
      <class name="Mccm.Pega.OSF.PegaTest.OSFAPICallProFdUpdShpCrtIDTest">
        <test-method signature="VerifyOSFProcessFeedBackUpdateShoppingCartIDAPIcallSuccessfully()[pri:0, instance:Mccm.Pega.OSF.PegaTest.OSFAPICallProFdUpdShpCrtIDTest@591e58fa]" started-at="2021-07-15T14:22:38 IST" name="VerifyOSFProcessFeedBackUpdateShoppingCartIDAPIcallSuccessfully" finished-at="2021-07-15T14:22:39 IST" duration-ms="1479" status="PASS">
          <reporter-output>
          </reporter-output>
        </test-method> <!-- VerifyOSFProcessFeedBackUpdateShoppingCartIDAPIcallSuccessfully -->
      </class> <!-- Mccm.Pega.OSF.PegaTest.OSFAPICallProFdUpdShpCrtIDTest -->
    </test> <!-- Pega OSF Process Feedback API Call Regression Test -->
    <test started-at="2021-07-15T14:26:38 IST" name="Pega OSF Capture Response API Call Regression Test" finished-at="2021-07-15T14:28:59 IST" duration-ms="141623">
      <class name="Mccm.Pega.OSF.PegaTest.OSFAPICallCaptResponseTest">
        <test-method signature="VerifyOSFCaptureResponseOutcomeAPIcallSuccessfully()[pri:0, instance:Mccm.Pega.OSF.PegaTest.OSFAPICallCaptResponseTest@71c5b236]" started-at="2021-07-15T14:26:38 IST" name="VerifyOSFCaptureResponseOutcomeAPIcallSuccessfully" finished-at="2021-07-15T14:26:44 IST" duration-ms="6577" status="PASS">
          <reporter-output>
          </reporter-output>
        </test-method> <!-- VerifyOSFCaptureResponseOutcomeAPIcallSuccessfully -->
      </class> <!-- Mccm.Pega.OSF.PegaTest.OSFAPICallCaptResponseTest -->
      <class name="Mccm.Pega.OSF.PegaTest.PegaOSFOutcomeAcceptedAPIVldTest">
        <test-method is-config="true" signature="setup()[pri:0, instance:Mccm.Pega.OSF.PegaTest.PegaOSFOutcomeAcceptedAPIVldTest@2cab9998]" started-at="2021-07-15T14:26:44 IST" name="setup" finished-at="2021-07-15T14:27:06 IST" duration-ms="21654" status="PASS">
          <reporter-output>
          </reporter-output>
        </test-method> <!-- setup -->
        <test-method signature="VerifyOSFOutcomeAPIAcceptedValidationRunSuccessfully()[pri:1, instance:Mccm.Pega.OSF.PegaTest.PegaOSFOutcomeAcceptedAPIVldTest@2cab9998]" started-at="2021-07-15T14:27:06 IST" name="VerifyOSFOutcomeAPIAcceptedValidationRunSuccessfully" finished-at="2021-07-15T14:28:59 IST" duration-ms="112675" status="PASS">
          <reporter-output>
          </reporter-output>
        </test-method> <!-- VerifyOSFOutcomeAPIAcceptedValidationRunSuccessfully -->
        <test-method is-config="true" signature="teardown()[pri:0, instance:Mccm.Pega.OSF.PegaTest.PegaOSFOutcomeAcceptedAPIVldTest@2cab9998]" started-at="2021-07-15T14:28:59 IST" name="teardown" finished-at="2021-07-15T14:28:59 IST" duration-ms="713" status="PASS">
          <reporter-output>
          </reporter-output>
        </test-method> <!-- teardown -->
      </class> <!-- Mccm.Pega.OSF.PegaTest.PegaOSFOutcomeAcceptedAPIVldTest -->
    </test> <!-- Pega OSF Capture Response API Call Regression Test -->
    <test started-at="2021-07-15T14:29:00 IST" name="Pega OSF API calls For Error Scenarios Regression Test" finished-at="2021-07-15T14:29:06 IST" duration-ms="6656">
      <class name="Mccm.Pega.OSF.PegaTest.OSF_API_ErrorCasesTest">
        <test-method signature="VerifyOSFOutcomeAPIcallSuccessfully(java.lang.String, java.lang.String)[pri:0, instance:Mccm.Pega.OSF.PegaTest.OSF_API_ErrorCasesTest@21c64522]" started-at="2021-07-15T14:29:00 IST" name="VerifyOSFOutcomeAPIcallSuccessfully" data-provider="exceldata" finished-at="2021-07-15T14:29:01 IST" duration-ms="1505" status="PASS">
          <params>
            <param index="0">
              <value>
                <![CDATA[https://ukwtsvulx386.elabs.svcs.entsvcs.net:18576/prweb/PRRestService/MCCMOSF/Services/CaptureResponse ]]>
              </value>
            </param>
            <param index="1">
              <value>
                <![CDATA[{"CustomerID":"46189100","ContainerName":"OSF","Channel":"OSF","Direction":"Inbound","OriginAccount":{"AccountID":"1130541264","SubscriptionID":"GSM1821234581","SI":"MobileSubscr123"},"Name":"SG4","Issue":"Sales","Group":"Mobile","CampaignID":"P-12345","InteractionID":"-56033434234234255","Outcome":"Accepted","FeedbackCode":"Accepted","CommissionPoints":5,"VOID":"2343","NBAOfferID":"PAPs12344777"}]]>
              </value>
            </param>
          </params>
          <reporter-output>
          </reporter-output>
        </test-method> <!-- VerifyOSFOutcomeAPIcallSuccessfully -->
        <test-method signature="VerifyOSFOutcomeAPIcallSuccessfully(java.lang.String, java.lang.String)[pri:0, instance:Mccm.Pega.OSF.PegaTest.OSF_API_ErrorCasesTest@21c64522]" started-at="2021-07-15T14:29:01 IST" name="VerifyOSFOutcomeAPIcallSuccessfully" data-provider="exceldata" finished-at="2021-07-15T14:29:02 IST" duration-ms="500" status="PASS">
          <params>
            <param index="0">
              <value>
                <![CDATA[https://ukwtsvulx386.elabs.svcs.entsvcs.net:18576/prweb/PRRestService/MCCMOSF/Services/CaptureResponse ]]>
              </value>
            </param>
            <param index="1">
              <value>
                <![CDATA[{"CustomerID":"46189100","ContainerName":"OSF","Channel":"OSF","Direction":"Inbound","OriginAccount":{"AccountID":"","SubscriptionID":"GSM1821234581","SI":"MobileSubscr"},"Name":"SG4","Issue":"Sales","Group":"Mobile","CampaignID":"P-12345","InteractionID":"-56033434234234255","Outcome":"Accepted","FeedbackCode":"Accepted","CommissionPoints":5,"VOID":"2343","NBAOfferID":"PAPs12344777"}]]>
              </value>
            </param>
          </params>
          <reporter-output>
          </reporter-output>
        </test-method> <!-- VerifyOSFOutcomeAPIcallSuccessfully -->
        <test-method signature="VerifyOSFOutcomeAPIcallSuccessfully(java.lang.String, java.lang.String)[pri:0, instance:Mccm.Pega.OSF.PegaTest.OSF_API_ErrorCasesTest@21c64522]" started-at="2021-07-15T14:29:02 IST" name="VerifyOSFOutcomeAPIcallSuccessfully" data-provider="exceldata" finished-at="2021-07-15T14:29:02 IST" duration-ms="499" status="PASS">
          <params>
            <param index="0">
              <value>
                <![CDATA[https://ukwtsvulx386.elabs.svcs.entsvcs.net:18576/prweb/PRRestService/MCCMOSF/Services/CaptureResponse ]]>
              </value>
            </param>
            <param index="1">
              <value>
                <![CDATA[{"CustomerID":"46189100123","ContainerName":"OSF","Channel":"OSF","Direction":"Inbound","OriginAccount":{"AccountID":"1130541264","SubscriptionID":"GSM1821234581","SI":"MobileSubscr"},"Name":"SG4","Issue":"Sales","Group":"Mobile","CampaignID":"P-12345","InteractionID":"-56033434234234255","Outcome":"Accepted","FeedbackCode":"Accepted","CommissionPoints":5,"VOID":"2343","NBAOfferID":"PAPs12344777"}]]>
              </value>
            </param>
          </params>
          <reporter-output>
          </reporter-output>
        </test-method> <!-- VerifyOSFOutcomeAPIcallSuccessfully -->
        <test-method signature="VerifyOSFOutcomeAPIcallSuccessfully(java.lang.String, java.lang.String)[pri:0, instance:Mccm.Pega.OSF.PegaTest.OSF_API_ErrorCasesTest@21c64522]" started-at="2021-07-15T14:29:02 IST" name="VerifyOSFOutcomeAPIcallSuccessfully" data-provider="exceldata" finished-at="2021-07-15T14:29:03 IST" duration-ms="518" status="PASS">
          <params>
            <param index="0">
              <value>
                <![CDATA[https://ukwtsvulx386.elabs.svcs.entsvcs.net:18576/prweb/PRRestService/MCCMOSF/Services/CaptureResponse ]]>
              </value>
            </param>
            <param index="1">
              <value>
                <![CDATA[{"CustomerID":"","ContainerName":"OSF","Channel":"OSF","Direction":"Inbound","OriginAccount":{"AccountID":"1130541264","SubscriptionID":"GSM1821234581","SI":"MobileSubscr"},"Name":"SG4","Issue":"Sales","Group":"Mobile","CampaignID":"P-12345","InteractionID":"-56033434234234255","Outcome":"Accepted","FeedbackCode":"Accepted","CommissionPoints":5,"VOID":"2343","NBAOfferID":"PAPs12344777"}]]>
              </value>
            </param>
          </params>
          <reporter-output>
          </reporter-output>
        </test-method> <!-- VerifyOSFOutcomeAPIcallSuccessfully -->
        <test-method signature="VerifyOSFOutcomeAPIcallSuccessfully(java.lang.String, java.lang.String)[pri:0, instance:Mccm.Pega.OSF.PegaTest.OSF_API_ErrorCasesTest@21c64522]" started-at="2021-07-15T14:29:03 IST" name="VerifyOSFOutcomeAPIcallSuccessfully" data-provider="exceldata" finished-at="2021-07-15T14:29:03 IST" duration-ms="510" status="PASS">
          <params>
            <param index="0">
              <value>
                <![CDATA[https://ukwtsvulx386.elabs.svcs.entsvcs.net:18576/prweb/PRRestService/MCCMOSF/Services/ProcessFeedback ]]>
              </value>
            </param>
            <param index="1">
              <value>
                <![CDATA[{"OrderID":"7473","Outcome":"SaveOffer","RankedResults":[{"CustomerID":"46189100","ContainerName":"OSF","Channel":"OSF","Direction":"Inbound","OriginAccount":{"AccountID":"30541230","SI":"Cable"},"Name":"","Issue":"Sales","Group":"Cable","CampaignID":"P-12","InteractionID":"-56933434234234299","CommissionPoints":4,"VOID":"1000","NBAOfferID":"755"},{"CustomerID":"45189101","ContainerName":"OSF","Channel":"OSF","Direction":"Inbound","OriginAccount":{"AccountID":"13013430","SI":"Fixnet"},"Name":"SG4","Issue":"Sales","Group":"Cable","CampaignID":"P-987","InteractionID":"-46033434234234300","CommissionPoints":1,"VOID":"2272","NBAOfferID":"876"}]}]]>
              </value>
            </param>
          </params>
          <reporter-output>
          </reporter-output>
        </test-method> <!-- VerifyOSFOutcomeAPIcallSuccessfully -->
        <test-method signature="VerifyOSFOutcomeAPIcallSuccessfully(java.lang.String, java.lang.String)[pri:0, instance:Mccm.Pega.OSF.PegaTest.OSF_API_ErrorCasesTest@21c64522]" started-at="2021-07-15T14:29:03 IST" name="VerifyOSFOutcomeAPIcallSuccessfully" data-provider="exceldata" finished-at="2021-07-15T14:29:04 IST" duration-ms="498" status="PASS">
          <params>
            <param index="0">
              <value>
                <![CDATA[https://ukwtsvulx386.elabs.svcs.entsvcs.net:18576/prweb/PRRestService/MCCMOSF/Services/ProcessFeedback ]]>
              </value>
            </param>
            <param index="1">
              <value>
                <![CDATA[{"OrderID":"7473","Outcome":"SaveOffer","RankedResults":[{"CustomerID":"461891001234","ContainerName":"OSF","Channel":"OSF","Direction":"Inbound","OriginAccount":{"AccountID":"30541230","SI":"Cable"},"Name":"SG5","Issue":"Sales","Group":"Cable","CampaignID":"P-12","InteractionID":"-56933434234234299","CommissionPoints":4,"VOID":"1000","NBAOfferID":"755"},{"CustomerID":"45189101","ContainerName":"OSF","Channel":"OSF","Direction":"Inbound","OriginAccount":{"AccountID":"13013430","SI":"Fixnet"},"Name":"SG4","Issue":"Sales","Group":"Cable","CampaignID":"P-987","InteractionID":"-46033434234234300","CommissionPoints":1,"VOID":"2272","NBAOfferID":"876"}]}]]>
              </value>
            </param>
          </params>
          <reporter-output>
          </reporter-output>
        </test-method> <!-- VerifyOSFOutcomeAPIcallSuccessfully -->
        <test-method signature="VerifyOSFOutcomeAPIcallSuccessfully(java.lang.String, java.lang.String)[pri:0, instance:Mccm.Pega.OSF.PegaTest.OSF_API_ErrorCasesTest@21c64522]" started-at="2021-07-15T14:29:04 IST" name="VerifyOSFOutcomeAPIcallSuccessfully" data-provider="exceldata" finished-at="2021-07-15T14:29:04 IST" duration-ms="523" status="PASS">
          <params>
            <param index="0">
              <value>
                <![CDATA[https://ukwtsvulx386.elabs.svcs.entsvcs.net:18576/prweb/PRRestService/MCCMOSF/Services/GetNBA ]]>
              </value>
            </param>
            <param index="1">
              <value>
                <![CDATA[{"Accounts":[{"AccountID":"1130541259","SI":"MobileBAN"}],"VOID":"","SCClassification":"SCL","ContainerName":"OSF","Channel":"OSF","Direction":"Inbound"}]]>
              </value>
            </param>
          </params>
          <reporter-output>
          </reporter-output>
        </test-method> <!-- VerifyOSFOutcomeAPIcallSuccessfully -->
        <test-method signature="VerifyOSFOutcomeAPIcallSuccessfully(java.lang.String, java.lang.String)[pri:0, instance:Mccm.Pega.OSF.PegaTest.OSF_API_ErrorCasesTest@21c64522]" started-at="2021-07-15T14:29:04 IST" name="VerifyOSFOutcomeAPIcallSuccessfully" data-provider="exceldata" finished-at="2021-07-15T14:29:05 IST" duration-ms="488" status="PASS">
          <params>
            <param index="0">
              <value>
                <![CDATA[https://ukwtsvulx386.elabs.svcs.entsvcs.net:18576/prweb/PRRestService/MCCMOSF/Services/GetNBA ]]>
              </value>
            </param>
            <param index="1">
              <value>
                <![CDATA[{"Accounts":[{"AccountID":"","SI":"MobileBAN"}],"VOID":"12345678","SCClassification":"SCL","ContainerName":"OSF","Channel":"OSF","Direction":"Inbound"}]]>
              </value>
            </param>
          </params>
          <reporter-output>
          </reporter-output>
        </test-method> <!-- VerifyOSFOutcomeAPIcallSuccessfully -->
        <test-method signature="VerifyOSFOutcomeAPIcallSuccessfully(java.lang.String, java.lang.String)[pri:0, instance:Mccm.Pega.OSF.PegaTest.OSF_API_ErrorCasesTest@21c64522]" started-at="2021-07-15T14:29:05 IST" name="VerifyOSFOutcomeAPIcallSuccessfully" data-provider="exceldata" finished-at="2021-07-15T14:29:05 IST" duration-ms="501" status="PASS">
          <params>
            <param index="0">
              <value>
                <![CDATA[https://ukwtsvulx386.elabs.svcs.entsvcs.net:18576/prweb/PRRestService/MCCMOSF/Services/GetNBA ]]>
              </value>
            </param>
            <param index="1">
              <value>
                <![CDATA[{"Accounts":[{"AccountID":"1130541259","SI":"MobileBAN344"}],"VOID":"12345678","SCClassification":"SCL","ContainerName":"OSF","Channel":"OSF","Direction":"Inbound"}]]>
              </value>
            </param>
          </params>
          <reporter-output>
          </reporter-output>
        </test-method> <!-- VerifyOSFOutcomeAPIcallSuccessfully -->
        <test-method signature="VerifyOSFOutcomeAPIcallSuccessfully(java.lang.String, java.lang.String)[pri:0, instance:Mccm.Pega.OSF.PegaTest.OSF_API_ErrorCasesTest@21c64522]" started-at="2021-07-15T14:29:05 IST" name="VerifyOSFOutcomeAPIcallSuccessfully" data-provider="exceldata" finished-at="2021-07-15T14:29:06 IST" duration-ms="528" status="PASS">
          <params>
            <param index="0">
              <value>
                <![CDATA[https://ukwtsvulx386.elabs.svcs.entsvcs.net:18576/prweb/PRRestService/MCCMOSF/Services/GetNBA ]]>
              </value>
            </param>
            <param index="1">
              <value>
                <![CDATA[{"Accounts":[{"AccountID":"1130541259122","SI":"MobileBAN"}],"VOID":"12345678","SCClassification":"SCL","ContainerName":"OSF","Channel":"OSF","Direction":"Inbound"}]]>
              </value>
            </param>
          </params>
          <reporter-output>
          </reporter-output>
        </test-method> <!-- VerifyOSFOutcomeAPIcallSuccessfully -->
        <test-method signature="VerifyOSFOutcomeAPIcallSuccessfully(java.lang.String, java.lang.String)[pri:0, instance:Mccm.Pega.OSF.PegaTest.OSF_API_ErrorCasesTest@21c64522]" started-at="2021-07-15T14:29:06 IST" name="VerifyOSFOutcomeAPIcallSuccessfully" data-provider="exceldata" finished-at="2021-07-15T14:29:06 IST" duration-ms="490" status="PASS">
          <params>
            <param index="0">
              <value>
                <![CDATA[https://ukwtsvulx386.elabs.svcs.entsvcs.net:18576/prweb/PRRestService/MCCMOSF/Services/GetNBA ]]>
              </value>
            </param>
            <param index="1">
              <value>
                <![CDATA[{"":[{"AccountID":"1130541259122","SI":"MobileBAN"}],"VOID":"12345678","SCClassification":"SCL","ContainerName":"OSF","Channel":"OSF","Direction":"Inbound"}]]>
              </value>
            </param>
          </params>
          <reporter-output>
          </reporter-output>
        </test-method> <!-- VerifyOSFOutcomeAPIcallSuccessfully -->
      </class> <!-- Mccm.Pega.OSF.PegaTest.OSF_API_ErrorCasesTest -->
    </test> <!-- Pega OSF API calls For Error Scenarios Regression Test -->
    <test started-at="2021-07-15T14:29:06 IST" name="Pega OSF API call For Error case- invalid headers" finished-at="2021-07-15T14:29:08 IST" duration-ms="1549">
      <class name="Mccm.Pega.OSF.PegaTest.OSF_API_InvalidHeaders_ErrorCasesTest">
        <test-method signature="VerifyOSFOutcomeAPIcallSuccessfully(java.lang.String, java.lang.String)[pri:0, instance:Mccm.Pega.OSF.PegaTest.OSF_API_InvalidHeaders_ErrorCasesTest@4a8ab068]" started-at="2021-07-15T14:29:06 IST" name="VerifyOSFOutcomeAPIcallSuccessfully" data-provider="invalidheader_data" finished-at="2021-07-15T14:29:07 IST" duration-ms="517" status="PASS">
          <params>
            <param index="0">
              <value>
                <![CDATA[https://ukwtsvulx386.elabs.svcs.entsvcs.net:18576/prweb/PRRestService/MCCMOSF/Services/CaptureResponse ]]>
              </value>
            </param>
            <param index="1">
              <value>
                <![CDATA[{"CustomerID":"46189100","ContainerName":"OSF","Channel":"OSF","Direction":"Inbound","OriginAccount":{"AccountID":"1130541264","SubscriptionID":"GSM1821234581","SI":"MobileSubscr123"},"Name":"SG4","Issue":"Sales","Group":"Mobile","CampaignID":"P-12345","InteractionID":"-56033434234234255","Outcome":"Accepted","FeedbackCode":"Accepted","CommissionPoints":5,"VOID":"2343","NBAOfferID":"PAPs12344777"}]]>
              </value>
            </param>
          </params>
          <reporter-output>
          </reporter-output>
        </test-method> <!-- VerifyOSFOutcomeAPIcallSuccessfully -->
        <test-method signature="VerifyOSFOutcomeAPIcallSuccessfully(java.lang.String, java.lang.String)[pri:0, instance:Mccm.Pega.OSF.PegaTest.OSF_API_InvalidHeaders_ErrorCasesTest@4a8ab068]" started-at="2021-07-15T14:29:07 IST" name="VerifyOSFOutcomeAPIcallSuccessfully" data-provider="invalidheader_data" finished-at="2021-07-15T14:29:07 IST" duration-ms="523" status="PASS">
          <params>
            <param index="0">
              <value>
                <![CDATA[https://ukwtsvulx386.elabs.svcs.entsvcs.net:18576/prweb/PRRestService/MCCMOSF/Services/ProcessFeedback ]]>
              </value>
            </param>
            <param index="1">
              <value>
                <![CDATA[{"OrderID":"7473","Outcome":"SaveOffer","RankedResults":[{"CustomerID":"46189100","ContainerName":"OSF","Channel":"OSF","Direction":"Inbound","OriginAccount":{"AccountID":"30541230","SI":"Cable"},"Name":"","Issue":"Sales","Group":"Cable","CampaignID":"P-12","InteractionID":"-56933434234234299","CommissionPoints":4,"VOID":"1000","NBAOfferID":"755"},{"CustomerID":"46189101","ContainerName":"OSF","Channel":"OSF","Direction":"Inbound","OriginAccount":{"AccountID":"13013430","SI":"Fixnet"},"Name":"SG4","Issue":"Sales","Group":"Cable","CampaignID":"P-987","InteractionID":"-46033434234234300","CommissionPoints":1,"VOID":"2272","NBAOfferID":"876"}]}]]>
              </value>
            </param>
          </params>
          <reporter-output>
          </reporter-output>
        </test-method> <!-- VerifyOSFOutcomeAPIcallSuccessfully -->
        <test-method signature="VerifyOSFOutcomeAPIcallSuccessfully(java.lang.String, java.lang.String)[pri:0, instance:Mccm.Pega.OSF.PegaTest.OSF_API_InvalidHeaders_ErrorCasesTest@4a8ab068]" started-at="2021-07-15T14:29:07 IST" name="VerifyOSFOutcomeAPIcallSuccessfully" data-provider="invalidheader_data" finished-at="2021-07-15T14:29:08 IST" duration-ms="495" status="PASS">
          <params>
            <param index="0">
              <value>
                <![CDATA[https://ukwtsvulx386.elabs.svcs.entsvcs.net:18576/prweb/PRRestService/MCCMOSF/Services/GetNBA ]]>
              </value>
            </param>
            <param index="1">
              <value>
                <![CDATA[{"Accounts":[{"AccountID":"1130541259","SI":"MobileBAN"}],"VOID":"","SCClassification":"SCL","ContainerName":"OSF","Channel":"OSF","Direction":"Inbound"}]]>
              </value>
            </param>
          </params>
          <reporter-output>
          </reporter-output>
        </test-method> <!-- VerifyOSFOutcomeAPIcallSuccessfully -->
      </class> <!-- Mccm.Pega.OSF.PegaTest.OSF_API_InvalidHeaders_ErrorCasesTest -->
    </test> <!-- Pega OSF API call For Error case- invalid headers -->
  </suite> <!-- Mccm OSF Automation Regression Suite -->
</testng-results>
