<?xml version="1.0" encoding="UTF-8"?>
<testng-results skipped="0" failed="1" ignored="0" total="1" passed="0">
  <reporter-output>
  </reporter-output>
  <suite name="Default suite" duration-ms="254109" started-at="2020-12-01T13:41:42 IST" finished-at="2020-12-01T13:45:56 IST">
    <groups>
    </groups>
    <test name="Default test" duration-ms="254109" started-at="2020-12-01T13:41:42 IST" finished-at="2020-12-01T13:45:56 IST">
      <class name="Mccm.Pega.Outbound.PegaTest.DBConfigValdtnTest">
        <test-method status="PASS" signature="setup()[pri:0, instance:Mccm.Pega.Outbound.PegaTest.DBConfigValdtnTest@43bd930a]" name="setup" is-config="true" duration-ms="34077" started-at="2020-12-01T13:41:42 IST" finished-at="2020-12-01T13:42:16 IST">
          <reporter-output>
          </reporter-output>
        </test-method> <!-- setup -->
        <test-method status="FAIL" signature="VerifyDBConfigurationCampRunidValidationSuccessfully()[pri:1, instance:Mccm.Pega.Outbound.PegaTest.DBConfigValdtnTest@43bd930a]" name="VerifyDBConfigurationCampRunidValidationSuccessfully" duration-ms="219967" started-at="2020-12-01T13:42:16 IST" finished-at="2020-12-01T13:45:56 IST">
          <exception class="java.lang.AssertionError">
            <message>
              <![CDATA[expected [PR-14894] but found [PR-14930]]]>
            </message>
            <full-stacktrace>
              <![CDATA[java.lang.AssertionError: expected [PR-14894] but found [PR-14930]
at org.testng.Assert.fail(Assert.java:97)
at org.testng.Assert.assertEqualsImpl(Assert.java:136)
at org.testng.Assert.assertEquals(Assert.java:118)
at org.testng.Assert.assertEquals(Assert.java:575)
at org.testng.Assert.assertEquals(Assert.java:585)
at Mccm.Pega.Outbound.PegaMain.DBConfigValdtn.CampRunidValidation(DBConfigValdtn.java:175)
at Mccm.Pega.Outbound.PegaTest.DBConfigValdtnTest.VerifyDBConfigurationCampRunidValidationSuccessfully(DBConfigValdtnTest.java:52)
at sun.reflect.NativeMethodAccessorImpl.invoke0(Native Method)
at sun.reflect.NativeMethodAccessorImpl.invoke(NativeMethodAccessorImpl.java:62)
at sun.reflect.DelegatingMethodAccessorImpl.invoke(DelegatingMethodAccessorImpl.java:43)
at java.lang.reflect.Method.invoke(Method.java:498)
at org.testng.internal.MethodInvocationHelper.invokeMethod(MethodInvocationHelper.java:135)
at org.testng.internal.TestInvoker.invokeMethod(TestInvoker.java:598)
at org.testng.internal.TestInvoker.invokeTestMethod(TestInvoker.java:174)
at org.testng.internal.MethodRunner.runInSequence(MethodRunner.java:46)
at org.testng.internal.TestInvoker$MethodInvocationAgent.invoke(TestInvoker.java:821)
at org.testng.internal.TestInvoker.invokeTestMethods(TestInvoker.java:147)
at org.testng.internal.TestMethodWorker.invokeTestMethods(TestMethodWorker.java:146)
at org.testng.internal.TestMethodWorker.run(TestMethodWorker.java:128)
at java.util.ArrayList.forEach(ArrayList.java:1257)
at org.testng.TestRunner.privateRun(TestRunner.java:767)
at org.testng.TestRunner.run(TestRunner.java:588)
at org.testng.SuiteRunner.runTest(SuiteRunner.java:384)
at org.testng.SuiteRunner.runSequentially(SuiteRunner.java:378)
at org.testng.SuiteRunner.privateRun(SuiteRunner.java:337)
at org.testng.SuiteRunner.run(SuiteRunner.java:286)
at org.testng.SuiteRunnerWorker.runSuite(SuiteRunnerWorker.java:53)
at org.testng.SuiteRunnerWorker.run(SuiteRunnerWorker.java:96)
at org.testng.TestNG.runSuitesSequentially(TestNG.java:1214)
at org.testng.TestNG.runSuitesLocally(TestNG.java:1136)
at org.testng.TestNG.runSuites(TestNG.java:1066)
at org.testng.TestNG.run(TestNG.java:1034)
at org.testng.remote.AbstractRemoteTestNG.run(AbstractRemoteTestNG.java:115)
at org.testng.remote.RemoteTestNG.initAndRun(RemoteTestNG.java:251)
at org.testng.remote.RemoteTestNG.main(RemoteTestNG.java:77)
]]>
            </full-stacktrace>
          </exception> <!-- java.lang.AssertionError -->
          <reporter-output>
          </reporter-output>
        </test-method> <!-- VerifyDBConfigurationCampRunidValidationSuccessfully -->
        <test-method status="PASS" signature="teardown()[pri:0, instance:Mccm.Pega.Outbound.PegaTest.DBConfigValdtnTest@43bd930a]" name="teardown" is-config="true" duration-ms="10" started-at="2020-12-01T13:45:56 IST" finished-at="2020-12-01T13:45:56 IST">
          <reporter-output>
          </reporter-output>
        </test-method> <!-- teardown -->
      </class> <!-- Mccm.Pega.Outbound.PegaTest.DBConfigValdtnTest -->
    </test> <!-- Default test -->
  </suite> <!-- Default suite -->
</testng-results>
