<?xml version="1.0" encoding="UTF-8"?>
<!-- Generated by org.testng.reporters.JUnitXMLReporter -->
<testsuite hostname="INSGH045PMS0" ignored="0" name="Pega Generated Extract Channel File Regression Test" tests="1" failures="0" timestamp="2020-10-13T18:29:51 IST" time="198.228" errors="0">
  <testcase name="VerifyExtractChannelFileCheckSuccessfully" time="154.136" classname="Mccm.Pega.Outbound.PegaTest.ExtractChannelFileTest"/>
</testsuite> <!-- Pega Generated Extract Channel File Regression Test -->
